INFO - 2024-09-06 05:32:10 --> Session: Class initialized using 'CodeIgniter\Session\Handlers\FileHandler' driver.
INFO - 2024-09-06 05:32:13 --> Session: Class initialized using 'CodeIgniter\Session\Handlers\FileHandler' driver.
INFO - 2024-09-06 05:32:13 --> Session: Class initialized using 'CodeIgniter\Session\Handlers\FileHandler' driver.
INFO - 2024-09-06 05:33:46 --> Session: Class initialized using 'CodeIgniter\Session\Handlers\FileHandler' driver.
INFO - 2024-09-06 05:33:46 --> Session: Class initialized using 'CodeIgniter\Session\Handlers\FileHandler' driver.
INFO - 2024-09-06 05:33:57 --> Session: Class initialized using 'CodeIgniter\Session\Handlers\FileHandler' driver.
INFO - 2024-09-06 05:33:57 --> Session: Class initialized using 'CodeIgniter\Session\Handlers\FileHandler' driver.
INFO - 2024-09-06 05:34:04 --> Session: Class initialized using 'CodeIgniter\Session\Handlers\FileHandler' driver.
INFO - 2024-09-06 05:34:16 --> Session: Class initialized using 'CodeIgniter\Session\Handlers\FileHandler' driver.
INFO - 2024-09-06 05:43:31 --> Session: Class initialized using 'CodeIgniter\Session\Handlers\FileHandler' driver.
ERROR - 2024-09-06 05:43:31 --> mysqli_sql_exception: Table 'moj_d.job_listings' doesn't exist in C:\xampp\htdocs\mojd\vendor\codeigniter4\framework\system\Database\MySQLi\Connection.php:306
Stack trace:
#0 C:\xampp\htdocs\mojd\vendor\codeigniter4\framework\system\Database\MySQLi\Connection.php(306): mysqli->query('SELECT `job_lis...', 0)
#1 C:\xampp\htdocs\mojd\vendor\codeigniter4\framework\system\Database\BaseConnection.php(693): CodeIgniter\Database\MySQLi\Connection->execute('SELECT `job_lis...')
#2 C:\xampp\htdocs\mojd\vendor\codeigniter4\framework\system\Database\BaseConnection.php(607): CodeIgniter\Database\BaseConnection->simpleQuery('SELECT `job_lis...')
#3 C:\xampp\htdocs\mojd\vendor\codeigniter4\framework\system\Database\BaseBuilder.php(1616): CodeIgniter\Database\BaseConnection->query('SELECT `job_lis...', Array, false)
#4 C:\xampp\htdocs\mojd\app\Models\JobModel.php(55): CodeIgniter\Database\BaseBuilder->get()
#5 C:\xampp\htdocs\mojd\app\Controllers\Admin\Jobs\Jobs.php(37): App\Models\JobModel->getallJobData()
#6 C:\xampp\htdocs\mojd\vendor\codeigniter4\framework\system\CodeIgniter.php(943): App\Controllers\Admin\Jobs\Jobs->listAllJobs('b9ece148e70b2c1...')
#7 C:\xampp\htdocs\mojd\vendor\codeigniter4\framework\system\CodeIgniter.php(503): CodeIgniter\CodeIgniter->runController(Object(App\Controllers\Admin\Jobs\Jobs))
#8 C:\xampp\htdocs\mojd\vendor\codeigniter4\framework\system\CodeIgniter.php(361): CodeIgniter\CodeIgniter->handleRequest(NULL, Object(Config\Cache), false)
#9 C:\xampp\htdocs\mojd\public\index.php(79): CodeIgniter\CodeIgniter->run()
#10 C:\xampp\htdocs\mojd\vendor\codeigniter4\framework\system\Commands\Server\rewrite.php(47): require_once('C:\\xampp\\htdocs...')
#11 {main}
CRITICAL - 2024-09-06 05:43:31 --> CodeIgniter\Database\Exceptions\DatabaseException: Table 'moj_d.job_listings' doesn't exist
in SYSTEMPATH\Database\BaseConnection.php on line 647.
 1 SYSTEMPATH\Database\BaseBuilder.php(1616): CodeIgniter\Database\BaseConnection->query('SELECT `job_listings`.*, `hoteliers`.`name`, `hoteliers`.`address`, `hoteliers`.`city`, `hoteliers`.`state`, `hoteliers`.`pin_code`, `hoteliers`.`address`
FROM `job_listings`
JOIN `hoteliers` ON `hoteliers`.`user_id` = `job_listings`.`hotelier_id`', [], false)
 2 APPPATH\Models\JobModel.php(55): CodeIgniter\Database\BaseBuilder->get()
 3 APPPATH\Controllers\Admin\Jobs\Jobs.php(37): App\Models\JobModel->getallJobData()
 4 SYSTEMPATH\CodeIgniter.php(943): App\Controllers\Admin\Jobs\Jobs->listAllJobs('b9ece148e70b2c1e988e6459794f7566')
 5 SYSTEMPATH\CodeIgniter.php(503): CodeIgniter\CodeIgniter->runController(Object(App\Controllers\Admin\Jobs\Jobs))
 6 SYSTEMPATH\CodeIgniter.php(361): CodeIgniter\CodeIgniter->handleRequest(null, Object(Config\Cache), false)
 7 FCPATH\index.php(79): CodeIgniter\CodeIgniter->run()
 8 SYSTEMPATH\Commands\Server\rewrite.php(47): require_once('C:\\xampp\\htdocs\\mojd\\public\\index.php')
CRITICAL - 2024-09-06 05:43:31 --> [Caused by] CodeIgniter\Database\Exceptions\DatabaseException: Table 'moj_d.job_listings' doesn't exist
in SYSTEMPATH\Database\MySQLi\Connection.php on line 311.
 1 SYSTEMPATH\Database\BaseConnection.php(693): CodeIgniter\Database\MySQLi\Connection->execute('SELECT `job_listings`.*, `hoteliers`.`name`, `hoteliers`.`address`, `hoteliers`.`city`, `hoteliers`.`state`, `hoteliers`.`pin_code`, `hoteliers`.`address`
FROM `job_listings`
JOIN `hoteliers` ON `hoteliers`.`user_id` = `job_listings`.`hotelier_id`')
 2 SYSTEMPATH\Database\BaseConnection.php(607): CodeIgniter\Database\BaseConnection->simpleQuery('SELECT `job_listings`.*, `hoteliers`.`name`, `hoteliers`.`address`, `hoteliers`.`city`, `hoteliers`.`state`, `hoteliers`.`pin_code`, `hoteliers`.`address`
FROM `job_listings`
JOIN `hoteliers` ON `hoteliers`.`user_id` = `job_listings`.`hotelier_id`')
 3 SYSTEMPATH\Database\BaseBuilder.php(1616): CodeIgniter\Database\BaseConnection->query('SELECT `job_listings`.*, `hoteliers`.`name`, `hoteliers`.`address`, `hoteliers`.`city`, `hoteliers`.`state`, `hoteliers`.`pin_code`, `hoteliers`.`address`
FROM `job_listings`
JOIN `hoteliers` ON `hoteliers`.`user_id` = `job_listings`.`hotelier_id`', [], false)
 4 APPPATH\Models\JobModel.php(55): CodeIgniter\Database\BaseBuilder->get()
 5 APPPATH\Controllers\Admin\Jobs\Jobs.php(37): App\Models\JobModel->getallJobData()
 6 SYSTEMPATH\CodeIgniter.php(943): App\Controllers\Admin\Jobs\Jobs->listAllJobs('b9ece148e70b2c1e988e6459794f7566')
 7 SYSTEMPATH\CodeIgniter.php(503): CodeIgniter\CodeIgniter->runController(Object(App\Controllers\Admin\Jobs\Jobs))
 8 SYSTEMPATH\CodeIgniter.php(361): CodeIgniter\CodeIgniter->handleRequest(null, Object(Config\Cache), false)
 9 FCPATH\index.php(79): CodeIgniter\CodeIgniter->run()
10 SYSTEMPATH\Commands\Server\rewrite.php(47): require_once('C:\\xampp\\htdocs\\mojd\\public\\index.php')
CRITICAL - 2024-09-06 05:43:31 --> [Caused by] mysqli_sql_exception: Table 'moj_d.job_listings' doesn't exist
in SYSTEMPATH\Database\MySQLi\Connection.php on line 306.
 1 SYSTEMPATH\Database\MySQLi\Connection.php(306): mysqli->query('SELECT `job_listings`.*, `hoteliers`.`name`, `hoteliers`.`address`, `hoteliers`.`city`, `hoteliers`.`state`, `hoteliers`.`pin_code`, `hoteliers`.`address`
FROM `job_listings`
JOIN `hoteliers` ON `hoteliers`.`user_id` = `job_listings`.`hotelier_id`', 0)
 2 SYSTEMPATH\Database\BaseConnection.php(693): CodeIgniter\Database\MySQLi\Connection->execute('SELECT `job_listings`.*, `hoteliers`.`name`, `hoteliers`.`address`, `hoteliers`.`city`, `hoteliers`.`state`, `hoteliers`.`pin_code`, `hoteliers`.`address`
FROM `job_listings`
JOIN `hoteliers` ON `hoteliers`.`user_id` = `job_listings`.`hotelier_id`')
 3 SYSTEMPATH\Database\BaseConnection.php(607): CodeIgniter\Database\BaseConnection->simpleQuery('SELECT `job_listings`.*, `hoteliers`.`name`, `hoteliers`.`address`, `hoteliers`.`city`, `hoteliers`.`state`, `hoteliers`.`pin_code`, `hoteliers`.`address`
FROM `job_listings`
JOIN `hoteliers` ON `hoteliers`.`user_id` = `job_listings`.`hotelier_id`')
 4 SYSTEMPATH\Database\BaseBuilder.php(1616): CodeIgniter\Database\BaseConnection->query('SELECT `job_listings`.*, `hoteliers`.`name`, `hoteliers`.`address`, `hoteliers`.`city`, `hoteliers`.`state`, `hoteliers`.`pin_code`, `hoteliers`.`address`
FROM `job_listings`
JOIN `hoteliers` ON `hoteliers`.`user_id` = `job_listings`.`hotelier_id`', [], false)
 5 APPPATH\Models\JobModel.php(55): CodeIgniter\Database\BaseBuilder->get()
 6 APPPATH\Controllers\Admin\Jobs\Jobs.php(37): App\Models\JobModel->getallJobData()
 7 SYSTEMPATH\CodeIgniter.php(943): App\Controllers\Admin\Jobs\Jobs->listAllJobs('b9ece148e70b2c1e988e6459794f7566')
 8 SYSTEMPATH\CodeIgniter.php(503): CodeIgniter\CodeIgniter->runController(Object(App\Controllers\Admin\Jobs\Jobs))
 9 SYSTEMPATH\CodeIgniter.php(361): CodeIgniter\CodeIgniter->handleRequest(null, Object(Config\Cache), false)
10 FCPATH\index.php(79): CodeIgniter\CodeIgniter->run()
11 SYSTEMPATH\Commands\Server\rewrite.php(47): require_once('C:\\xampp\\htdocs\\mojd\\public\\index.php')
INFO - 2024-09-06 05:44:12 --> Session: Class initialized using 'CodeIgniter\Session\Handlers\FileHandler' driver.
INFO - 2024-09-06 05:44:42 --> Session: Class initialized using 'CodeIgniter\Session\Handlers\FileHandler' driver.
INFO - 2024-09-06 05:44:52 --> Session: Class initialized using 'CodeIgniter\Session\Handlers\FileHandler' driver.
INFO - 2024-09-06 05:48:15 --> Session: Class initialized using 'CodeIgniter\Session\Handlers\FileHandler' driver.
INFO - 2024-09-06 05:55:32 --> Session: Class initialized using 'CodeIgniter\Session\Handlers\FileHandler' driver.
CRITICAL - 2024-09-06 05:55:32 --> ErrorException: Undefined property: stdClass::$off_saleryt
in APPPATH\Views\admin\jobs\list_jobs.php on line 98.
 1 APPPATH\Views\admin\jobs\list_jobs.php(98): CodeIgniter\Debug\Exceptions->errorHandler(2, 'Undefined property: stdClass::$off_saleryt', 'C:\\xampp\\htdocs\\mojd\\app\\Views\\admin\\jobs\\list_jobs.php', 98)
 2 SYSTEMPATH\View\View.php(228): include('C:\\xampp\\htdocs\\mojd\\app\\Views\\admin\\jobs\\list_jobs.php')
 3 SYSTEMPATH\View\View.php(231): CodeIgniter\View\View->CodeIgniter\View\{closure}()
 4 SYSTEMPATH\Common.php(1178): CodeIgniter\View\View->render('admin/jobs/list_jobs', [], true)
 5 APPPATH\Controllers\Admin\Jobs\Jobs.php(44): view('admin/jobs/list_jobs', [...])
 6 SYSTEMPATH\CodeIgniter.php(943): App\Controllers\Admin\Jobs\Jobs->listAllJobs('b9ece148e70b2c1e988e6459794f7566')
 7 SYSTEMPATH\CodeIgniter.php(503): CodeIgniter\CodeIgniter->runController(Object(App\Controllers\Admin\Jobs\Jobs))
 8 SYSTEMPATH\CodeIgniter.php(361): CodeIgniter\CodeIgniter->handleRequest(null, Object(Config\Cache), false)
 9 FCPATH\index.php(79): CodeIgniter\CodeIgniter->run()
10 SYSTEMPATH\Commands\Server\rewrite.php(47): require_once('C:\\xampp\\htdocs\\mojd\\public\\index.php')
INFO - 2024-09-06 05:57:37 --> Session: Class initialized using 'CodeIgniter\Session\Handlers\FileHandler' driver.
INFO - 2024-09-06 05:58:45 --> Session: Class initialized using 'CodeIgniter\Session\Handlers\FileHandler' driver.
INFO - 2024-09-06 05:59:51 --> Session: Class initialized using 'CodeIgniter\Session\Handlers\FileHandler' driver.
INFO - 2024-09-06 06:07:10 --> Session: Class initialized using 'CodeIgniter\Session\Handlers\FileHandler' driver.
INFO - 2024-09-06 06:10:44 --> Session: Class initialized using 'CodeIgniter\Session\Handlers\FileHandler' driver.
INFO - 2024-09-06 06:26:25 --> Session: Class initialized using 'CodeIgniter\Session\Handlers\FileHandler' driver.
INFO - 2024-09-06 06:27:52 --> Session: Class initialized using 'CodeIgniter\Session\Handlers\FileHandler' driver.
INFO - 2024-09-06 06:28:33 --> Session: Class initialized using 'CodeIgniter\Session\Handlers\FileHandler' driver.
INFO - 2024-09-06 06:29:36 --> Session: Class initialized using 'CodeIgniter\Session\Handlers\FileHandler' driver.
INFO - 2024-09-06 06:29:44 --> Session: Class initialized using 'CodeIgniter\Session\Handlers\FileHandler' driver.
INFO - 2024-09-06 06:39:10 --> Session: Class initialized using 'CodeIgniter\Session\Handlers\FileHandler' driver.
INFO - 2024-09-06 06:39:15 --> Session: Class initialized using 'CodeIgniter\Session\Handlers\FileHandler' driver.
INFO - 2024-09-06 06:40:07 --> Session: Class initialized using 'CodeIgniter\Session\Handlers\FileHandler' driver.
INFO - 2024-09-06 06:40:11 --> Session: Class initialized using 'CodeIgniter\Session\Handlers\FileHandler' driver.
INFO - 2024-09-06 06:40:43 --> Session: Class initialized using 'CodeIgniter\Session\Handlers\FileHandler' driver.
INFO - 2024-09-06 06:40:47 --> Session: Class initialized using 'CodeIgniter\Session\Handlers\FileHandler' driver.
INFO - 2024-09-06 06:43:11 --> Session: Class initialized using 'CodeIgniter\Session\Handlers\FileHandler' driver.
INFO - 2024-09-06 06:43:16 --> Session: Class initialized using 'CodeIgniter\Session\Handlers\FileHandler' driver.
INFO - 2024-09-06 06:43:19 --> Session: Class initialized using 'CodeIgniter\Session\Handlers\FileHandler' driver.
INFO - 2024-09-06 06:43:47 --> Session: Class initialized using 'CodeIgniter\Session\Handlers\FileHandler' driver.
INFO - 2024-09-06 06:43:50 --> Session: Class initialized using 'CodeIgniter\Session\Handlers\FileHandler' driver.
INFO - 2024-09-06 06:48:33 --> Session: Class initialized using 'CodeIgniter\Session\Handlers\FileHandler' driver.
INFO - 2024-09-06 06:48:37 --> Session: Class initialized using 'CodeIgniter\Session\Handlers\FileHandler' driver.
INFO - 2024-09-06 06:48:48 --> Session: Class initialized using 'CodeIgniter\Session\Handlers\FileHandler' driver.
INFO - 2024-09-06 06:48:52 --> Session: Class initialized using 'CodeIgniter\Session\Handlers\FileHandler' driver.
INFO - 2024-09-06 06:57:40 --> Session: Class initialized using 'CodeIgniter\Session\Handlers\FileHandler' driver.
INFO - 2024-09-06 06:57:43 --> Session: Class initialized using 'CodeIgniter\Session\Handlers\FileHandler' driver.
INFO - 2024-09-06 06:57:55 --> Session: Class initialized using 'CodeIgniter\Session\Handlers\FileHandler' driver.
INFO - 2024-09-06 06:57:59 --> Session: Class initialized using 'CodeIgniter\Session\Handlers\FileHandler' driver.
INFO - 2024-09-06 06:58:40 --> Session: Class initialized using 'CodeIgniter\Session\Handlers\FileHandler' driver.
INFO - 2024-09-06 06:58:44 --> Session: Class initialized using 'CodeIgniter\Session\Handlers\FileHandler' driver.
INFO - 2024-09-06 06:58:51 --> Session: Class initialized using 'CodeIgniter\Session\Handlers\FileHandler' driver.
INFO - 2024-09-06 06:58:55 --> Session: Class initialized using 'CodeIgniter\Session\Handlers\FileHandler' driver.
INFO - 2024-09-06 06:59:19 --> Session: Class initialized using 'CodeIgniter\Session\Handlers\FileHandler' driver.
INFO - 2024-09-06 06:59:23 --> Session: Class initialized using 'CodeIgniter\Session\Handlers\FileHandler' driver.
INFO - 2024-09-06 06:59:39 --> Session: Class initialized using 'CodeIgniter\Session\Handlers\FileHandler' driver.
INFO - 2024-09-06 06:59:43 --> Session: Class initialized using 'CodeIgniter\Session\Handlers\FileHandler' driver.
INFO - 2024-09-06 07:01:25 --> Session: Class initialized using 'CodeIgniter\Session\Handlers\FileHandler' driver.
INFO - 2024-09-06 07:01:30 --> Session: Class initialized using 'CodeIgniter\Session\Handlers\FileHandler' driver.
INFO - 2024-09-06 07:02:25 --> Session: Class initialized using 'CodeIgniter\Session\Handlers\FileHandler' driver.
INFO - 2024-09-06 07:02:29 --> Session: Class initialized using 'CodeIgniter\Session\Handlers\FileHandler' driver.
INFO - 2024-09-06 07:25:21 --> Session: Class initialized using 'CodeIgniter\Session\Handlers\FileHandler' driver.
INFO - 2024-09-06 07:25:24 --> Session: Class initialized using 'CodeIgniter\Session\Handlers\FileHandler' driver.
ERROR - 2024-09-06 07:25:24 --> mysqli_sql_exception: Table 'moj_d.job_applications' doesn't exist in C:\xampp\htdocs\mojd\vendor\codeigniter4\framework\system\Database\MySQLi\Connection.php:306
Stack trace:
#0 C:\xampp\htdocs\mojd\vendor\codeigniter4\framework\system\Database\MySQLi\Connection.php(306): mysqli->query('SELECT `job_lis...', 0)
#1 C:\xampp\htdocs\mojd\vendor\codeigniter4\framework\system\Database\BaseConnection.php(693): CodeIgniter\Database\MySQLi\Connection->execute('SELECT `job_lis...')
#2 C:\xampp\htdocs\mojd\vendor\codeigniter4\framework\system\Database\BaseConnection.php(607): CodeIgniter\Database\BaseConnection->simpleQuery('SELECT `job_lis...')
#3 C:\xampp\htdocs\mojd\vendor\codeigniter4\framework\system\Database\BaseBuilder.php(1616): CodeIgniter\Database\BaseConnection->query('SELECT `job_lis...', Array, false)
#4 C:\xampp\htdocs\mojd\app\Models\JobApplyModel.php(63): CodeIgniter\Database\BaseBuilder->get()
#5 C:\xampp\htdocs\mojd\app\Controllers\Admin\Jobs\Jobs.php(58): App\Models\JobApplyModel->getJobData('30')
#6 C:\xampp\htdocs\mojd\vendor\codeigniter4\framework\system\CodeIgniter.php(943): App\Controllers\Admin\Jobs\Jobs->listAllJobs_getByid('30')
#7 C:\xampp\htdocs\mojd\vendor\codeigniter4\framework\system\CodeIgniter.php(503): CodeIgniter\CodeIgniter->runController(Object(App\Controllers\Admin\Jobs\Jobs))
#8 C:\xampp\htdocs\mojd\vendor\codeigniter4\framework\system\CodeIgniter.php(361): CodeIgniter\CodeIgniter->handleRequest(NULL, Object(Config\Cache), false)
#9 C:\xampp\htdocs\mojd\public\index.php(79): CodeIgniter\CodeIgniter->run()
#10 C:\xampp\htdocs\mojd\vendor\codeigniter4\framework\system\Commands\Server\rewrite.php(47): require_once('C:\\xampp\\htdocs...')
#11 {main}
CRITICAL - 2024-09-06 07:25:24 --> CodeIgniter\Database\Exceptions\DatabaseException: Table 'moj_d.job_applications' doesn't exist
in SYSTEMPATH\Database\BaseConnection.php on line 647.
 1 SYSTEMPATH\Database\BaseBuilder.php(1616): CodeIgniter\Database\BaseConnection->query('SELECT `job_listings`.*, `hoteliers`.*, `job_applications`.*
FROM `job_listings`
JOIN `hoteliers` ON `hoteliers`.`user_id` = `job_listings`.`hotelier_id`
LEFT JOIN `job_applications` ON `job_applications`.`job_id` = `job_listings`.`id`
WHERE `job_applications`.`user_id` = :job_applications.user_id:', [...], false)
 2 APPPATH\Models\JobApplyModel.php(63): CodeIgniter\Database\BaseBuilder->get()
 3 APPPATH\Controllers\Admin\Jobs\Jobs.php(58): App\Models\JobApplyModel->getJobData('30')
 4 SYSTEMPATH\CodeIgniter.php(943): App\Controllers\Admin\Jobs\Jobs->listAllJobs_getByid('30')
 5 SYSTEMPATH\CodeIgniter.php(503): CodeIgniter\CodeIgniter->runController(Object(App\Controllers\Admin\Jobs\Jobs))
 6 SYSTEMPATH\CodeIgniter.php(361): CodeIgniter\CodeIgniter->handleRequest(null, Object(Config\Cache), false)
 7 FCPATH\index.php(79): CodeIgniter\CodeIgniter->run()
 8 SYSTEMPATH\Commands\Server\rewrite.php(47): require_once('C:\\xampp\\htdocs\\mojd\\public\\index.php')
CRITICAL - 2024-09-06 07:25:24 --> [Caused by] CodeIgniter\Database\Exceptions\DatabaseException: Table 'moj_d.job_applications' doesn't exist
in SYSTEMPATH\Database\MySQLi\Connection.php on line 311.
 1 SYSTEMPATH\Database\BaseConnection.php(693): CodeIgniter\Database\MySQLi\Connection->execute('SELECT `job_listings`.*, `hoteliers`.*, `job_applications`.*
FROM `job_listings`
JOIN `hoteliers` ON `hoteliers`.`user_id` = `job_listings`.`hotelier_id`
LEFT JOIN `job_applications` ON `job_applications`.`job_id` = `job_listings`.`id`
WHERE `job_applications`.`user_id` = \'30\'')
 2 SYSTEMPATH\Database\BaseConnection.php(607): CodeIgniter\Database\BaseConnection->simpleQuery('SELECT `job_listings`.*, `hoteliers`.*, `job_applications`.*
FROM `job_listings`
JOIN `hoteliers` ON `hoteliers`.`user_id` = `job_listings`.`hotelier_id`
LEFT JOIN `job_applications` ON `job_applications`.`job_id` = `job_listings`.`id`
WHERE `job_applications`.`user_id` = \'30\'')
 3 SYSTEMPATH\Database\BaseBuilder.php(1616): CodeIgniter\Database\BaseConnection->query('SELECT `job_listings`.*, `hoteliers`.*, `job_applications`.*
FROM `job_listings`
JOIN `hoteliers` ON `hoteliers`.`user_id` = `job_listings`.`hotelier_id`
LEFT JOIN `job_applications` ON `job_applications`.`job_id` = `job_listings`.`id`
WHERE `job_applications`.`user_id` = :job_applications.user_id:', [...], false)
 4 APPPATH\Models\JobApplyModel.php(63): CodeIgniter\Database\BaseBuilder->get()
 5 APPPATH\Controllers\Admin\Jobs\Jobs.php(58): App\Models\JobApplyModel->getJobData('30')
 6 SYSTEMPATH\CodeIgniter.php(943): App\Controllers\Admin\Jobs\Jobs->listAllJobs_getByid('30')
 7 SYSTEMPATH\CodeIgniter.php(503): CodeIgniter\CodeIgniter->runController(Object(App\Controllers\Admin\Jobs\Jobs))
 8 SYSTEMPATH\CodeIgniter.php(361): CodeIgniter\CodeIgniter->handleRequest(null, Object(Config\Cache), false)
 9 FCPATH\index.php(79): CodeIgniter\CodeIgniter->run()
10 SYSTEMPATH\Commands\Server\rewrite.php(47): require_once('C:\\xampp\\htdocs\\mojd\\public\\index.php')
CRITICAL - 2024-09-06 07:25:24 --> [Caused by] mysqli_sql_exception: Table 'moj_d.job_applications' doesn't exist
in SYSTEMPATH\Database\MySQLi\Connection.php on line 306.
 1 SYSTEMPATH\Database\MySQLi\Connection.php(306): mysqli->query('SELECT `job_listings`.*, `hoteliers`.*, `job_applications`.*
FROM `job_listings`
JOIN `hoteliers` ON `hoteliers`.`user_id` = `job_listings`.`hotelier_id`
LEFT JOIN `job_applications` ON `job_applications`.`job_id` = `job_listings`.`id`
WHERE `job_applications`.`user_id` = \'30\'', 0)
 2 SYSTEMPATH\Database\BaseConnection.php(693): CodeIgniter\Database\MySQLi\Connection->execute('SELECT `job_listings`.*, `hoteliers`.*, `job_applications`.*
FROM `job_listings`
JOIN `hoteliers` ON `hoteliers`.`user_id` = `job_listings`.`hotelier_id`
LEFT JOIN `job_applications` ON `job_applications`.`job_id` = `job_listings`.`id`
WHERE `job_applications`.`user_id` = \'30\'')
 3 SYSTEMPATH\Database\BaseConnection.php(607): CodeIgniter\Database\BaseConnection->simpleQuery('SELECT `job_listings`.*, `hoteliers`.*, `job_applications`.*
FROM `job_listings`
JOIN `hoteliers` ON `hoteliers`.`user_id` = `job_listings`.`hotelier_id`
LEFT JOIN `job_applications` ON `job_applications`.`job_id` = `job_listings`.`id`
WHERE `job_applications`.`user_id` = \'30\'')
 4 SYSTEMPATH\Database\BaseBuilder.php(1616): CodeIgniter\Database\BaseConnection->query('SELECT `job_listings`.*, `hoteliers`.*, `job_applications`.*
FROM `job_listings`
JOIN `hoteliers` ON `hoteliers`.`user_id` = `job_listings`.`hotelier_id`
LEFT JOIN `job_applications` ON `job_applications`.`job_id` = `job_listings`.`id`
WHERE `job_applications`.`user_id` = :job_applications.user_id:', [...], false)
 5 APPPATH\Models\JobApplyModel.php(63): CodeIgniter\Database\BaseBuilder->get()
 6 APPPATH\Controllers\Admin\Jobs\Jobs.php(58): App\Models\JobApplyModel->getJobData('30')
 7 SYSTEMPATH\CodeIgniter.php(943): App\Controllers\Admin\Jobs\Jobs->listAllJobs_getByid('30')
 8 SYSTEMPATH\CodeIgniter.php(503): CodeIgniter\CodeIgniter->runController(Object(App\Controllers\Admin\Jobs\Jobs))
 9 SYSTEMPATH\CodeIgniter.php(361): CodeIgniter\CodeIgniter->handleRequest(null, Object(Config\Cache), false)
10 FCPATH\index.php(79): CodeIgniter\CodeIgniter->run()
11 SYSTEMPATH\Commands\Server\rewrite.php(47): require_once('C:\\xampp\\htdocs\\mojd\\public\\index.php')
INFO - 2024-09-06 07:27:40 --> Session: Class initialized using 'CodeIgniter\Session\Handlers\FileHandler' driver.
INFO - 2024-09-06 07:27:43 --> Session: Class initialized using 'CodeIgniter\Session\Handlers\FileHandler' driver.
INFO - 2024-09-06 08:05:56 --> Session: Class initialized using 'CodeIgniter\Session\Handlers\FileHandler' driver.
INFO - 2024-09-06 08:06:47 --> Session: Class initialized using 'CodeIgniter\Session\Handlers\FileHandler' driver.
INFO - 2024-09-06 08:06:50 --> Session: Class initialized using 'CodeIgniter\Session\Handlers\FileHandler' driver.
INFO - 2024-09-06 08:07:32 --> Session: Class initialized using 'CodeIgniter\Session\Handlers\FileHandler' driver.
INFO - 2024-09-06 08:07:35 --> Session: Class initialized using 'CodeIgniter\Session\Handlers\FileHandler' driver.
INFO - 2024-09-06 08:07:45 --> Session: Class initialized using 'CodeIgniter\Session\Handlers\FileHandler' driver.
INFO - 2024-09-06 08:07:47 --> Session: Class initialized using 'CodeIgniter\Session\Handlers\FileHandler' driver.
INFO - 2024-09-06 08:08:05 --> Session: Class initialized using 'CodeIgniter\Session\Handlers\FileHandler' driver.
INFO - 2024-09-06 08:08:10 --> Session: Class initialized using 'CodeIgniter\Session\Handlers\FileHandler' driver.
INFO - 2024-09-06 08:08:39 --> Session: Class initialized using 'CodeIgniter\Session\Handlers\FileHandler' driver.
INFO - 2024-09-06 08:08:43 --> Session: Class initialized using 'CodeIgniter\Session\Handlers\FileHandler' driver.
INFO - 2024-09-06 08:09:04 --> Session: Class initialized using 'CodeIgniter\Session\Handlers\FileHandler' driver.
INFO - 2024-09-06 08:09:07 --> Session: Class initialized using 'CodeIgniter\Session\Handlers\FileHandler' driver.
INFO - 2024-09-06 08:09:33 --> Session: Class initialized using 'CodeIgniter\Session\Handlers\FileHandler' driver.
INFO - 2024-09-06 08:09:37 --> Session: Class initialized using 'CodeIgniter\Session\Handlers\FileHandler' driver.
INFO - 2024-09-06 08:09:43 --> Session: Class initialized using 'CodeIgniter\Session\Handlers\FileHandler' driver.
INFO - 2024-09-06 08:09:46 --> Session: Class initialized using 'CodeIgniter\Session\Handlers\FileHandler' driver.
INFO - 2024-09-06 08:09:56 --> Session: Class initialized using 'CodeIgniter\Session\Handlers\FileHandler' driver.
INFO - 2024-09-06 08:09:59 --> Session: Class initialized using 'CodeIgniter\Session\Handlers\FileHandler' driver.
INFO - 2024-09-06 08:10:13 --> Session: Class initialized using 'CodeIgniter\Session\Handlers\FileHandler' driver.
INFO - 2024-09-06 08:10:17 --> Session: Class initialized using 'CodeIgniter\Session\Handlers\FileHandler' driver.
INFO - 2024-09-06 08:10:25 --> Session: Class initialized using 'CodeIgniter\Session\Handlers\FileHandler' driver.
INFO - 2024-09-06 08:10:28 --> Session: Class initialized using 'CodeIgniter\Session\Handlers\FileHandler' driver.
INFO - 2024-09-06 08:10:39 --> Session: Class initialized using 'CodeIgniter\Session\Handlers\FileHandler' driver.
INFO - 2024-09-06 08:10:43 --> Session: Class initialized using 'CodeIgniter\Session\Handlers\FileHandler' driver.
INFO - 2024-09-06 08:11:25 --> Session: Class initialized using 'CodeIgniter\Session\Handlers\FileHandler' driver.
INFO - 2024-09-06 08:11:28 --> Session: Class initialized using 'CodeIgniter\Session\Handlers\FileHandler' driver.
INFO - 2024-09-06 08:28:10 --> Session: Class initialized using 'CodeIgniter\Session\Handlers\FileHandler' driver.
INFO - 2024-09-06 08:28:26 --> Session: Class initialized using 'CodeIgniter\Session\Handlers\FileHandler' driver.
INFO - 2024-09-06 08:28:29 --> Session: Class initialized using 'CodeIgniter\Session\Handlers\FileHandler' driver.
INFO - 2024-09-06 09:15:23 --> Session: Class initialized using 'CodeIgniter\Session\Handlers\FileHandler' driver.
INFO - 2024-09-06 09:15:26 --> Session: Class initialized using 'CodeIgniter\Session\Handlers\FileHandler' driver.
INFO - 2024-09-06 09:15:46 --> Session: Class initialized using 'CodeIgniter\Session\Handlers\FileHandler' driver.
INFO - 2024-09-06 09:15:49 --> Session: Class initialized using 'CodeIgniter\Session\Handlers\FileHandler' driver.
INFO - 2024-09-06 09:17:14 --> Session: Class initialized using 'CodeIgniter\Session\Handlers\FileHandler' driver.
INFO - 2024-09-06 09:17:17 --> Session: Class initialized using 'CodeIgniter\Session\Handlers\FileHandler' driver.
INFO - 2024-09-06 09:19:45 --> Session: Class initialized using 'CodeIgniter\Session\Handlers\FileHandler' driver.
INFO - 2024-09-06 09:19:49 --> Session: Class initialized using 'CodeIgniter\Session\Handlers\FileHandler' driver.
INFO - 2024-09-06 09:22:46 --> Session: Class initialized using 'CodeIgniter\Session\Handlers\FileHandler' driver.
INFO - 2024-09-06 09:23:37 --> Session: Class initialized using 'CodeIgniter\Session\Handlers\FileHandler' driver.
INFO - 2024-09-06 09:23:41 --> Session: Class initialized using 'CodeIgniter\Session\Handlers\FileHandler' driver.
INFO - 2024-09-06 09:23:51 --> Session: Class initialized using 'CodeIgniter\Session\Handlers\FileHandler' driver.
INFO - 2024-09-06 09:26:04 --> Session: Class initialized using 'CodeIgniter\Session\Handlers\FileHandler' driver.
INFO - 2024-09-06 09:27:12 --> Session: Class initialized using 'CodeIgniter\Session\Handlers\FileHandler' driver.
INFO - 2024-09-06 09:27:27 --> Session: Class initialized using 'CodeIgniter\Session\Handlers\FileHandler' driver.
INFO - 2024-09-06 09:27:31 --> Session: Class initialized using 'CodeIgniter\Session\Handlers\FileHandler' driver.
INFO - 2024-09-06 09:28:11 --> Session: Class initialized using 'CodeIgniter\Session\Handlers\FileHandler' driver.
INFO - 2024-09-06 09:28:14 --> Session: Class initialized using 'CodeIgniter\Session\Handlers\FileHandler' driver.
INFO - 2024-09-06 09:28:28 --> Session: Class initialized using 'CodeIgniter\Session\Handlers\FileHandler' driver.
INFO - 2024-09-06 09:28:31 --> Session: Class initialized using 'CodeIgniter\Session\Handlers\FileHandler' driver.
INFO - 2024-09-06 09:28:55 --> Session: Class initialized using 'CodeIgniter\Session\Handlers\FileHandler' driver.
INFO - 2024-09-06 09:28:58 --> Session: Class initialized using 'CodeIgniter\Session\Handlers\FileHandler' driver.
INFO - 2024-09-06 09:29:51 --> Session: Class initialized using 'CodeIgniter\Session\Handlers\FileHandler' driver.
INFO - 2024-09-06 09:29:54 --> Session: Class initialized using 'CodeIgniter\Session\Handlers\FileHandler' driver.
INFO - 2024-09-06 09:30:14 --> Session: Class initialized using 'CodeIgniter\Session\Handlers\FileHandler' driver.
INFO - 2024-09-06 09:30:17 --> Session: Class initialized using 'CodeIgniter\Session\Handlers\FileHandler' driver.
INFO - 2024-09-06 09:30:25 --> Session: Class initialized using 'CodeIgniter\Session\Handlers\FileHandler' driver.
INFO - 2024-09-06 09:30:28 --> Session: Class initialized using 'CodeIgniter\Session\Handlers\FileHandler' driver.
INFO - 2024-09-06 09:31:00 --> Session: Class initialized using 'CodeIgniter\Session\Handlers\FileHandler' driver.
INFO - 2024-09-06 09:31:04 --> Session: Class initialized using 'CodeIgniter\Session\Handlers\FileHandler' driver.
INFO - 2024-09-06 09:31:48 --> Session: Class initialized using 'CodeIgniter\Session\Handlers\FileHandler' driver.
INFO - 2024-09-06 09:32:15 --> Session: Class initialized using 'CodeIgniter\Session\Handlers\FileHandler' driver.
INFO - 2024-09-06 09:32:54 --> Session: Class initialized using 'CodeIgniter\Session\Handlers\FileHandler' driver.
INFO - 2024-09-06 09:32:57 --> Session: Class initialized using 'CodeIgniter\Session\Handlers\FileHandler' driver.
INFO - 2024-09-06 09:33:56 --> Session: Class initialized using 'CodeIgniter\Session\Handlers\FileHandler' driver.
INFO - 2024-09-06 09:34:00 --> Session: Class initialized using 'CodeIgniter\Session\Handlers\FileHandler' driver.
INFO - 2024-09-06 09:34:34 --> Session: Class initialized using 'CodeIgniter\Session\Handlers\FileHandler' driver.
INFO - 2024-09-06 09:34:40 --> Session: Class initialized using 'CodeIgniter\Session\Handlers\FileHandler' driver.
INFO - 2024-09-06 09:34:59 --> Session: Class initialized using 'CodeIgniter\Session\Handlers\FileHandler' driver.
INFO - 2024-09-06 09:35:02 --> Session: Class initialized using 'CodeIgniter\Session\Handlers\FileHandler' driver.
INFO - 2024-09-06 09:35:04 --> Session: Class initialized using 'CodeIgniter\Session\Handlers\FileHandler' driver.
INFO - 2024-09-06 09:35:09 --> Session: Class initialized using 'CodeIgniter\Session\Handlers\FileHandler' driver.
INFO - 2024-09-06 09:35:34 --> Session: Class initialized using 'CodeIgniter\Session\Handlers\FileHandler' driver.
INFO - 2024-09-06 09:35:38 --> Session: Class initialized using 'CodeIgniter\Session\Handlers\FileHandler' driver.
INFO - 2024-09-06 09:35:42 --> Session: Class initialized using 'CodeIgniter\Session\Handlers\FileHandler' driver.
INFO - 2024-09-06 09:35:45 --> Session: Class initialized using 'CodeIgniter\Session\Handlers\FileHandler' driver.
INFO - 2024-09-06 09:36:04 --> Session: Class initialized using 'CodeIgniter\Session\Handlers\FileHandler' driver.
INFO - 2024-09-06 09:36:41 --> Session: Class initialized using 'CodeIgniter\Session\Handlers\FileHandler' driver.
INFO - 2024-09-06 09:36:46 --> Session: Class initialized using 'CodeIgniter\Session\Handlers\FileHandler' driver.
INFO - 2024-09-06 09:37:01 --> Session: Class initialized using 'CodeIgniter\Session\Handlers\FileHandler' driver.
INFO - 2024-09-06 09:37:04 --> Session: Class initialized using 'CodeIgniter\Session\Handlers\FileHandler' driver.
INFO - 2024-09-06 09:37:07 --> Session: Class initialized using 'CodeIgniter\Session\Handlers\FileHandler' driver.
INFO - 2024-09-06 09:37:10 --> Session: Class initialized using 'CodeIgniter\Session\Handlers\FileHandler' driver.
INFO - 2024-09-06 09:37:14 --> Session: Class initialized using 'CodeIgniter\Session\Handlers\FileHandler' driver.
INFO - 2024-09-06 09:37:18 --> Session: Class initialized using 'CodeIgniter\Session\Handlers\FileHandler' driver.
INFO - 2024-09-06 09:37:21 --> Session: Class initialized using 'CodeIgniter\Session\Handlers\FileHandler' driver.
INFO - 2024-09-06 09:37:24 --> Session: Class initialized using 'CodeIgniter\Session\Handlers\FileHandler' driver.
INFO - 2024-09-06 09:37:44 --> Session: Class initialized using 'CodeIgniter\Session\Handlers\FileHandler' driver.
INFO - 2024-09-06 09:37:47 --> Session: Class initialized using 'CodeIgniter\Session\Handlers\FileHandler' driver.
INFO - 2024-09-06 09:37:54 --> Session: Class initialized using 'CodeIgniter\Session\Handlers\FileHandler' driver.
INFO - 2024-09-06 09:37:57 --> Session: Class initialized using 'CodeIgniter\Session\Handlers\FileHandler' driver.
INFO - 2024-09-06 09:37:59 --> Session: Class initialized using 'CodeIgniter\Session\Handlers\FileHandler' driver.
INFO - 2024-09-06 09:38:02 --> Session: Class initialized using 'CodeIgniter\Session\Handlers\FileHandler' driver.
INFO - 2024-09-06 09:38:21 --> Session: Class initialized using 'CodeIgniter\Session\Handlers\FileHandler' driver.
INFO - 2024-09-06 09:38:24 --> Session: Class initialized using 'CodeIgniter\Session\Handlers\FileHandler' driver.
INFO - 2024-09-06 09:38:27 --> Session: Class initialized using 'CodeIgniter\Session\Handlers\FileHandler' driver.
INFO - 2024-09-06 09:38:30 --> Session: Class initialized using 'CodeIgniter\Session\Handlers\FileHandler' driver.
INFO - 2024-09-06 09:38:32 --> Session: Class initialized using 'CodeIgniter\Session\Handlers\FileHandler' driver.
INFO - 2024-09-06 09:40:09 --> Session: Class initialized using 'CodeIgniter\Session\Handlers\FileHandler' driver.
INFO - 2024-09-06 09:40:13 --> Session: Class initialized using 'CodeIgniter\Session\Handlers\FileHandler' driver.
INFO - 2024-09-06 09:40:30 --> Session: Class initialized using 'CodeIgniter\Session\Handlers\FileHandler' driver.
INFO - 2024-09-06 09:40:35 --> Session: Class initialized using 'CodeIgniter\Session\Handlers\FileHandler' driver.
INFO - 2024-09-06 10:15:35 --> Session: Class initialized using 'CodeIgniter\Session\Handlers\FileHandler' driver.
INFO - 2024-09-06 10:15:41 --> Session: Class initialized using 'CodeIgniter\Session\Handlers\FileHandler' driver.
ERROR - 2024-09-06 10:15:41 --> mysqli_sql_exception: Table 'moj_d.job_view' doesn't exist in C:\xampp\htdocs\mojd\vendor\codeigniter4\framework\system\Database\MySQLi\Connection.php:306
Stack trace:
#0 C:\xampp\htdocs\mojd\vendor\codeigniter4\framework\system\Database\MySQLi\Connection.php(306): mysqli->query('SELECT *\nFROM `...', 0)
#1 C:\xampp\htdocs\mojd\vendor\codeigniter4\framework\system\Database\BaseConnection.php(693): CodeIgniter\Database\MySQLi\Connection->execute('SELECT *\nFROM `...')
#2 C:\xampp\htdocs\mojd\vendor\codeigniter4\framework\system\Database\BaseConnection.php(607): CodeIgniter\Database\BaseConnection->simpleQuery('SELECT *\nFROM `...')
#3 C:\xampp\htdocs\mojd\vendor\codeigniter4\framework\system\Database\BaseBuilder.php(1616): CodeIgniter\Database\BaseConnection->query('SELECT *\nFROM `...', Array, false)
#4 C:\xampp\htdocs\mojd\vendor\codeigniter4\framework\system\Model.php(271): CodeIgniter\Database\BaseBuilder->get()
#5 C:\xampp\htdocs\mojd\vendor\codeigniter4\framework\system\BaseModel.php(679): CodeIgniter\Model->doFirst()
#6 C:\xampp\htdocs\mojd\app\Models\JobViewModel.php(85): CodeIgniter\BaseModel->first()
#7 C:\xampp\htdocs\mojd\app\Controllers\Admin\Jobs\Jobs.php(58): App\Models\JobViewModel->findJobById('30')
#8 C:\xampp\htdocs\mojd\vendor\codeigniter4\framework\system\CodeIgniter.php(943): App\Controllers\Admin\Jobs\Jobs->listAllJobs_getByid('30')
#9 C:\xampp\htdocs\mojd\vendor\codeigniter4\framework\system\CodeIgniter.php(503): CodeIgniter\CodeIgniter->runController(Object(App\Controllers\Admin\Jobs\Jobs))
#10 C:\xampp\htdocs\mojd\vendor\codeigniter4\framework\system\CodeIgniter.php(361): CodeIgniter\CodeIgniter->handleRequest(NULL, Object(Config\Cache), false)
#11 C:\xampp\htdocs\mojd\public\index.php(79): CodeIgniter\CodeIgniter->run()
#12 C:\xampp\htdocs\mojd\vendor\codeigniter4\framework\system\Commands\Server\rewrite.php(47): require_once('C:\\xampp\\htdocs...')
#13 {main}
CRITICAL - 2024-09-06 10:15:41 --> CodeIgniter\Database\Exceptions\DatabaseException: Table 'moj_d.job_view' doesn't exist
in SYSTEMPATH\Database\BaseConnection.php on line 647.
 1 SYSTEMPATH\Database\BaseBuilder.php(1616): CodeIgniter\Database\BaseConnection->query('SELECT *
FROM `job_view`
WHERE `id` = :id:
 LIMIT 1', [...], false)
 2 SYSTEMPATH\Model.php(271): CodeIgniter\Database\BaseBuilder->get()
 3 SYSTEMPATH\BaseModel.php(679): CodeIgniter\Model->doFirst()
 4 APPPATH\Models\JobViewModel.php(85): CodeIgniter\BaseModel->first()
 5 APPPATH\Controllers\Admin\Jobs\Jobs.php(58): App\Models\JobViewModel->findJobById('30')
 6 SYSTEMPATH\CodeIgniter.php(943): App\Controllers\Admin\Jobs\Jobs->listAllJobs_getByid('30')
 7 SYSTEMPATH\CodeIgniter.php(503): CodeIgniter\CodeIgniter->runController(Object(App\Controllers\Admin\Jobs\Jobs))
 8 SYSTEMPATH\CodeIgniter.php(361): CodeIgniter\CodeIgniter->handleRequest(null, Object(Config\Cache), false)
 9 FCPATH\index.php(79): CodeIgniter\CodeIgniter->run()
10 SYSTEMPATH\Commands\Server\rewrite.php(47): require_once('C:\\xampp\\htdocs\\mojd\\public\\index.php')
CRITICAL - 2024-09-06 10:15:41 --> [Caused by] CodeIgniter\Database\Exceptions\DatabaseException: Table 'moj_d.job_view' doesn't exist
in SYSTEMPATH\Database\MySQLi\Connection.php on line 311.
 1 SYSTEMPATH\Database\BaseConnection.php(693): CodeIgniter\Database\MySQLi\Connection->execute('SELECT *
FROM `job_view`
WHERE `id` = \'30\'
 LIMIT 1')
 2 SYSTEMPATH\Database\BaseConnection.php(607): CodeIgniter\Database\BaseConnection->simpleQuery('SELECT *
FROM `job_view`
WHERE `id` = \'30\'
 LIMIT 1')
 3 SYSTEMPATH\Database\BaseBuilder.php(1616): CodeIgniter\Database\BaseConnection->query('SELECT *
FROM `job_view`
WHERE `id` = :id:
 LIMIT 1', [...], false)
 4 SYSTEMPATH\Model.php(271): CodeIgniter\Database\BaseBuilder->get()
 5 SYSTEMPATH\BaseModel.php(679): CodeIgniter\Model->doFirst()
 6 APPPATH\Models\JobViewModel.php(85): CodeIgniter\BaseModel->first()
 7 APPPATH\Controllers\Admin\Jobs\Jobs.php(58): App\Models\JobViewModel->findJobById('30')
 8 SYSTEMPATH\CodeIgniter.php(943): App\Controllers\Admin\Jobs\Jobs->listAllJobs_getByid('30')
 9 SYSTEMPATH\CodeIgniter.php(503): CodeIgniter\CodeIgniter->runController(Object(App\Controllers\Admin\Jobs\Jobs))
10 SYSTEMPATH\CodeIgniter.php(361): CodeIgniter\CodeIgniter->handleRequest(null, Object(Config\Cache), false)
11 FCPATH\index.php(79): CodeIgniter\CodeIgniter->run()
12 SYSTEMPATH\Commands\Server\rewrite.php(47): require_once('C:\\xampp\\htdocs\\mojd\\public\\index.php')
CRITICAL - 2024-09-06 10:15:41 --> [Caused by] mysqli_sql_exception: Table 'moj_d.job_view' doesn't exist
in SYSTEMPATH\Database\MySQLi\Connection.php on line 306.
 1 SYSTEMPATH\Database\MySQLi\Connection.php(306): mysqli->query('SELECT *
FROM `job_view`
WHERE `id` = \'30\'
 LIMIT 1', 0)
 2 SYSTEMPATH\Database\BaseConnection.php(693): CodeIgniter\Database\MySQLi\Connection->execute('SELECT *
FROM `job_view`
WHERE `id` = \'30\'
 LIMIT 1')
 3 SYSTEMPATH\Database\BaseConnection.php(607): CodeIgniter\Database\BaseConnection->simpleQuery('SELECT *
FROM `job_view`
WHERE `id` = \'30\'
 LIMIT 1')
 4 SYSTEMPATH\Database\BaseBuilder.php(1616): CodeIgniter\Database\BaseConnection->query('SELECT *
FROM `job_view`
WHERE `id` = :id:
 LIMIT 1', [...], false)
 5 SYSTEMPATH\Model.php(271): CodeIgniter\Database\BaseBuilder->get()
 6 SYSTEMPATH\BaseModel.php(679): CodeIgniter\Model->doFirst()
 7 APPPATH\Models\JobViewModel.php(85): CodeIgniter\BaseModel->first()
 8 APPPATH\Controllers\Admin\Jobs\Jobs.php(58): App\Models\JobViewModel->findJobById('30')
 9 SYSTEMPATH\CodeIgniter.php(943): App\Controllers\Admin\Jobs\Jobs->listAllJobs_getByid('30')
10 SYSTEMPATH\CodeIgniter.php(503): CodeIgniter\CodeIgniter->runController(Object(App\Controllers\Admin\Jobs\Jobs))
11 SYSTEMPATH\CodeIgniter.php(361): CodeIgniter\CodeIgniter->handleRequest(null, Object(Config\Cache), false)
12 FCPATH\index.php(79): CodeIgniter\CodeIgniter->run()
13 SYSTEMPATH\Commands\Server\rewrite.php(47): require_once('C:\\xampp\\htdocs\\mojd\\public\\index.php')
INFO - 2024-09-06 10:15:42 --> Session: Class initialized using 'CodeIgniter\Session\Handlers\FileHandler' driver.
ERROR - 2024-09-06 10:15:42 --> mysqli_sql_exception: Table 'moj_d.job_view' doesn't exist in C:\xampp\htdocs\mojd\vendor\codeigniter4\framework\system\Database\MySQLi\Connection.php:306
Stack trace:
#0 C:\xampp\htdocs\mojd\vendor\codeigniter4\framework\system\Database\MySQLi\Connection.php(306): mysqli->query('SELECT *\nFROM `...', 0)
#1 C:\xampp\htdocs\mojd\vendor\codeigniter4\framework\system\Database\BaseConnection.php(693): CodeIgniter\Database\MySQLi\Connection->execute('SELECT *\nFROM `...')
#2 C:\xampp\htdocs\mojd\vendor\codeigniter4\framework\system\Database\BaseConnection.php(607): CodeIgniter\Database\BaseConnection->simpleQuery('SELECT *\nFROM `...')
#3 C:\xampp\htdocs\mojd\vendor\codeigniter4\framework\system\Database\BaseBuilder.php(1616): CodeIgniter\Database\BaseConnection->query('SELECT *\nFROM `...', Array, false)
#4 C:\xampp\htdocs\mojd\vendor\codeigniter4\framework\system\Model.php(271): CodeIgniter\Database\BaseBuilder->get()
#5 C:\xampp\htdocs\mojd\vendor\codeigniter4\framework\system\BaseModel.php(679): CodeIgniter\Model->doFirst()
#6 C:\xampp\htdocs\mojd\app\Models\JobViewModel.php(85): CodeIgniter\BaseModel->first()
#7 C:\xampp\htdocs\mojd\app\Controllers\Admin\Jobs\Jobs.php(58): App\Models\JobViewModel->findJobById('30')
#8 C:\xampp\htdocs\mojd\vendor\codeigniter4\framework\system\CodeIgniter.php(943): App\Controllers\Admin\Jobs\Jobs->listAllJobs_getByid('30')
#9 C:\xampp\htdocs\mojd\vendor\codeigniter4\framework\system\CodeIgniter.php(503): CodeIgniter\CodeIgniter->runController(Object(App\Controllers\Admin\Jobs\Jobs))
#10 C:\xampp\htdocs\mojd\vendor\codeigniter4\framework\system\CodeIgniter.php(361): CodeIgniter\CodeIgniter->handleRequest(NULL, Object(Config\Cache), false)
#11 C:\xampp\htdocs\mojd\public\index.php(79): CodeIgniter\CodeIgniter->run()
#12 C:\xampp\htdocs\mojd\vendor\codeigniter4\framework\system\Commands\Server\rewrite.php(47): require_once('C:\\xampp\\htdocs...')
#13 {main}
CRITICAL - 2024-09-06 10:15:42 --> CodeIgniter\Database\Exceptions\DatabaseException: Table 'moj_d.job_view' doesn't exist
in SYSTEMPATH\Database\BaseConnection.php on line 647.
 1 SYSTEMPATH\Database\BaseBuilder.php(1616): CodeIgniter\Database\BaseConnection->query('SELECT *
FROM `job_view`
WHERE `id` = :id:
 LIMIT 1', [...], false)
 2 SYSTEMPATH\Model.php(271): CodeIgniter\Database\BaseBuilder->get()
 3 SYSTEMPATH\BaseModel.php(679): CodeIgniter\Model->doFirst()
 4 APPPATH\Models\JobViewModel.php(85): CodeIgniter\BaseModel->first()
 5 APPPATH\Controllers\Admin\Jobs\Jobs.php(58): App\Models\JobViewModel->findJobById('30')
 6 SYSTEMPATH\CodeIgniter.php(943): App\Controllers\Admin\Jobs\Jobs->listAllJobs_getByid('30')
 7 SYSTEMPATH\CodeIgniter.php(503): CodeIgniter\CodeIgniter->runController(Object(App\Controllers\Admin\Jobs\Jobs))
 8 SYSTEMPATH\CodeIgniter.php(361): CodeIgniter\CodeIgniter->handleRequest(null, Object(Config\Cache), false)
 9 FCPATH\index.php(79): CodeIgniter\CodeIgniter->run()
10 SYSTEMPATH\Commands\Server\rewrite.php(47): require_once('C:\\xampp\\htdocs\\mojd\\public\\index.php')
CRITICAL - 2024-09-06 10:15:42 --> [Caused by] CodeIgniter\Database\Exceptions\DatabaseException: Table 'moj_d.job_view' doesn't exist
in SYSTEMPATH\Database\MySQLi\Connection.php on line 311.
 1 SYSTEMPATH\Database\BaseConnection.php(693): CodeIgniter\Database\MySQLi\Connection->execute('SELECT *
FROM `job_view`
WHERE `id` = \'30\'
 LIMIT 1')
 2 SYSTEMPATH\Database\BaseConnection.php(607): CodeIgniter\Database\BaseConnection->simpleQuery('SELECT *
FROM `job_view`
WHERE `id` = \'30\'
 LIMIT 1')
 3 SYSTEMPATH\Database\BaseBuilder.php(1616): CodeIgniter\Database\BaseConnection->query('SELECT *
FROM `job_view`
WHERE `id` = :id:
 LIMIT 1', [...], false)
 4 SYSTEMPATH\Model.php(271): CodeIgniter\Database\BaseBuilder->get()
 5 SYSTEMPATH\BaseModel.php(679): CodeIgniter\Model->doFirst()
 6 APPPATH\Models\JobViewModel.php(85): CodeIgniter\BaseModel->first()
 7 APPPATH\Controllers\Admin\Jobs\Jobs.php(58): App\Models\JobViewModel->findJobById('30')
 8 SYSTEMPATH\CodeIgniter.php(943): App\Controllers\Admin\Jobs\Jobs->listAllJobs_getByid('30')
 9 SYSTEMPATH\CodeIgniter.php(503): CodeIgniter\CodeIgniter->runController(Object(App\Controllers\Admin\Jobs\Jobs))
10 SYSTEMPATH\CodeIgniter.php(361): CodeIgniter\CodeIgniter->handleRequest(null, Object(Config\Cache), false)
11 FCPATH\index.php(79): CodeIgniter\CodeIgniter->run()
12 SYSTEMPATH\Commands\Server\rewrite.php(47): require_once('C:\\xampp\\htdocs\\mojd\\public\\index.php')
CRITICAL - 2024-09-06 10:15:42 --> [Caused by] mysqli_sql_exception: Table 'moj_d.job_view' doesn't exist
in SYSTEMPATH\Database\MySQLi\Connection.php on line 306.
 1 SYSTEMPATH\Database\MySQLi\Connection.php(306): mysqli->query('SELECT *
FROM `job_view`
WHERE `id` = \'30\'
 LIMIT 1', 0)
 2 SYSTEMPATH\Database\BaseConnection.php(693): CodeIgniter\Database\MySQLi\Connection->execute('SELECT *
FROM `job_view`
WHERE `id` = \'30\'
 LIMIT 1')
 3 SYSTEMPATH\Database\BaseConnection.php(607): CodeIgniter\Database\BaseConnection->simpleQuery('SELECT *
FROM `job_view`
WHERE `id` = \'30\'
 LIMIT 1')
 4 SYSTEMPATH\Database\BaseBuilder.php(1616): CodeIgniter\Database\BaseConnection->query('SELECT *
FROM `job_view`
WHERE `id` = :id:
 LIMIT 1', [...], false)
 5 SYSTEMPATH\Model.php(271): CodeIgniter\Database\BaseBuilder->get()
 6 SYSTEMPATH\BaseModel.php(679): CodeIgniter\Model->doFirst()
 7 APPPATH\Models\JobViewModel.php(85): CodeIgniter\BaseModel->first()
 8 APPPATH\Controllers\Admin\Jobs\Jobs.php(58): App\Models\JobViewModel->findJobById('30')
 9 SYSTEMPATH\CodeIgniter.php(943): App\Controllers\Admin\Jobs\Jobs->listAllJobs_getByid('30')
10 SYSTEMPATH\CodeIgniter.php(503): CodeIgniter\CodeIgniter->runController(Object(App\Controllers\Admin\Jobs\Jobs))
11 SYSTEMPATH\CodeIgniter.php(361): CodeIgniter\CodeIgniter->handleRequest(null, Object(Config\Cache), false)
12 FCPATH\index.php(79): CodeIgniter\CodeIgniter->run()
13 SYSTEMPATH\Commands\Server\rewrite.php(47): require_once('C:\\xampp\\htdocs\\mojd\\public\\index.php')
INFO - 2024-09-06 10:16:05 --> Session: Class initialized using 'CodeIgniter\Session\Handlers\FileHandler' driver.
INFO - 2024-09-06 10:16:09 --> Session: Class initialized using 'CodeIgniter\Session\Handlers\FileHandler' driver.
CRITICAL - 2024-09-06 10:16:09 --> BadMethodCallException: Call to undefined method App\Models\JobViewModel::getJobviewData
in SYSTEMPATH\Model.php on line 879.
 1 APPPATH\Controllers\Admin\Jobs\Jobs.php(58): CodeIgniter\Model->__call('getJobviewData', [...])
 2 SYSTEMPATH\CodeIgniter.php(943): App\Controllers\Admin\Jobs\Jobs->listAllJobs_getByid('30')
 3 SYSTEMPATH\CodeIgniter.php(503): CodeIgniter\CodeIgniter->runController(Object(App\Controllers\Admin\Jobs\Jobs))
 4 SYSTEMPATH\CodeIgniter.php(361): CodeIgniter\CodeIgniter->handleRequest(null, Object(Config\Cache), false)
 5 FCPATH\index.php(79): CodeIgniter\CodeIgniter->run()
 6 SYSTEMPATH\Commands\Server\rewrite.php(47): require_once('C:\\xampp\\htdocs\\mojd\\public\\index.php')
INFO - 2024-09-06 10:16:15 --> Session: Class initialized using 'CodeIgniter\Session\Handlers\FileHandler' driver.
CRITICAL - 2024-09-06 10:16:15 --> BadMethodCallException: Call to undefined method App\Models\JobViewModel::getJobviewData
in SYSTEMPATH\Model.php on line 879.
 1 APPPATH\Controllers\Admin\Jobs\Jobs.php(58): CodeIgniter\Model->__call('getJobviewData', [...])
 2 SYSTEMPATH\CodeIgniter.php(943): App\Controllers\Admin\Jobs\Jobs->listAllJobs_getByid('30')
 3 SYSTEMPATH\CodeIgniter.php(503): CodeIgniter\CodeIgniter->runController(Object(App\Controllers\Admin\Jobs\Jobs))
 4 SYSTEMPATH\CodeIgniter.php(361): CodeIgniter\CodeIgniter->handleRequest(null, Object(Config\Cache), false)
 5 FCPATH\index.php(79): CodeIgniter\CodeIgniter->run()
 6 SYSTEMPATH\Commands\Server\rewrite.php(47): require_once('C:\\xampp\\htdocs\\mojd\\public\\index.php')
INFO - 2024-09-06 10:16:40 --> Session: Class initialized using 'CodeIgniter\Session\Handlers\FileHandler' driver.
ERROR - 2024-09-06 10:16:40 --> mysqli_sql_exception: Table 'moj_d.job_view' doesn't exist in C:\xampp\htdocs\mojd\vendor\codeigniter4\framework\system\Database\MySQLi\Connection.php:306
Stack trace:
#0 C:\xampp\htdocs\mojd\vendor\codeigniter4\framework\system\Database\MySQLi\Connection.php(306): mysqli->query('SELECT `user_pr...', 0)
#1 C:\xampp\htdocs\mojd\vendor\codeigniter4\framework\system\Database\BaseConnection.php(693): CodeIgniter\Database\MySQLi\Connection->execute('SELECT `user_pr...')
#2 C:\xampp\htdocs\mojd\vendor\codeigniter4\framework\system\Database\BaseConnection.php(607): CodeIgniter\Database\BaseConnection->simpleQuery('SELECT `user_pr...')
#3 C:\xampp\htdocs\mojd\vendor\codeigniter4\framework\system\Database\BaseBuilder.php(1616): CodeIgniter\Database\BaseConnection->query('SELECT `user_pr...', Array, false)
#4 C:\xampp\htdocs\mojd\app\Models\JobViewModel.php(63): CodeIgniter\Database\BaseBuilder->get()
#5 C:\xampp\htdocs\mojd\app\Controllers\Admin\Jobs\Jobs.php(58): App\Models\JobViewModel->getJobviewData('30')
#6 C:\xampp\htdocs\mojd\vendor\codeigniter4\framework\system\CodeIgniter.php(943): App\Controllers\Admin\Jobs\Jobs->listAllJobs_getByid('30')
#7 C:\xampp\htdocs\mojd\vendor\codeigniter4\framework\system\CodeIgniter.php(503): CodeIgniter\CodeIgniter->runController(Object(App\Controllers\Admin\Jobs\Jobs))
#8 C:\xampp\htdocs\mojd\vendor\codeigniter4\framework\system\CodeIgniter.php(361): CodeIgniter\CodeIgniter->handleRequest(NULL, Object(Config\Cache), false)
#9 C:\xampp\htdocs\mojd\public\index.php(79): CodeIgniter\CodeIgniter->run()
#10 C:\xampp\htdocs\mojd\vendor\codeigniter4\framework\system\Commands\Server\rewrite.php(47): require_once('C:\\xampp\\htdocs...')
#11 {main}
CRITICAL - 2024-09-06 10:16:40 --> CodeIgniter\Database\Exceptions\DatabaseException: Table 'moj_d.job_view' doesn't exist
in SYSTEMPATH\Database\BaseConnection.php on line 647.
 1 SYSTEMPATH\Database\BaseBuilder.php(1616): CodeIgniter\Database\BaseConnection->query('SELECT `user_profiles`.*, `users`.`work_ex`, `users`.`mobile_number`, `users`.`id` AS `user_id`, `job_view`.*
FROM `job_view`
JOIN `user_profiles` ON `user_profiles`.`user_id` = `job_view`.`user_id`
LEFT JOIN `users` ON `users`.`id` = `job_view`.`user_id`
WHERE `job_view`.`job_id` = :job_view.job_id:', [...], false)
 2 APPPATH\Models\JobViewModel.php(63): CodeIgniter\Database\BaseBuilder->get()
 3 APPPATH\Controllers\Admin\Jobs\Jobs.php(58): App\Models\JobViewModel->getJobviewData('30')
 4 SYSTEMPATH\CodeIgniter.php(943): App\Controllers\Admin\Jobs\Jobs->listAllJobs_getByid('30')
 5 SYSTEMPATH\CodeIgniter.php(503): CodeIgniter\CodeIgniter->runController(Object(App\Controllers\Admin\Jobs\Jobs))
 6 SYSTEMPATH\CodeIgniter.php(361): CodeIgniter\CodeIgniter->handleRequest(null, Object(Config\Cache), false)
 7 FCPATH\index.php(79): CodeIgniter\CodeIgniter->run()
 8 SYSTEMPATH\Commands\Server\rewrite.php(47): require_once('C:\\xampp\\htdocs\\mojd\\public\\index.php')
CRITICAL - 2024-09-06 10:16:40 --> [Caused by] CodeIgniter\Database\Exceptions\DatabaseException: Table 'moj_d.job_view' doesn't exist
in SYSTEMPATH\Database\MySQLi\Connection.php on line 311.
 1 SYSTEMPATH\Database\BaseConnection.php(693): CodeIgniter\Database\MySQLi\Connection->execute('SELECT `user_profiles`.*, `users`.`work_ex`, `users`.`mobile_number`, `users`.`id` AS `user_id`, `job_view`.*
FROM `job_view`
JOIN `user_profiles` ON `user_profiles`.`user_id` = `job_view`.`user_id`
LEFT JOIN `users` ON `users`.`id` = `job_view`.`user_id`
WHERE `job_view`.`job_id` = \'30\'')
 2 SYSTEMPATH\Database\BaseConnection.php(607): CodeIgniter\Database\BaseConnection->simpleQuery('SELECT `user_profiles`.*, `users`.`work_ex`, `users`.`mobile_number`, `users`.`id` AS `user_id`, `job_view`.*
FROM `job_view`
JOIN `user_profiles` ON `user_profiles`.`user_id` = `job_view`.`user_id`
LEFT JOIN `users` ON `users`.`id` = `job_view`.`user_id`
WHERE `job_view`.`job_id` = \'30\'')
 3 SYSTEMPATH\Database\BaseBuilder.php(1616): CodeIgniter\Database\BaseConnection->query('SELECT `user_profiles`.*, `users`.`work_ex`, `users`.`mobile_number`, `users`.`id` AS `user_id`, `job_view`.*
FROM `job_view`
JOIN `user_profiles` ON `user_profiles`.`user_id` = `job_view`.`user_id`
LEFT JOIN `users` ON `users`.`id` = `job_view`.`user_id`
WHERE `job_view`.`job_id` = :job_view.job_id:', [...], false)
 4 APPPATH\Models\JobViewModel.php(63): CodeIgniter\Database\BaseBuilder->get()
 5 APPPATH\Controllers\Admin\Jobs\Jobs.php(58): App\Models\JobViewModel->getJobviewData('30')
 6 SYSTEMPATH\CodeIgniter.php(943): App\Controllers\Admin\Jobs\Jobs->listAllJobs_getByid('30')
 7 SYSTEMPATH\CodeIgniter.php(503): CodeIgniter\CodeIgniter->runController(Object(App\Controllers\Admin\Jobs\Jobs))
 8 SYSTEMPATH\CodeIgniter.php(361): CodeIgniter\CodeIgniter->handleRequest(null, Object(Config\Cache), false)
 9 FCPATH\index.php(79): CodeIgniter\CodeIgniter->run()
10 SYSTEMPATH\Commands\Server\rewrite.php(47): require_once('C:\\xampp\\htdocs\\mojd\\public\\index.php')
CRITICAL - 2024-09-06 10:16:40 --> [Caused by] mysqli_sql_exception: Table 'moj_d.job_view' doesn't exist
in SYSTEMPATH\Database\MySQLi\Connection.php on line 306.
 1 SYSTEMPATH\Database\MySQLi\Connection.php(306): mysqli->query('SELECT `user_profiles`.*, `users`.`work_ex`, `users`.`mobile_number`, `users`.`id` AS `user_id`, `job_view`.*
FROM `job_view`
JOIN `user_profiles` ON `user_profiles`.`user_id` = `job_view`.`user_id`
LEFT JOIN `users` ON `users`.`id` = `job_view`.`user_id`
WHERE `job_view`.`job_id` = \'30\'', 0)
 2 SYSTEMPATH\Database\BaseConnection.php(693): CodeIgniter\Database\MySQLi\Connection->execute('SELECT `user_profiles`.*, `users`.`work_ex`, `users`.`mobile_number`, `users`.`id` AS `user_id`, `job_view`.*
FROM `job_view`
JOIN `user_profiles` ON `user_profiles`.`user_id` = `job_view`.`user_id`
LEFT JOIN `users` ON `users`.`id` = `job_view`.`user_id`
WHERE `job_view`.`job_id` = \'30\'')
 3 SYSTEMPATH\Database\BaseConnection.php(607): CodeIgniter\Database\BaseConnection->simpleQuery('SELECT `user_profiles`.*, `users`.`work_ex`, `users`.`mobile_number`, `users`.`id` AS `user_id`, `job_view`.*
FROM `job_view`
JOIN `user_profiles` ON `user_profiles`.`user_id` = `job_view`.`user_id`
LEFT JOIN `users` ON `users`.`id` = `job_view`.`user_id`
WHERE `job_view`.`job_id` = \'30\'')
 4 SYSTEMPATH\Database\BaseBuilder.php(1616): CodeIgniter\Database\BaseConnection->query('SELECT `user_profiles`.*, `users`.`work_ex`, `users`.`mobile_number`, `users`.`id` AS `user_id`, `job_view`.*
FROM `job_view`
JOIN `user_profiles` ON `user_profiles`.`user_id` = `job_view`.`user_id`
LEFT JOIN `users` ON `users`.`id` = `job_view`.`user_id`
WHERE `job_view`.`job_id` = :job_view.job_id:', [...], false)
 5 APPPATH\Models\JobViewModel.php(63): CodeIgniter\Database\BaseBuilder->get()
 6 APPPATH\Controllers\Admin\Jobs\Jobs.php(58): App\Models\JobViewModel->getJobviewData('30')
 7 SYSTEMPATH\CodeIgniter.php(943): App\Controllers\Admin\Jobs\Jobs->listAllJobs_getByid('30')
 8 SYSTEMPATH\CodeIgniter.php(503): CodeIgniter\CodeIgniter->runController(Object(App\Controllers\Admin\Jobs\Jobs))
 9 SYSTEMPATH\CodeIgniter.php(361): CodeIgniter\CodeIgniter->handleRequest(null, Object(Config\Cache), false)
10 FCPATH\index.php(79): CodeIgniter\CodeIgniter->run()
11 SYSTEMPATH\Commands\Server\rewrite.php(47): require_once('C:\\xampp\\htdocs\\mojd\\public\\index.php')
INFO - 2024-09-06 10:17:41 --> Session: Class initialized using 'CodeIgniter\Session\Handlers\FileHandler' driver.
INFO - 2024-09-06 10:21:29 --> Session: Class initialized using 'CodeIgniter\Session\Handlers\FileHandler' driver.
INFO - 2024-09-06 10:21:52 --> Session: Class initialized using 'CodeIgniter\Session\Handlers\FileHandler' driver.
INFO - 2024-09-06 10:22:19 --> Session: Class initialized using 'CodeIgniter\Session\Handlers\FileHandler' driver.
INFO - 2024-09-06 10:22:26 --> Session: Class initialized using 'CodeIgniter\Session\Handlers\FileHandler' driver.
INFO - 2024-09-06 10:22:43 --> Session: Class initialized using 'CodeIgniter\Session\Handlers\FileHandler' driver.
INFO - 2024-09-06 10:23:46 --> Session: Class initialized using 'CodeIgniter\Session\Handlers\FileHandler' driver.
INFO - 2024-09-06 10:23:50 --> Session: Class initialized using 'CodeIgniter\Session\Handlers\FileHandler' driver.
INFO - 2024-09-06 10:24:12 --> Session: Class initialized using 'CodeIgniter\Session\Handlers\FileHandler' driver.
INFO - 2024-09-06 10:24:14 --> Session: Class initialized using 'CodeIgniter\Session\Handlers\FileHandler' driver.
INFO - 2024-09-06 10:25:06 --> Session: Class initialized using 'CodeIgniter\Session\Handlers\FileHandler' driver.
INFO - 2024-09-06 10:25:09 --> Session: Class initialized using 'CodeIgniter\Session\Handlers\FileHandler' driver.
INFO - 2024-09-06 10:27:42 --> Session: Class initialized using 'CodeIgniter\Session\Handlers\FileHandler' driver.
INFO - 2024-09-06 10:27:46 --> Session: Class initialized using 'CodeIgniter\Session\Handlers\FileHandler' driver.
INFO - 2024-09-06 10:34:54 --> Session: Class initialized using 'CodeIgniter\Session\Handlers\FileHandler' driver.
INFO - 2024-09-06 10:35:00 --> Session: Class initialized using 'CodeIgniter\Session\Handlers\FileHandler' driver.
INFO - 2024-09-06 10:35:20 --> Session: Class initialized using 'CodeIgniter\Session\Handlers\FileHandler' driver.
INFO - 2024-09-06 10:44:30 --> Session: Class initialized using 'CodeIgniter\Session\Handlers\FileHandler' driver.
INFO - 2024-09-06 10:44:57 --> Session: Class initialized using 'CodeIgniter\Session\Handlers\FileHandler' driver.
INFO - 2024-09-06 10:45:02 --> Session: Class initialized using 'CodeIgniter\Session\Handlers\FileHandler' driver.
INFO - 2024-09-06 10:45:16 --> Session: Class initialized using 'CodeIgniter\Session\Handlers\FileHandler' driver.
INFO - 2024-09-06 10:45:20 --> Session: Class initialized using 'CodeIgniter\Session\Handlers\FileHandler' driver.
INFO - 2024-09-06 12:28:57 --> Session: Class initialized using 'CodeIgniter\Session\Handlers\FileHandler' driver.
INFO - 2024-09-06 12:29:02 --> Session: Class initialized using 'CodeIgniter\Session\Handlers\FileHandler' driver.
INFO - 2024-09-06 12:29:21 --> Session: Class initialized using 'CodeIgniter\Session\Handlers\FileHandler' driver.
