INFO - 2024-09-17 11:04:33 --> Session: Class initialized using 'CodeIgniter\Session\Handlers\FileHandler' driver.
INFO - 2024-09-17 11:06:32 --> Session: Class initialized using 'CodeIgniter\Session\Handlers\FileHandler' driver.
INFO - 2024-09-17 11:06:32 --> Session: Class initialized using 'CodeIgniter\Session\Handlers\FileHandler' driver.
INFO - 2024-09-17 11:06:36 --> Session: Class initialized using 'CodeIgniter\Session\Handlers\FileHandler' driver.
INFO - 2024-09-17 11:11:58 --> Session: Class initialized using 'CodeIgniter\Session\Handlers\FileHandler' driver.
INFO - 2024-09-17 11:12:22 --> Session: Class initialized using 'CodeIgniter\Session\Handlers\FileHandler' driver.
INFO - 2024-09-17 11:12:29 --> Session: Class initialized using 'CodeIgniter\Session\Handlers\FileHandler' driver.
INFO - 2024-09-17 11:18:19 --> Session: Class initialized using 'CodeIgniter\Session\Handlers\FileHandler' driver.
INFO - 2024-09-17 11:18:38 --> Session: Class initialized using 'CodeIgniter\Session\Handlers\FileHandler' driver.
INFO - 2024-09-17 11:18:41 --> Session: Class initialized using 'CodeIgniter\Session\Handlers\FileHandler' driver.
INFO - 2024-09-17 11:19:05 --> Session: Class initialized using 'CodeIgniter\Session\Handlers\FileHandler' driver.
INFO - 2024-09-17 11:19:36 --> Session: Class initialized using 'CodeIgniter\Session\Handlers\FileHandler' driver.
INFO - 2024-09-17 11:19:40 --> Session: Class initialized using 'CodeIgniter\Session\Handlers\FileHandler' driver.
INFO - 2024-09-17 11:20:53 --> Session: Class initialized using 'CodeIgniter\Session\Handlers\FileHandler' driver.
INFO - 2024-09-17 11:20:58 --> Session: Class initialized using 'CodeIgniter\Session\Handlers\FileHandler' driver.
INFO - 2024-09-17 11:21:06 --> Session: Class initialized using 'CodeIgniter\Session\Handlers\FileHandler' driver.
INFO - 2024-09-17 11:21:15 --> Session: Class initialized using 'CodeIgniter\Session\Handlers\FileHandler' driver.
INFO - 2024-09-17 11:21:23 --> Session: Class initialized using 'CodeIgniter\Session\Handlers\FileHandler' driver.
INFO - 2024-09-17 11:21:35 --> Session: Class initialized using 'CodeIgniter\Session\Handlers\FileHandler' driver.
INFO - 2024-09-17 11:25:39 --> Session: Class initialized using 'CodeIgniter\Session\Handlers\FileHandler' driver.
INFO - 2024-09-17 11:25:50 --> Session: Class initialized using 'CodeIgniter\Session\Handlers\FileHandler' driver.
INFO - 2024-09-17 11:26:09 --> Session: Class initialized using 'CodeIgniter\Session\Handlers\FileHandler' driver.
INFO - 2024-09-17 11:26:12 --> Session: Class initialized using 'CodeIgniter\Session\Handlers\FileHandler' driver.
INFO - 2024-09-17 11:26:15 --> Session: Class initialized using 'CodeIgniter\Session\Handlers\FileHandler' driver.
INFO - 2024-09-17 11:31:25 --> Session: Class initialized using 'CodeIgniter\Session\Handlers\FileHandler' driver.
INFO - 2024-09-17 11:31:31 --> Session: Class initialized using 'CodeIgniter\Session\Handlers\FileHandler' driver.
INFO - 2024-09-17 11:31:40 --> Session: Class initialized using 'CodeIgniter\Session\Handlers\FileHandler' driver.
INFO - 2024-09-17 11:32:06 --> Session: Class initialized using 'CodeIgniter\Session\Handlers\FileHandler' driver.
INFO - 2024-09-17 11:34:20 --> Session: Class initialized using 'CodeIgniter\Session\Handlers\FileHandler' driver.
INFO - 2024-09-17 11:34:24 --> Session: Class initialized using 'CodeIgniter\Session\Handlers\FileHandler' driver.
INFO - 2024-09-17 11:34:32 --> Session: Class initialized using 'CodeIgniter\Session\Handlers\FileHandler' driver.
INFO - 2024-09-17 11:34:42 --> Session: Class initialized using 'CodeIgniter\Session\Handlers\FileHandler' driver.
INFO - 2024-09-17 11:35:53 --> Session: Class initialized using 'CodeIgniter\Session\Handlers\FileHandler' driver.
INFO - 2024-09-17 11:37:20 --> Session: Class initialized using 'CodeIgniter\Session\Handlers\FileHandler' driver.
INFO - 2024-09-17 11:37:22 --> Session: Class initialized using 'CodeIgniter\Session\Handlers\FileHandler' driver.
INFO - 2024-09-17 11:37:35 --> Session: Class initialized using 'CodeIgniter\Session\Handlers\FileHandler' driver.
INFO - 2024-09-17 11:40:17 --> Session: Class initialized using 'CodeIgniter\Session\Handlers\FileHandler' driver.
INFO - 2024-09-17 11:40:26 --> Session: Class initialized using 'CodeIgniter\Session\Handlers\FileHandler' driver.
INFO - 2024-09-17 11:42:31 --> Session: Class initialized using 'CodeIgniter\Session\Handlers\FileHandler' driver.
INFO - 2024-09-17 11:42:38 --> Session: Class initialized using 'CodeIgniter\Session\Handlers\FileHandler' driver.
INFO - 2024-09-17 11:44:56 --> Session: Class initialized using 'CodeIgniter\Session\Handlers\FileHandler' driver.
INFO - 2024-09-17 11:44:59 --> Session: Class initialized using 'CodeIgniter\Session\Handlers\FileHandler' driver.
INFO - 2024-09-17 11:45:38 --> Session: Class initialized using 'CodeIgniter\Session\Handlers\FileHandler' driver.
INFO - 2024-09-17 11:45:42 --> Session: Class initialized using 'CodeIgniter\Session\Handlers\FileHandler' driver.
INFO - 2024-09-17 11:45:56 --> Session: Class initialized using 'CodeIgniter\Session\Handlers\FileHandler' driver.
INFO - 2024-09-17 11:45:59 --> Session: Class initialized using 'CodeIgniter\Session\Handlers\FileHandler' driver.
INFO - 2024-09-17 11:55:38 --> Session: Class initialized using 'CodeIgniter\Session\Handlers\FileHandler' driver.
INFO - 2024-09-17 11:57:56 --> Session: Class initialized using 'CodeIgniter\Session\Handlers\FileHandler' driver.
CRITICAL - 2024-09-17 11:57:56 --> ErrorException: Undefined array key "id"
in APPPATH\Views\admin\settings\list_all_cities.php on line 45.
 1 APPPATH\Views\admin\settings\list_all_cities.php(45): CodeIgniter\Debug\Exceptions->errorHandler(2, 'Undefined array key "id"', 'C:\\xampp\\htdocs\\mojd\\app\\Views\\admin\\settings\\list_all_cities.php', 45)
 2 SYSTEMPATH\View\View.php(228): include('C:\\xampp\\htdocs\\mojd\\app\\Views\\admin\\settings\\list_all_cities.php')
 3 SYSTEMPATH\View\View.php(231): CodeIgniter\View\View->CodeIgniter\View\{closure}()
 4 SYSTEMPATH\Common.php(1178): CodeIgniter\View\View->render('admin/settings/list_all_cities', [], true)
 5 APPPATH\Controllers\Admin\Settings.php(219): view('admin/settings/list_all_cities', [...])
 6 SYSTEMPATH\CodeIgniter.php(943): App\Controllers\Admin\Settings->listAllCities('18e0a1f8a3131c543614f9c42ecafb61')
 7 SYSTEMPATH\CodeIgniter.php(503): CodeIgniter\CodeIgniter->runController(Object(App\Controllers\Admin\Settings))
 8 SYSTEMPATH\CodeIgniter.php(361): CodeIgniter\CodeIgniter->handleRequest(null, Object(Config\Cache), false)
 9 FCPATH\index.php(79): CodeIgniter\CodeIgniter->run()
10 SYSTEMPATH\Commands\Server\rewrite.php(47): require_once('C:\\xampp\\htdocs\\mojd\\public\\index.php')
INFO - 2024-09-17 11:59:17 --> Session: Class initialized using 'CodeIgniter\Session\Handlers\FileHandler' driver.
ERROR - 2024-09-17 11:59:17 --> mysqli_sql_exception: Unknown table 'test.unified_pincodes' in C:\xampp\htdocs\mojd\vendor\codeigniter4\framework\system\Database\MySQLi\Connection.php:306
Stack trace:
#0 C:\xampp\htdocs\mojd\vendor\codeigniter4\framework\system\Database\MySQLi\Connection.php(306): mysqli->query('SELECT `unified...', 0)
#1 C:\xampp\htdocs\mojd\vendor\codeigniter4\framework\system\Database\BaseConnection.php(693): CodeIgniter\Database\MySQLi\Connection->execute('SELECT `unified...')
#2 C:\xampp\htdocs\mojd\vendor\codeigniter4\framework\system\Database\BaseConnection.php(607): CodeIgniter\Database\BaseConnection->simpleQuery('SELECT `unified...')
#3 C:\xampp\htdocs\mojd\vendor\codeigniter4\framework\system\Database\BaseBuilder.php(1616): CodeIgniter\Database\BaseConnection->query('SELECT `unified...', Array, false)
#4 C:\xampp\htdocs\mojd\vendor\codeigniter4\framework\system\Model.php(243): CodeIgniter\Database\BaseBuilder->get()
#5 C:\xampp\htdocs\mojd\vendor\codeigniter4\framework\system\BaseModel.php(641): CodeIgniter\Model->doFindAll(0, 0)
#6 C:\xampp\htdocs\mojd\app\Controllers\Admin\Settings.php(210): CodeIgniter\BaseModel->findAll()
#7 C:\xampp\htdocs\mojd\vendor\codeigniter4\framework\system\CodeIgniter.php(943): App\Controllers\Admin\Settings->listAllCities('18e0a1f8a3131c5...')
#8 C:\xampp\htdocs\mojd\vendor\codeigniter4\framework\system\CodeIgniter.php(503): CodeIgniter\CodeIgniter->runController(Object(App\Controllers\Admin\Settings))
#9 C:\xampp\htdocs\mojd\vendor\codeigniter4\framework\system\CodeIgniter.php(361): CodeIgniter\CodeIgniter->handleRequest(NULL, Object(Config\Cache), false)
#10 C:\xampp\htdocs\mojd\public\index.php(79): CodeIgniter\CodeIgniter->run()
#11 C:\xampp\htdocs\mojd\vendor\codeigniter4\framework\system\Commands\Server\rewrite.php(47): require_once('C:\\xampp\\htdocs...')
#12 {main}
CRITICAL - 2024-09-17 11:59:17 --> CodeIgniter\Database\Exceptions\DatabaseException: Unknown table 'test.unified_pincodes'
in SYSTEMPATH\Database\BaseConnection.php on line 647.
 1 SYSTEMPATH\Database\BaseBuilder.php(1616): CodeIgniter\Database\BaseConnection->query('SELECT `unified_pincodes`.*
FROM `all_cities`', [], false)
 2 SYSTEMPATH\Model.php(243): CodeIgniter\Database\BaseBuilder->get()
 3 SYSTEMPATH\BaseModel.php(641): CodeIgniter\Model->doFindAll(0, 0)
 4 APPPATH\Controllers\Admin\Settings.php(210): CodeIgniter\BaseModel->findAll()
 5 SYSTEMPATH\CodeIgniter.php(943): App\Controllers\Admin\Settings->listAllCities('18e0a1f8a3131c543614f9c42ecafb61')
 6 SYSTEMPATH\CodeIgniter.php(503): CodeIgniter\CodeIgniter->runController(Object(App\Controllers\Admin\Settings))
 7 SYSTEMPATH\CodeIgniter.php(361): CodeIgniter\CodeIgniter->handleRequest(null, Object(Config\Cache), false)
 8 FCPATH\index.php(79): CodeIgniter\CodeIgniter->run()
 9 SYSTEMPATH\Commands\Server\rewrite.php(47): require_once('C:\\xampp\\htdocs\\mojd\\public\\index.php')
CRITICAL - 2024-09-17 11:59:17 --> [Caused by] CodeIgniter\Database\Exceptions\DatabaseException: Unknown table 'test.unified_pincodes'
in SYSTEMPATH\Database\MySQLi\Connection.php on line 311.
 1 SYSTEMPATH\Database\BaseConnection.php(693): CodeIgniter\Database\MySQLi\Connection->execute('SELECT `unified_pincodes`.*
FROM `all_cities`')
 2 SYSTEMPATH\Database\BaseConnection.php(607): CodeIgniter\Database\BaseConnection->simpleQuery('SELECT `unified_pincodes`.*
FROM `all_cities`')
 3 SYSTEMPATH\Database\BaseBuilder.php(1616): CodeIgniter\Database\BaseConnection->query('SELECT `unified_pincodes`.*
FROM `all_cities`', [], false)
 4 SYSTEMPATH\Model.php(243): CodeIgniter\Database\BaseBuilder->get()
 5 SYSTEMPATH\BaseModel.php(641): CodeIgniter\Model->doFindAll(0, 0)
 6 APPPATH\Controllers\Admin\Settings.php(210): CodeIgniter\BaseModel->findAll()
 7 SYSTEMPATH\CodeIgniter.php(943): App\Controllers\Admin\Settings->listAllCities('18e0a1f8a3131c543614f9c42ecafb61')
 8 SYSTEMPATH\CodeIgniter.php(503): CodeIgniter\CodeIgniter->runController(Object(App\Controllers\Admin\Settings))
 9 SYSTEMPATH\CodeIgniter.php(361): CodeIgniter\CodeIgniter->handleRequest(null, Object(Config\Cache), false)
10 FCPATH\index.php(79): CodeIgniter\CodeIgniter->run()
11 SYSTEMPATH\Commands\Server\rewrite.php(47): require_once('C:\\xampp\\htdocs\\mojd\\public\\index.php')
CRITICAL - 2024-09-17 11:59:17 --> [Caused by] mysqli_sql_exception: Unknown table 'test.unified_pincodes'
in SYSTEMPATH\Database\MySQLi\Connection.php on line 306.
 1 SYSTEMPATH\Database\MySQLi\Connection.php(306): mysqli->query('SELECT `unified_pincodes`.*
FROM `all_cities`', 0)
 2 SYSTEMPATH\Database\BaseConnection.php(693): CodeIgniter\Database\MySQLi\Connection->execute('SELECT `unified_pincodes`.*
FROM `all_cities`')
 3 SYSTEMPATH\Database\BaseConnection.php(607): CodeIgniter\Database\BaseConnection->simpleQuery('SELECT `unified_pincodes`.*
FROM `all_cities`')
 4 SYSTEMPATH\Database\BaseBuilder.php(1616): CodeIgniter\Database\BaseConnection->query('SELECT `unified_pincodes`.*
FROM `all_cities`', [], false)
 5 SYSTEMPATH\Model.php(243): CodeIgniter\Database\BaseBuilder->get()
 6 SYSTEMPATH\BaseModel.php(641): CodeIgniter\Model->doFindAll(0, 0)
 7 APPPATH\Controllers\Admin\Settings.php(210): CodeIgniter\BaseModel->findAll()
 8 SYSTEMPATH\CodeIgniter.php(943): App\Controllers\Admin\Settings->listAllCities('18e0a1f8a3131c543614f9c42ecafb61')
 9 SYSTEMPATH\CodeIgniter.php(503): CodeIgniter\CodeIgniter->runController(Object(App\Controllers\Admin\Settings))
10 SYSTEMPATH\CodeIgniter.php(361): CodeIgniter\CodeIgniter->handleRequest(null, Object(Config\Cache), false)
11 FCPATH\index.php(79): CodeIgniter\CodeIgniter->run()
12 SYSTEMPATH\Commands\Server\rewrite.php(47): require_once('C:\\xampp\\htdocs\\mojd\\public\\index.php')
INFO - 2024-09-17 12:03:06 --> Session: Class initialized using 'CodeIgniter\Session\Handlers\FileHandler' driver.
ERROR - 2024-09-17 12:03:06 --> mysqli_sql_exception: Unknown table 'test.unified_pincodes' in C:\xampp\htdocs\mojd\vendor\codeigniter4\framework\system\Database\MySQLi\Connection.php:306
Stack trace:
#0 C:\xampp\htdocs\mojd\vendor\codeigniter4\framework\system\Database\MySQLi\Connection.php(306): mysqli->query('SELECT `unified...', 0)
#1 C:\xampp\htdocs\mojd\vendor\codeigniter4\framework\system\Database\BaseConnection.php(693): CodeIgniter\Database\MySQLi\Connection->execute('SELECT `unified...')
#2 C:\xampp\htdocs\mojd\vendor\codeigniter4\framework\system\Database\BaseConnection.php(607): CodeIgniter\Database\BaseConnection->simpleQuery('SELECT `unified...')
#3 C:\xampp\htdocs\mojd\vendor\codeigniter4\framework\system\Database\BaseBuilder.php(1616): CodeIgniter\Database\BaseConnection->query('SELECT `unified...', Array, false)
#4 C:\xampp\htdocs\mojd\vendor\codeigniter4\framework\system\Model.php(243): CodeIgniter\Database\BaseBuilder->get()
#5 C:\xampp\htdocs\mojd\vendor\codeigniter4\framework\system\BaseModel.php(641): CodeIgniter\Model->doFindAll(0, 0)
#6 C:\xampp\htdocs\mojd\app\Controllers\Admin\Settings.php(210): CodeIgniter\BaseModel->findAll()
#7 C:\xampp\htdocs\mojd\vendor\codeigniter4\framework\system\CodeIgniter.php(943): App\Controllers\Admin\Settings->listAllCities('18e0a1f8a3131c5...')
#8 C:\xampp\htdocs\mojd\vendor\codeigniter4\framework\system\CodeIgniter.php(503): CodeIgniter\CodeIgniter->runController(Object(App\Controllers\Admin\Settings))
#9 C:\xampp\htdocs\mojd\vendor\codeigniter4\framework\system\CodeIgniter.php(361): CodeIgniter\CodeIgniter->handleRequest(NULL, Object(Config\Cache), false)
#10 C:\xampp\htdocs\mojd\public\index.php(79): CodeIgniter\CodeIgniter->run()
#11 C:\xampp\htdocs\mojd\vendor\codeigniter4\framework\system\Commands\Server\rewrite.php(47): require_once('C:\\xampp\\htdocs...')
#12 {main}
CRITICAL - 2024-09-17 12:03:06 --> CodeIgniter\Database\Exceptions\DatabaseException: Unknown table 'test.unified_pincodes'
in SYSTEMPATH\Database\BaseConnection.php on line 647.
 1 SYSTEMPATH\Database\BaseBuilder.php(1616): CodeIgniter\Database\BaseConnection->query('SELECT `unified_pincodes`.*
FROM `all_cities`', [], false)
 2 SYSTEMPATH\Model.php(243): CodeIgniter\Database\BaseBuilder->get()
 3 SYSTEMPATH\BaseModel.php(641): CodeIgniter\Model->doFindAll(0, 0)
 4 APPPATH\Controllers\Admin\Settings.php(210): CodeIgniter\BaseModel->findAll()
 5 SYSTEMPATH\CodeIgniter.php(943): App\Controllers\Admin\Settings->listAllCities('18e0a1f8a3131c543614f9c42ecafb61')
 6 SYSTEMPATH\CodeIgniter.php(503): CodeIgniter\CodeIgniter->runController(Object(App\Controllers\Admin\Settings))
 7 SYSTEMPATH\CodeIgniter.php(361): CodeIgniter\CodeIgniter->handleRequest(null, Object(Config\Cache), false)
 8 FCPATH\index.php(79): CodeIgniter\CodeIgniter->run()
 9 SYSTEMPATH\Commands\Server\rewrite.php(47): require_once('C:\\xampp\\htdocs\\mojd\\public\\index.php')
CRITICAL - 2024-09-17 12:03:06 --> [Caused by] CodeIgniter\Database\Exceptions\DatabaseException: Unknown table 'test.unified_pincodes'
in SYSTEMPATH\Database\MySQLi\Connection.php on line 311.
 1 SYSTEMPATH\Database\BaseConnection.php(693): CodeIgniter\Database\MySQLi\Connection->execute('SELECT `unified_pincodes`.*
FROM `all_cities`')
 2 SYSTEMPATH\Database\BaseConnection.php(607): CodeIgniter\Database\BaseConnection->simpleQuery('SELECT `unified_pincodes`.*
FROM `all_cities`')
 3 SYSTEMPATH\Database\BaseBuilder.php(1616): CodeIgniter\Database\BaseConnection->query('SELECT `unified_pincodes`.*
FROM `all_cities`', [], false)
 4 SYSTEMPATH\Model.php(243): CodeIgniter\Database\BaseBuilder->get()
 5 SYSTEMPATH\BaseModel.php(641): CodeIgniter\Model->doFindAll(0, 0)
 6 APPPATH\Controllers\Admin\Settings.php(210): CodeIgniter\BaseModel->findAll()
 7 SYSTEMPATH\CodeIgniter.php(943): App\Controllers\Admin\Settings->listAllCities('18e0a1f8a3131c543614f9c42ecafb61')
 8 SYSTEMPATH\CodeIgniter.php(503): CodeIgniter\CodeIgniter->runController(Object(App\Controllers\Admin\Settings))
 9 SYSTEMPATH\CodeIgniter.php(361): CodeIgniter\CodeIgniter->handleRequest(null, Object(Config\Cache), false)
10 FCPATH\index.php(79): CodeIgniter\CodeIgniter->run()
11 SYSTEMPATH\Commands\Server\rewrite.php(47): require_once('C:\\xampp\\htdocs\\mojd\\public\\index.php')
CRITICAL - 2024-09-17 12:03:06 --> [Caused by] mysqli_sql_exception: Unknown table 'test.unified_pincodes'
in SYSTEMPATH\Database\MySQLi\Connection.php on line 306.
 1 SYSTEMPATH\Database\MySQLi\Connection.php(306): mysqli->query('SELECT `unified_pincodes`.*
FROM `all_cities`', 0)
 2 SYSTEMPATH\Database\BaseConnection.php(693): CodeIgniter\Database\MySQLi\Connection->execute('SELECT `unified_pincodes`.*
FROM `all_cities`')
 3 SYSTEMPATH\Database\BaseConnection.php(607): CodeIgniter\Database\BaseConnection->simpleQuery('SELECT `unified_pincodes`.*
FROM `all_cities`')
 4 SYSTEMPATH\Database\BaseBuilder.php(1616): CodeIgniter\Database\BaseConnection->query('SELECT `unified_pincodes`.*
FROM `all_cities`', [], false)
 5 SYSTEMPATH\Model.php(243): CodeIgniter\Database\BaseBuilder->get()
 6 SYSTEMPATH\BaseModel.php(641): CodeIgniter\Model->doFindAll(0, 0)
 7 APPPATH\Controllers\Admin\Settings.php(210): CodeIgniter\BaseModel->findAll()
 8 SYSTEMPATH\CodeIgniter.php(943): App\Controllers\Admin\Settings->listAllCities('18e0a1f8a3131c543614f9c42ecafb61')
 9 SYSTEMPATH\CodeIgniter.php(503): CodeIgniter\CodeIgniter->runController(Object(App\Controllers\Admin\Settings))
10 SYSTEMPATH\CodeIgniter.php(361): CodeIgniter\CodeIgniter->handleRequest(null, Object(Config\Cache), false)
11 FCPATH\index.php(79): CodeIgniter\CodeIgniter->run()
12 SYSTEMPATH\Commands\Server\rewrite.php(47): require_once('C:\\xampp\\htdocs\\mojd\\public\\index.php')
INFO - 2024-09-17 12:04:08 --> Session: Class initialized using 'CodeIgniter\Session\Handlers\FileHandler' driver.
ERROR - 2024-09-17 12:04:08 --> mysqli_sql_exception: Unknown table 'test.unified_pincodes' in C:\xampp\htdocs\mojd\vendor\codeigniter4\framework\system\Database\MySQLi\Connection.php:306
Stack trace:
#0 C:\xampp\htdocs\mojd\vendor\codeigniter4\framework\system\Database\MySQLi\Connection.php(306): mysqli->query('SELECT `unified...', 0)
#1 C:\xampp\htdocs\mojd\vendor\codeigniter4\framework\system\Database\BaseConnection.php(693): CodeIgniter\Database\MySQLi\Connection->execute('SELECT `unified...')
#2 C:\xampp\htdocs\mojd\vendor\codeigniter4\framework\system\Database\BaseConnection.php(607): CodeIgniter\Database\BaseConnection->simpleQuery('SELECT `unified...')
#3 C:\xampp\htdocs\mojd\vendor\codeigniter4\framework\system\Database\BaseBuilder.php(1616): CodeIgniter\Database\BaseConnection->query('SELECT `unified...', Array, false)
#4 C:\xampp\htdocs\mojd\vendor\codeigniter4\framework\system\Model.php(243): CodeIgniter\Database\BaseBuilder->get()
#5 C:\xampp\htdocs\mojd\vendor\codeigniter4\framework\system\BaseModel.php(641): CodeIgniter\Model->doFindAll(0, 0)
#6 C:\xampp\htdocs\mojd\app\Controllers\Admin\Settings.php(208): CodeIgniter\BaseModel->findAll()
#7 C:\xampp\htdocs\mojd\vendor\codeigniter4\framework\system\CodeIgniter.php(943): App\Controllers\Admin\Settings->listAllCities('18e0a1f8a3131c5...')
#8 C:\xampp\htdocs\mojd\vendor\codeigniter4\framework\system\CodeIgniter.php(503): CodeIgniter\CodeIgniter->runController(Object(App\Controllers\Admin\Settings))
#9 C:\xampp\htdocs\mojd\vendor\codeigniter4\framework\system\CodeIgniter.php(361): CodeIgniter\CodeIgniter->handleRequest(NULL, Object(Config\Cache), false)
#10 C:\xampp\htdocs\mojd\public\index.php(79): CodeIgniter\CodeIgniter->run()
#11 C:\xampp\htdocs\mojd\vendor\codeigniter4\framework\system\Commands\Server\rewrite.php(47): require_once('C:\\xampp\\htdocs...')
#12 {main}
CRITICAL - 2024-09-17 12:04:08 --> CodeIgniter\Database\Exceptions\DatabaseException: Unknown table 'test.unified_pincodes'
in SYSTEMPATH\Database\BaseConnection.php on line 647.
 1 SYSTEMPATH\Database\BaseBuilder.php(1616): CodeIgniter\Database\BaseConnection->query('SELECT `unified_pincodes`.*
FROM `all_cities`', [], false)
 2 SYSTEMPATH\Model.php(243): CodeIgniter\Database\BaseBuilder->get()
 3 SYSTEMPATH\BaseModel.php(641): CodeIgniter\Model->doFindAll(0, 0)
 4 APPPATH\Controllers\Admin\Settings.php(208): CodeIgniter\BaseModel->findAll()
 5 SYSTEMPATH\CodeIgniter.php(943): App\Controllers\Admin\Settings->listAllCities('18e0a1f8a3131c543614f9c42ecafb61')
 6 SYSTEMPATH\CodeIgniter.php(503): CodeIgniter\CodeIgniter->runController(Object(App\Controllers\Admin\Settings))
 7 SYSTEMPATH\CodeIgniter.php(361): CodeIgniter\CodeIgniter->handleRequest(null, Object(Config\Cache), false)
 8 FCPATH\index.php(79): CodeIgniter\CodeIgniter->run()
 9 SYSTEMPATH\Commands\Server\rewrite.php(47): require_once('C:\\xampp\\htdocs\\mojd\\public\\index.php')
CRITICAL - 2024-09-17 12:04:08 --> [Caused by] CodeIgniter\Database\Exceptions\DatabaseException: Unknown table 'test.unified_pincodes'
in SYSTEMPATH\Database\MySQLi\Connection.php on line 311.
 1 SYSTEMPATH\Database\BaseConnection.php(693): CodeIgniter\Database\MySQLi\Connection->execute('SELECT `unified_pincodes`.*
FROM `all_cities`')
 2 SYSTEMPATH\Database\BaseConnection.php(607): CodeIgniter\Database\BaseConnection->simpleQuery('SELECT `unified_pincodes`.*
FROM `all_cities`')
 3 SYSTEMPATH\Database\BaseBuilder.php(1616): CodeIgniter\Database\BaseConnection->query('SELECT `unified_pincodes`.*
FROM `all_cities`', [], false)
 4 SYSTEMPATH\Model.php(243): CodeIgniter\Database\BaseBuilder->get()
 5 SYSTEMPATH\BaseModel.php(641): CodeIgniter\Model->doFindAll(0, 0)
 6 APPPATH\Controllers\Admin\Settings.php(208): CodeIgniter\BaseModel->findAll()
 7 SYSTEMPATH\CodeIgniter.php(943): App\Controllers\Admin\Settings->listAllCities('18e0a1f8a3131c543614f9c42ecafb61')
 8 SYSTEMPATH\CodeIgniter.php(503): CodeIgniter\CodeIgniter->runController(Object(App\Controllers\Admin\Settings))
 9 SYSTEMPATH\CodeIgniter.php(361): CodeIgniter\CodeIgniter->handleRequest(null, Object(Config\Cache), false)
10 FCPATH\index.php(79): CodeIgniter\CodeIgniter->run()
11 SYSTEMPATH\Commands\Server\rewrite.php(47): require_once('C:\\xampp\\htdocs\\mojd\\public\\index.php')
CRITICAL - 2024-09-17 12:04:08 --> [Caused by] mysqli_sql_exception: Unknown table 'test.unified_pincodes'
in SYSTEMPATH\Database\MySQLi\Connection.php on line 306.
 1 SYSTEMPATH\Database\MySQLi\Connection.php(306): mysqli->query('SELECT `unified_pincodes`.*
FROM `all_cities`', 0)
 2 SYSTEMPATH\Database\BaseConnection.php(693): CodeIgniter\Database\MySQLi\Connection->execute('SELECT `unified_pincodes`.*
FROM `all_cities`')
 3 SYSTEMPATH\Database\BaseConnection.php(607): CodeIgniter\Database\BaseConnection->simpleQuery('SELECT `unified_pincodes`.*
FROM `all_cities`')
 4 SYSTEMPATH\Database\BaseBuilder.php(1616): CodeIgniter\Database\BaseConnection->query('SELECT `unified_pincodes`.*
FROM `all_cities`', [], false)
 5 SYSTEMPATH\Model.php(243): CodeIgniter\Database\BaseBuilder->get()
 6 SYSTEMPATH\BaseModel.php(641): CodeIgniter\Model->doFindAll(0, 0)
 7 APPPATH\Controllers\Admin\Settings.php(208): CodeIgniter\BaseModel->findAll()
 8 SYSTEMPATH\CodeIgniter.php(943): App\Controllers\Admin\Settings->listAllCities('18e0a1f8a3131c543614f9c42ecafb61')
 9 SYSTEMPATH\CodeIgniter.php(503): CodeIgniter\CodeIgniter->runController(Object(App\Controllers\Admin\Settings))
10 SYSTEMPATH\CodeIgniter.php(361): CodeIgniter\CodeIgniter->handleRequest(null, Object(Config\Cache), false)
11 FCPATH\index.php(79): CodeIgniter\CodeIgniter->run()
12 SYSTEMPATH\Commands\Server\rewrite.php(47): require_once('C:\\xampp\\htdocs\\mojd\\public\\index.php')
INFO - 2024-09-17 12:05:27 --> Session: Class initialized using 'CodeIgniter\Session\Handlers\FileHandler' driver.
CRITICAL - 2024-09-17 12:05:27 --> CodeIgniter\Database\Exceptions\DatabaseException: You must set the database table to be used with your query.
in SYSTEMPATH\Database\BaseConnection.php on line 884.
 1 SYSTEMPATH\Model.php(663): CodeIgniter\Database\BaseConnection->table(null)
 2 SYSTEMPATH\Model.php(869): CodeIgniter\Model->builder()
 3 APPPATH\Controllers\Admin\Settings.php(208): CodeIgniter\Model->__call('select', [...])
 4 SYSTEMPATH\CodeIgniter.php(943): App\Controllers\Admin\Settings->listAllCities('18e0a1f8a3131c543614f9c42ecafb61')
 5 SYSTEMPATH\CodeIgniter.php(503): CodeIgniter\CodeIgniter->runController(Object(App\Controllers\Admin\Settings))
 6 SYSTEMPATH\CodeIgniter.php(361): CodeIgniter\CodeIgniter->handleRequest(null, Object(Config\Cache), false)
 7 FCPATH\index.php(79): CodeIgniter\CodeIgniter->run()
 8 SYSTEMPATH\Commands\Server\rewrite.php(47): require_once('C:\\xampp\\htdocs\\mojd\\public\\index.php')
INFO - 2024-09-17 12:07:22 --> Session: Class initialized using 'CodeIgniter\Session\Handlers\FileHandler' driver.
ERROR - 2024-09-17 12:07:22 --> mysqli_sql_exception: Unknown table 'test.unified_pincodes' in C:\xampp\htdocs\mojd\vendor\codeigniter4\framework\system\Database\MySQLi\Connection.php:306
Stack trace:
#0 C:\xampp\htdocs\mojd\vendor\codeigniter4\framework\system\Database\MySQLi\Connection.php(306): mysqli->query('SELECT `unified...', 0)
#1 C:\xampp\htdocs\mojd\vendor\codeigniter4\framework\system\Database\BaseConnection.php(693): CodeIgniter\Database\MySQLi\Connection->execute('SELECT `unified...')
#2 C:\xampp\htdocs\mojd\vendor\codeigniter4\framework\system\Database\BaseConnection.php(607): CodeIgniter\Database\BaseConnection->simpleQuery('SELECT `unified...')
#3 C:\xampp\htdocs\mojd\vendor\codeigniter4\framework\system\Database\BaseBuilder.php(1616): CodeIgniter\Database\BaseConnection->query('SELECT `unified...', Array, false)
#4 C:\xampp\htdocs\mojd\vendor\codeigniter4\framework\system\Model.php(243): CodeIgniter\Database\BaseBuilder->get()
#5 C:\xampp\htdocs\mojd\vendor\codeigniter4\framework\system\BaseModel.php(641): CodeIgniter\Model->doFindAll(0, 0)
#6 C:\xampp\htdocs\mojd\app\Controllers\Admin\Settings.php(208): CodeIgniter\BaseModel->findAll()
#7 C:\xampp\htdocs\mojd\vendor\codeigniter4\framework\system\CodeIgniter.php(943): App\Controllers\Admin\Settings->listAllCities('18e0a1f8a3131c5...')
#8 C:\xampp\htdocs\mojd\vendor\codeigniter4\framework\system\CodeIgniter.php(503): CodeIgniter\CodeIgniter->runController(Object(App\Controllers\Admin\Settings))
#9 C:\xampp\htdocs\mojd\vendor\codeigniter4\framework\system\CodeIgniter.php(361): CodeIgniter\CodeIgniter->handleRequest(NULL, Object(Config\Cache), false)
#10 C:\xampp\htdocs\mojd\public\index.php(79): CodeIgniter\CodeIgniter->run()
#11 C:\xampp\htdocs\mojd\vendor\codeigniter4\framework\system\Commands\Server\rewrite.php(47): require_once('C:\\xampp\\htdocs...')
#12 {main}
CRITICAL - 2024-09-17 12:07:22 --> CodeIgniter\Database\Exceptions\DatabaseException: Unknown table 'test.unified_pincodes'
in SYSTEMPATH\Database\BaseConnection.php on line 647.
 1 SYSTEMPATH\Database\BaseBuilder.php(1616): CodeIgniter\Database\BaseConnection->query('SELECT `unified_pincodes`.*
FROM `all_cities`', [], false)
 2 SYSTEMPATH\Model.php(243): CodeIgniter\Database\BaseBuilder->get()
 3 SYSTEMPATH\BaseModel.php(641): CodeIgniter\Model->doFindAll(0, 0)
 4 APPPATH\Controllers\Admin\Settings.php(208): CodeIgniter\BaseModel->findAll()
 5 SYSTEMPATH\CodeIgniter.php(943): App\Controllers\Admin\Settings->listAllCities('18e0a1f8a3131c543614f9c42ecafb61')
 6 SYSTEMPATH\CodeIgniter.php(503): CodeIgniter\CodeIgniter->runController(Object(App\Controllers\Admin\Settings))
 7 SYSTEMPATH\CodeIgniter.php(361): CodeIgniter\CodeIgniter->handleRequest(null, Object(Config\Cache), false)
 8 FCPATH\index.php(79): CodeIgniter\CodeIgniter->run()
 9 SYSTEMPATH\Commands\Server\rewrite.php(47): require_once('C:\\xampp\\htdocs\\mojd\\public\\index.php')
CRITICAL - 2024-09-17 12:07:22 --> [Caused by] CodeIgniter\Database\Exceptions\DatabaseException: Unknown table 'test.unified_pincodes'
in SYSTEMPATH\Database\MySQLi\Connection.php on line 311.
 1 SYSTEMPATH\Database\BaseConnection.php(693): CodeIgniter\Database\MySQLi\Connection->execute('SELECT `unified_pincodes`.*
FROM `all_cities`')
 2 SYSTEMPATH\Database\BaseConnection.php(607): CodeIgniter\Database\BaseConnection->simpleQuery('SELECT `unified_pincodes`.*
FROM `all_cities`')
 3 SYSTEMPATH\Database\BaseBuilder.php(1616): CodeIgniter\Database\BaseConnection->query('SELECT `unified_pincodes`.*
FROM `all_cities`', [], false)
 4 SYSTEMPATH\Model.php(243): CodeIgniter\Database\BaseBuilder->get()
 5 SYSTEMPATH\BaseModel.php(641): CodeIgniter\Model->doFindAll(0, 0)
 6 APPPATH\Controllers\Admin\Settings.php(208): CodeIgniter\BaseModel->findAll()
 7 SYSTEMPATH\CodeIgniter.php(943): App\Controllers\Admin\Settings->listAllCities('18e0a1f8a3131c543614f9c42ecafb61')
 8 SYSTEMPATH\CodeIgniter.php(503): CodeIgniter\CodeIgniter->runController(Object(App\Controllers\Admin\Settings))
 9 SYSTEMPATH\CodeIgniter.php(361): CodeIgniter\CodeIgniter->handleRequest(null, Object(Config\Cache), false)
10 FCPATH\index.php(79): CodeIgniter\CodeIgniter->run()
11 SYSTEMPATH\Commands\Server\rewrite.php(47): require_once('C:\\xampp\\htdocs\\mojd\\public\\index.php')
CRITICAL - 2024-09-17 12:07:22 --> [Caused by] mysqli_sql_exception: Unknown table 'test.unified_pincodes'
in SYSTEMPATH\Database\MySQLi\Connection.php on line 306.
 1 SYSTEMPATH\Database\MySQLi\Connection.php(306): mysqli->query('SELECT `unified_pincodes`.*
FROM `all_cities`', 0)
 2 SYSTEMPATH\Database\BaseConnection.php(693): CodeIgniter\Database\MySQLi\Connection->execute('SELECT `unified_pincodes`.*
FROM `all_cities`')
 3 SYSTEMPATH\Database\BaseConnection.php(607): CodeIgniter\Database\BaseConnection->simpleQuery('SELECT `unified_pincodes`.*
FROM `all_cities`')
 4 SYSTEMPATH\Database\BaseBuilder.php(1616): CodeIgniter\Database\BaseConnection->query('SELECT `unified_pincodes`.*
FROM `all_cities`', [], false)
 5 SYSTEMPATH\Model.php(243): CodeIgniter\Database\BaseBuilder->get()
 6 SYSTEMPATH\BaseModel.php(641): CodeIgniter\Model->doFindAll(0, 0)
 7 APPPATH\Controllers\Admin\Settings.php(208): CodeIgniter\BaseModel->findAll()
 8 SYSTEMPATH\CodeIgniter.php(943): App\Controllers\Admin\Settings->listAllCities('18e0a1f8a3131c543614f9c42ecafb61')
 9 SYSTEMPATH\CodeIgniter.php(503): CodeIgniter\CodeIgniter->runController(Object(App\Controllers\Admin\Settings))
10 SYSTEMPATH\CodeIgniter.php(361): CodeIgniter\CodeIgniter->handleRequest(null, Object(Config\Cache), false)
11 FCPATH\index.php(79): CodeIgniter\CodeIgniter->run()
12 SYSTEMPATH\Commands\Server\rewrite.php(47): require_once('C:\\xampp\\htdocs\\mojd\\public\\index.php')
INFO - 2024-09-17 12:07:43 --> Session: Class initialized using 'CodeIgniter\Session\Handlers\FileHandler' driver.
INFO - 2024-09-17 12:07:54 --> Session: Class initialized using 'CodeIgniter\Session\Handlers\FileHandler' driver.
CRITICAL - 2024-09-17 12:07:54 --> CodeIgniter\Database\Exceptions\DatabaseException: You must set the database table to be used with your query.
in SYSTEMPATH\Database\BaseConnection.php on line 884.
 1 SYSTEMPATH\Model.php(663): CodeIgniter\Database\BaseConnection->table(null)
 2 SYSTEMPATH\Model.php(869): CodeIgniter\Model->builder()
 3 APPPATH\Controllers\Admin\Settings.php(208): CodeIgniter\Model->__call('select', [...])
 4 SYSTEMPATH\CodeIgniter.php(943): App\Controllers\Admin\Settings->listAllCities('18e0a1f8a3131c543614f9c42ecafb61')
 5 SYSTEMPATH\CodeIgniter.php(503): CodeIgniter\CodeIgniter->runController(Object(App\Controllers\Admin\Settings))
 6 SYSTEMPATH\CodeIgniter.php(361): CodeIgniter\CodeIgniter->handleRequest(null, Object(Config\Cache), false)
 7 FCPATH\index.php(79): CodeIgniter\CodeIgniter->run()
 8 SYSTEMPATH\Commands\Server\rewrite.php(47): require_once('C:\\xampp\\htdocs\\mojd\\public\\index.php')
INFO - 2024-09-17 12:08:12 --> Session: Class initialized using 'CodeIgniter\Session\Handlers\FileHandler' driver.
INFO - 2024-09-17 12:09:19 --> Session: Class initialized using 'CodeIgniter\Session\Handlers\FileHandler' driver.
CRITICAL - 2024-09-17 12:09:19 --> CodeIgniter\Database\Exceptions\DatabaseException: You must set the database table to be used with your query.
in SYSTEMPATH\Database\BaseConnection.php on line 884.
 1 SYSTEMPATH\Model.php(663): CodeIgniter\Database\BaseConnection->table(null)
 2 SYSTEMPATH\Model.php(869): CodeIgniter\Model->builder()
 3 APPPATH\Controllers\Admin\Settings.php(208): CodeIgniter\Model->__call('select', [...])
 4 SYSTEMPATH\CodeIgniter.php(943): App\Controllers\Admin\Settings->listAllCities('18e0a1f8a3131c543614f9c42ecafb61')
 5 SYSTEMPATH\CodeIgniter.php(503): CodeIgniter\CodeIgniter->runController(Object(App\Controllers\Admin\Settings))
 6 SYSTEMPATH\CodeIgniter.php(361): CodeIgniter\CodeIgniter->handleRequest(null, Object(Config\Cache), false)
 7 FCPATH\index.php(79): CodeIgniter\CodeIgniter->run()
 8 SYSTEMPATH\Commands\Server\rewrite.php(47): require_once('C:\\xampp\\htdocs\\mojd\\public\\index.php')
INFO - 2024-09-17 12:09:44 --> Session: Class initialized using 'CodeIgniter\Session\Handlers\FileHandler' driver.
CRITICAL - 2024-09-17 12:09:44 --> CodeIgniter\Database\Exceptions\DatabaseException: You must set the database table to be used with your query.
in SYSTEMPATH\Database\BaseConnection.php on line 884.
 1 SYSTEMPATH\Model.php(663): CodeIgniter\Database\BaseConnection->table(null)
 2 SYSTEMPATH\Model.php(869): CodeIgniter\Model->builder()
 3 APPPATH\Controllers\Admin\Settings.php(208): CodeIgniter\Model->__call('select', [...])
 4 SYSTEMPATH\CodeIgniter.php(943): App\Controllers\Admin\Settings->listAllCities('18e0a1f8a3131c543614f9c42ecafb61')
 5 SYSTEMPATH\CodeIgniter.php(503): CodeIgniter\CodeIgniter->runController(Object(App\Controllers\Admin\Settings))
 6 SYSTEMPATH\CodeIgniter.php(361): CodeIgniter\CodeIgniter->handleRequest(null, Object(Config\Cache), false)
 7 FCPATH\index.php(79): CodeIgniter\CodeIgniter->run()
 8 SYSTEMPATH\Commands\Server\rewrite.php(47): require_once('C:\\xampp\\htdocs\\mojd\\public\\index.php')
INFO - 2024-09-17 12:10:03 --> Session: Class initialized using 'CodeIgniter\Session\Handlers\FileHandler' driver.
ERROR - 2024-09-17 12:10:03 --> mysqli_sql_exception: Unknown column 'city_name*' in 'field list' in C:\xampp\htdocs\mojd\vendor\codeigniter4\framework\system\Database\MySQLi\Connection.php:306
Stack trace:
#0 C:\xampp\htdocs\mojd\vendor\codeigniter4\framework\system\Database\MySQLi\Connection.php(306): mysqli->query('SELECT `city_na...', 0)
#1 C:\xampp\htdocs\mojd\vendor\codeigniter4\framework\system\Database\BaseConnection.php(693): CodeIgniter\Database\MySQLi\Connection->execute('SELECT `city_na...')
#2 C:\xampp\htdocs\mojd\vendor\codeigniter4\framework\system\Database\BaseConnection.php(607): CodeIgniter\Database\BaseConnection->simpleQuery('SELECT `city_na...')
#3 C:\xampp\htdocs\mojd\vendor\codeigniter4\framework\system\Database\BaseBuilder.php(1616): CodeIgniter\Database\BaseConnection->query('SELECT `city_na...', Array, false)
#4 C:\xampp\htdocs\mojd\vendor\codeigniter4\framework\system\Model.php(243): CodeIgniter\Database\BaseBuilder->get()
#5 C:\xampp\htdocs\mojd\vendor\codeigniter4\framework\system\BaseModel.php(641): CodeIgniter\Model->doFindAll(0, 0)
#6 C:\xampp\htdocs\mojd\app\Controllers\Admin\Settings.php(208): CodeIgniter\BaseModel->findAll()
#7 C:\xampp\htdocs\mojd\vendor\codeigniter4\framework\system\CodeIgniter.php(943): App\Controllers\Admin\Settings->listAllCities('18e0a1f8a3131c5...')
#8 C:\xampp\htdocs\mojd\vendor\codeigniter4\framework\system\CodeIgniter.php(503): CodeIgniter\CodeIgniter->runController(Object(App\Controllers\Admin\Settings))
#9 C:\xampp\htdocs\mojd\vendor\codeigniter4\framework\system\CodeIgniter.php(361): CodeIgniter\CodeIgniter->handleRequest(NULL, Object(Config\Cache), false)
#10 C:\xampp\htdocs\mojd\public\index.php(79): CodeIgniter\CodeIgniter->run()
#11 C:\xampp\htdocs\mojd\vendor\codeigniter4\framework\system\Commands\Server\rewrite.php(47): require_once('C:\\xampp\\htdocs...')
#12 {main}
CRITICAL - 2024-09-17 12:10:03 --> CodeIgniter\Database\Exceptions\DatabaseException: Unknown column 'city_name*' in 'field list'
in SYSTEMPATH\Database\BaseConnection.php on line 647.
 1 SYSTEMPATH\Database\BaseBuilder.php(1616): CodeIgniter\Database\BaseConnection->query('SELECT `city_name*`
FROM `all_cities`', [], false)
 2 SYSTEMPATH\Model.php(243): CodeIgniter\Database\BaseBuilder->get()
 3 SYSTEMPATH\BaseModel.php(641): CodeIgniter\Model->doFindAll(0, 0)
 4 APPPATH\Controllers\Admin\Settings.php(208): CodeIgniter\BaseModel->findAll()
 5 SYSTEMPATH\CodeIgniter.php(943): App\Controllers\Admin\Settings->listAllCities('18e0a1f8a3131c543614f9c42ecafb61')
 6 SYSTEMPATH\CodeIgniter.php(503): CodeIgniter\CodeIgniter->runController(Object(App\Controllers\Admin\Settings))
 7 SYSTEMPATH\CodeIgniter.php(361): CodeIgniter\CodeIgniter->handleRequest(null, Object(Config\Cache), false)
 8 FCPATH\index.php(79): CodeIgniter\CodeIgniter->run()
 9 SYSTEMPATH\Commands\Server\rewrite.php(47): require_once('C:\\xampp\\htdocs\\mojd\\public\\index.php')
CRITICAL - 2024-09-17 12:10:03 --> [Caused by] CodeIgniter\Database\Exceptions\DatabaseException: Unknown column 'city_name*' in 'field list'
in SYSTEMPATH\Database\MySQLi\Connection.php on line 311.
 1 SYSTEMPATH\Database\BaseConnection.php(693): CodeIgniter\Database\MySQLi\Connection->execute('SELECT `city_name*`
FROM `all_cities`')
 2 SYSTEMPATH\Database\BaseConnection.php(607): CodeIgniter\Database\BaseConnection->simpleQuery('SELECT `city_name*`
FROM `all_cities`')
 3 SYSTEMPATH\Database\BaseBuilder.php(1616): CodeIgniter\Database\BaseConnection->query('SELECT `city_name*`
FROM `all_cities`', [], false)
 4 SYSTEMPATH\Model.php(243): CodeIgniter\Database\BaseBuilder->get()
 5 SYSTEMPATH\BaseModel.php(641): CodeIgniter\Model->doFindAll(0, 0)
 6 APPPATH\Controllers\Admin\Settings.php(208): CodeIgniter\BaseModel->findAll()
 7 SYSTEMPATH\CodeIgniter.php(943): App\Controllers\Admin\Settings->listAllCities('18e0a1f8a3131c543614f9c42ecafb61')
 8 SYSTEMPATH\CodeIgniter.php(503): CodeIgniter\CodeIgniter->runController(Object(App\Controllers\Admin\Settings))
 9 SYSTEMPATH\CodeIgniter.php(361): CodeIgniter\CodeIgniter->handleRequest(null, Object(Config\Cache), false)
10 FCPATH\index.php(79): CodeIgniter\CodeIgniter->run()
11 SYSTEMPATH\Commands\Server\rewrite.php(47): require_once('C:\\xampp\\htdocs\\mojd\\public\\index.php')
CRITICAL - 2024-09-17 12:10:03 --> [Caused by] mysqli_sql_exception: Unknown column 'city_name*' in 'field list'
in SYSTEMPATH\Database\MySQLi\Connection.php on line 306.
 1 SYSTEMPATH\Database\MySQLi\Connection.php(306): mysqli->query('SELECT `city_name*`
FROM `all_cities`', 0)
 2 SYSTEMPATH\Database\BaseConnection.php(693): CodeIgniter\Database\MySQLi\Connection->execute('SELECT `city_name*`
FROM `all_cities`')
 3 SYSTEMPATH\Database\BaseConnection.php(607): CodeIgniter\Database\BaseConnection->simpleQuery('SELECT `city_name*`
FROM `all_cities`')
 4 SYSTEMPATH\Database\BaseBuilder.php(1616): CodeIgniter\Database\BaseConnection->query('SELECT `city_name*`
FROM `all_cities`', [], false)
 5 SYSTEMPATH\Model.php(243): CodeIgniter\Database\BaseBuilder->get()
 6 SYSTEMPATH\BaseModel.php(641): CodeIgniter\Model->doFindAll(0, 0)
 7 APPPATH\Controllers\Admin\Settings.php(208): CodeIgniter\BaseModel->findAll()
 8 SYSTEMPATH\CodeIgniter.php(943): App\Controllers\Admin\Settings->listAllCities('18e0a1f8a3131c543614f9c42ecafb61')
 9 SYSTEMPATH\CodeIgniter.php(503): CodeIgniter\CodeIgniter->runController(Object(App\Controllers\Admin\Settings))
10 SYSTEMPATH\CodeIgniter.php(361): CodeIgniter\CodeIgniter->handleRequest(null, Object(Config\Cache), false)
11 FCPATH\index.php(79): CodeIgniter\CodeIgniter->run()
12 SYSTEMPATH\Commands\Server\rewrite.php(47): require_once('C:\\xampp\\htdocs\\mojd\\public\\index.php')
INFO - 2024-09-17 12:12:20 --> Session: Class initialized using 'CodeIgniter\Session\Handlers\FileHandler' driver.
CRITICAL - 2024-09-17 12:12:20 --> CodeIgniter\Database\Exceptions\DatabaseException: You must set the database table to be used with your query.
in SYSTEMPATH\Database\BaseConnection.php on line 884.
 1 SYSTEMPATH\Model.php(663): CodeIgniter\Database\BaseConnection->table(null)
 2 SYSTEMPATH\Model.php(869): CodeIgniter\Model->builder()
 3 APPPATH\Controllers\Admin\Settings.php(208): CodeIgniter\Model->__call('select', [...])
 4 SYSTEMPATH\CodeIgniter.php(943): App\Controllers\Admin\Settings->listAllCities('18e0a1f8a3131c543614f9c42ecafb61')
 5 SYSTEMPATH\CodeIgniter.php(503): CodeIgniter\CodeIgniter->runController(Object(App\Controllers\Admin\Settings))
 6 SYSTEMPATH\CodeIgniter.php(361): CodeIgniter\CodeIgniter->handleRequest(null, Object(Config\Cache), false)
 7 FCPATH\index.php(79): CodeIgniter\CodeIgniter->run()
 8 SYSTEMPATH\Commands\Server\rewrite.php(47): require_once('C:\\xampp\\htdocs\\mojd\\public\\index.php')
INFO - 2024-09-17 12:13:10 --> Session: Class initialized using 'CodeIgniter\Session\Handlers\FileHandler' driver.
INFO - 2024-09-17 12:13:49 --> Session: Class initialized using 'CodeIgniter\Session\Handlers\FileHandler' driver.
CRITICAL - 2024-09-17 12:13:49 --> CodeIgniter\Database\Exceptions\DatabaseException: You must set the database table to be used with your query.
in SYSTEMPATH\Database\BaseConnection.php on line 884.
 1 SYSTEMPATH\Model.php(663): CodeIgniter\Database\BaseConnection->table(null)
 2 SYSTEMPATH\Model.php(869): CodeIgniter\Model->builder()
 3 APPPATH\Controllers\Admin\Settings.php(208): CodeIgniter\Model->__call('select', [...])
 4 SYSTEMPATH\CodeIgniter.php(943): App\Controllers\Admin\Settings->listAllCities('18e0a1f8a3131c543614f9c42ecafb61')
 5 SYSTEMPATH\CodeIgniter.php(503): CodeIgniter\CodeIgniter->runController(Object(App\Controllers\Admin\Settings))
 6 SYSTEMPATH\CodeIgniter.php(361): CodeIgniter\CodeIgniter->handleRequest(null, Object(Config\Cache), false)
 7 FCPATH\index.php(79): CodeIgniter\CodeIgniter->run()
 8 SYSTEMPATH\Commands\Server\rewrite.php(47): require_once('C:\\xampp\\htdocs\\mojd\\public\\index.php')
INFO - 2024-09-17 12:14:17 --> Session: Class initialized using 'CodeIgniter\Session\Handlers\FileHandler' driver.
CRITICAL - 2024-09-17 12:14:17 --> CodeIgniter\Database\Exceptions\DatabaseException: You must set the database table to be used with your query.
in SYSTEMPATH\Database\BaseConnection.php on line 884.
 1 SYSTEMPATH\Model.php(663): CodeIgniter\Database\BaseConnection->table(null)
 2 SYSTEMPATH\Model.php(869): CodeIgniter\Model->builder()
 3 APPPATH\Controllers\Admin\Settings.php(208): CodeIgniter\Model->__call('select', [...])
 4 SYSTEMPATH\CodeIgniter.php(943): App\Controllers\Admin\Settings->listAllCities('18e0a1f8a3131c543614f9c42ecafb61')
 5 SYSTEMPATH\CodeIgniter.php(503): CodeIgniter\CodeIgniter->runController(Object(App\Controllers\Admin\Settings))
 6 SYSTEMPATH\CodeIgniter.php(361): CodeIgniter\CodeIgniter->handleRequest(null, Object(Config\Cache), false)
 7 FCPATH\index.php(79): CodeIgniter\CodeIgniter->run()
 8 SYSTEMPATH\Commands\Server\rewrite.php(47): require_once('C:\\xampp\\htdocs\\mojd\\public\\index.php')
INFO - 2024-09-17 12:15:04 --> Session: Class initialized using 'CodeIgniter\Session\Handlers\FileHandler' driver.
CRITICAL - 2024-09-17 12:15:04 --> CodeIgniter\Database\Exceptions\DatabaseException: You must set the database table to be used with your query.
in SYSTEMPATH\Database\BaseConnection.php on line 884.
 1 SYSTEMPATH\Model.php(663): CodeIgniter\Database\BaseConnection->table(null)
 2 SYSTEMPATH\Model.php(869): CodeIgniter\Model->builder()
 3 APPPATH\Controllers\Admin\Settings.php(208): CodeIgniter\Model->__call('select', [...])
 4 SYSTEMPATH\CodeIgniter.php(943): App\Controllers\Admin\Settings->listAllCities('18e0a1f8a3131c543614f9c42ecafb61')
 5 SYSTEMPATH\CodeIgniter.php(503): CodeIgniter\CodeIgniter->runController(Object(App\Controllers\Admin\Settings))
 6 SYSTEMPATH\CodeIgniter.php(361): CodeIgniter\CodeIgniter->handleRequest(null, Object(Config\Cache), false)
 7 FCPATH\index.php(79): CodeIgniter\CodeIgniter->run()
 8 SYSTEMPATH\Commands\Server\rewrite.php(47): require_once('C:\\xampp\\htdocs\\mojd\\public\\index.php')
INFO - 2024-09-17 12:19:37 --> Session: Class initialized using 'CodeIgniter\Session\Handlers\FileHandler' driver.
INFO - 2024-09-17 12:21:32 --> Session: Class initialized using 'CodeIgniter\Session\Handlers\FileHandler' driver.
CRITICAL - 2024-09-17 12:21:32 --> ErrorException: Undefined variable $data
in APPPATH\Controllers\Admin\Settings.php on line 211.
 1 APPPATH\Controllers\Admin\Settings.php(211): CodeIgniter\Debug\Exceptions->errorHandler(2, 'Undefined variable $data', 'C:\\xampp\\htdocs\\mojd\\app\\Controllers\\Admin\\Settings.php', 211)
 2 SYSTEMPATH\CodeIgniter.php(943): App\Controllers\Admin\Settings->listAllCities('18e0a1f8a3131c543614f9c42ecafb61')
 3 SYSTEMPATH\CodeIgniter.php(503): CodeIgniter\CodeIgniter->runController(Object(App\Controllers\Admin\Settings))
 4 SYSTEMPATH\CodeIgniter.php(361): CodeIgniter\CodeIgniter->handleRequest(null, Object(Config\Cache), false)
 5 FCPATH\index.php(79): CodeIgniter\CodeIgniter->run()
 6 SYSTEMPATH\Commands\Server\rewrite.php(47): require_once('C:\\xampp\\htdocs\\mojd\\public\\index.php')
INFO - 2024-09-17 12:21:41 --> Session: Class initialized using 'CodeIgniter\Session\Handlers\FileHandler' driver.
CRITICAL - 2024-09-17 12:21:41 --> CodeIgniter\Database\Exceptions\DatabaseException: You must set the database table to be used with your query.
in SYSTEMPATH\Database\BaseConnection.php on line 884.
 1 SYSTEMPATH\Model.php(663): CodeIgniter\Database\BaseConnection->table(null)
 2 SYSTEMPATH\Model.php(236): CodeIgniter\Model->builder()
 3 SYSTEMPATH\BaseModel.php(641): CodeIgniter\Model->doFindAll(0, 0)
 4 APPPATH\Controllers\Admin\Settings.php(214): CodeIgniter\BaseModel->findAll()
 5 SYSTEMPATH\CodeIgniter.php(943): App\Controllers\Admin\Settings->listAllCities('18e0a1f8a3131c543614f9c42ecafb61')
 6 SYSTEMPATH\CodeIgniter.php(503): CodeIgniter\CodeIgniter->runController(Object(App\Controllers\Admin\Settings))
 7 SYSTEMPATH\CodeIgniter.php(361): CodeIgniter\CodeIgniter->handleRequest(null, Object(Config\Cache), false)
 8 FCPATH\index.php(79): CodeIgniter\CodeIgniter->run()
 9 SYSTEMPATH\Commands\Server\rewrite.php(47): require_once('C:\\xampp\\htdocs\\mojd\\public\\index.php')
INFO - 2024-09-17 12:21:53 --> Session: Class initialized using 'CodeIgniter\Session\Handlers\FileHandler' driver.
INFO - 2024-09-17 12:22:12 --> Session: Class initialized using 'CodeIgniter\Session\Handlers\FileHandler' driver.
INFO - 2024-09-17 12:22:36 --> Session: Class initialized using 'CodeIgniter\Session\Handlers\FileHandler' driver.
INFO - 2024-09-17 12:24:17 --> Session: Class initialized using 'CodeIgniter\Session\Handlers\FileHandler' driver.
INFO - 2024-09-17 12:24:29 --> Session: Class initialized using 'CodeIgniter\Session\Handlers\FileHandler' driver.
CRITICAL - 2024-09-17 12:24:29 --> Error: Cannot use object of type stdClass as array
in APPPATH\Views\admin\settings\list_all_cities.php on line 41.
 1 SYSTEMPATH\View\View.php(228): include()
 2 SYSTEMPATH\View\View.php(231): CodeIgniter\View\View->CodeIgniter\View\{closure}()
 3 SYSTEMPATH\Common.php(1178): CodeIgniter\View\View->render('admin/settings/list_all_cities', [], true)
 4 APPPATH\Controllers\Admin\Settings.php(222): view('admin/settings/list_all_cities', [...])
 5 SYSTEMPATH\CodeIgniter.php(943): App\Controllers\Admin\Settings->listAllCities('18e0a1f8a3131c543614f9c42ecafb61')
 6 SYSTEMPATH\CodeIgniter.php(503): CodeIgniter\CodeIgniter->runController(Object(App\Controllers\Admin\Settings))
 7 SYSTEMPATH\CodeIgniter.php(361): CodeIgniter\CodeIgniter->handleRequest(null, Object(Config\Cache), false)
 8 FCPATH\index.php(79): CodeIgniter\CodeIgniter->run()
 9 SYSTEMPATH\Commands\Server\rewrite.php(47): require_once('C:\\xampp\\htdocs\\mojd\\public\\index.php')
INFO - 2024-09-17 12:24:50 --> Session: Class initialized using 'CodeIgniter\Session\Handlers\FileHandler' driver.
INFO - 2024-09-17 12:27:19 --> Session: Class initialized using 'CodeIgniter\Session\Handlers\FileHandler' driver.
CRITICAL - 2024-09-17 12:27:19 --> Error: Cannot use object of type stdClass as array
in APPPATH\Views\admin\settings\list_all_cities.php on line 45.
 1 SYSTEMPATH\View\View.php(228): include()
 2 SYSTEMPATH\View\View.php(231): CodeIgniter\View\View->CodeIgniter\View\{closure}()
 3 SYSTEMPATH\Common.php(1178): CodeIgniter\View\View->render('admin/settings/list_all_cities', [], true)
 4 APPPATH\Controllers\Admin\Settings.php(222): view('admin/settings/list_all_cities', [...])
 5 SYSTEMPATH\CodeIgniter.php(943): App\Controllers\Admin\Settings->listAllCities('18e0a1f8a3131c543614f9c42ecafb61')
 6 SYSTEMPATH\CodeIgniter.php(503): CodeIgniter\CodeIgniter->runController(Object(App\Controllers\Admin\Settings))
 7 SYSTEMPATH\CodeIgniter.php(361): CodeIgniter\CodeIgniter->handleRequest(null, Object(Config\Cache), false)
 8 FCPATH\index.php(79): CodeIgniter\CodeIgniter->run()
 9 SYSTEMPATH\Commands\Server\rewrite.php(47): require_once('C:\\xampp\\htdocs\\mojd\\public\\index.php')
INFO - 2024-09-17 12:28:06 --> Session: Class initialized using 'CodeIgniter\Session\Handlers\FileHandler' driver.
CRITICAL - 2024-09-17 12:28:06 --> Error: Cannot use object of type stdClass as array
in APPPATH\Views\admin\settings\list_all_cities.php on line 45.
 1 SYSTEMPATH\View\View.php(228): include()
 2 SYSTEMPATH\View\View.php(231): CodeIgniter\View\View->CodeIgniter\View\{closure}()
 3 SYSTEMPATH\Common.php(1178): CodeIgniter\View\View->render('admin/settings/list_all_cities', [], true)
 4 APPPATH\Controllers\Admin\Settings.php(222): view('admin/settings/list_all_cities', [...])
 5 SYSTEMPATH\CodeIgniter.php(943): App\Controllers\Admin\Settings->listAllCities('18e0a1f8a3131c543614f9c42ecafb61')
 6 SYSTEMPATH\CodeIgniter.php(503): CodeIgniter\CodeIgniter->runController(Object(App\Controllers\Admin\Settings))
 7 SYSTEMPATH\CodeIgniter.php(361): CodeIgniter\CodeIgniter->handleRequest(null, Object(Config\Cache), false)
 8 FCPATH\index.php(79): CodeIgniter\CodeIgniter->run()
 9 SYSTEMPATH\Commands\Server\rewrite.php(47): require_once('C:\\xampp\\htdocs\\mojd\\public\\index.php')
INFO - 2024-09-17 12:29:27 --> Session: Class initialized using 'CodeIgniter\Session\Handlers\FileHandler' driver.
CRITICAL - 2024-09-17 12:29:27 --> ErrorException: Undefined variable $states
in APPPATH\Views\admin\settings\list_all_cities.php on line 93.
 1 APPPATH\Views\admin\settings\list_all_cities.php(93): CodeIgniter\Debug\Exceptions->errorHandler(2, 'Undefined variable $states', 'C:\\xampp\\htdocs\\mojd\\app\\Views\\admin\\settings\\list_all_cities.php', 93)
 2 SYSTEMPATH\View\View.php(228): include('C:\\xampp\\htdocs\\mojd\\app\\Views\\admin\\settings\\list_all_cities.php')
 3 SYSTEMPATH\View\View.php(231): CodeIgniter\View\View->CodeIgniter\View\{closure}()
 4 SYSTEMPATH\Common.php(1178): CodeIgniter\View\View->render('admin/settings/list_all_cities', [], true)
 5 APPPATH\Controllers\Admin\Settings.php(222): view('admin/settings/list_all_cities', [...])
 6 SYSTEMPATH\CodeIgniter.php(943): App\Controllers\Admin\Settings->listAllCities('18e0a1f8a3131c543614f9c42ecafb61')
 7 SYSTEMPATH\CodeIgniter.php(503): CodeIgniter\CodeIgniter->runController(Object(App\Controllers\Admin\Settings))
 8 SYSTEMPATH\CodeIgniter.php(361): CodeIgniter\CodeIgniter->handleRequest(null, Object(Config\Cache), false)
 9 FCPATH\index.php(79): CodeIgniter\CodeIgniter->run()
10 SYSTEMPATH\Commands\Server\rewrite.php(47): require_once('C:\\xampp\\htdocs\\mojd\\public\\index.php')
INFO - 2024-09-17 12:31:15 --> Session: Class initialized using 'CodeIgniter\Session\Handlers\FileHandler' driver.
CRITICAL - 2024-09-17 12:31:15 --> ErrorException: Undefined variable $citys
in APPPATH\Views\admin\settings\list_all_cities.php on line 93.
 1 APPPATH\Views\admin\settings\list_all_cities.php(93): CodeIgniter\Debug\Exceptions->errorHandler(2, 'Undefined variable $citys', 'C:\\xampp\\htdocs\\mojd\\app\\Views\\admin\\settings\\list_all_cities.php', 93)
 2 SYSTEMPATH\View\View.php(228): include('C:\\xampp\\htdocs\\mojd\\app\\Views\\admin\\settings\\list_all_cities.php')
 3 SYSTEMPATH\View\View.php(231): CodeIgniter\View\View->CodeIgniter\View\{closure}()
 4 SYSTEMPATH\Common.php(1178): CodeIgniter\View\View->render('admin/settings/list_all_cities', [], true)
 5 APPPATH\Controllers\Admin\Settings.php(222): view('admin/settings/list_all_cities', [...])
 6 SYSTEMPATH\CodeIgniter.php(943): App\Controllers\Admin\Settings->listAllCities('18e0a1f8a3131c543614f9c42ecafb61')
 7 SYSTEMPATH\CodeIgniter.php(503): CodeIgniter\CodeIgniter->runController(Object(App\Controllers\Admin\Settings))
 8 SYSTEMPATH\CodeIgniter.php(361): CodeIgniter\CodeIgniter->handleRequest(null, Object(Config\Cache), false)
 9 FCPATH\index.php(79): CodeIgniter\CodeIgniter->run()
10 SYSTEMPATH\Commands\Server\rewrite.php(47): require_once('C:\\xampp\\htdocs\\mojd\\public\\index.php')
INFO - 2024-09-17 12:32:15 --> Session: Class initialized using 'CodeIgniter\Session\Handlers\FileHandler' driver.
ERROR - 2024-09-17 12:32:15 --> mysqli_sql_exception: Unknown column 'unified_pincodes*' in 'field list' in C:\xampp\htdocs\mojd\vendor\codeigniter4\framework\system\Database\MySQLi\Connection.php:306
Stack trace:
#0 C:\xampp\htdocs\mojd\vendor\codeigniter4\framework\system\Database\MySQLi\Connection.php(306): mysqli->query('SELECT `unified...', 0)
#1 C:\xampp\htdocs\mojd\vendor\codeigniter4\framework\system\Database\BaseConnection.php(693): CodeIgniter\Database\MySQLi\Connection->execute('SELECT `unified...')
#2 C:\xampp\htdocs\mojd\vendor\codeigniter4\framework\system\Database\BaseConnection.php(607): CodeIgniter\Database\BaseConnection->simpleQuery('SELECT `unified...')
#3 C:\xampp\htdocs\mojd\vendor\codeigniter4\framework\system\Database\BaseBuilder.php(1616): CodeIgniter\Database\BaseConnection->query('SELECT `unified...', Array, false)
#4 C:\xampp\htdocs\mojd\app\Models\City.php(47): CodeIgniter\Database\BaseBuilder->get()
#5 C:\xampp\htdocs\mojd\app\Controllers\Admin\Settings.php(207): App\Models\City->getallcity()
#6 C:\xampp\htdocs\mojd\vendor\codeigniter4\framework\system\CodeIgniter.php(943): App\Controllers\Admin\Settings->listAllCities('18e0a1f8a3131c5...')
#7 C:\xampp\htdocs\mojd\vendor\codeigniter4\framework\system\CodeIgniter.php(503): CodeIgniter\CodeIgniter->runController(Object(App\Controllers\Admin\Settings))
#8 C:\xampp\htdocs\mojd\vendor\codeigniter4\framework\system\CodeIgniter.php(361): CodeIgniter\CodeIgniter->handleRequest(NULL, Object(Config\Cache), false)
#9 C:\xampp\htdocs\mojd\public\index.php(79): CodeIgniter\CodeIgniter->run()
#10 C:\xampp\htdocs\mojd\vendor\codeigniter4\framework\system\Commands\Server\rewrite.php(47): require_once('C:\\xampp\\htdocs...')
#11 {main}
CRITICAL - 2024-09-17 12:32:15 --> CodeIgniter\Database\Exceptions\DatabaseException: Unknown column 'unified_pincodes*' in 'field list'
in SYSTEMPATH\Database\BaseConnection.php on line 647.
 1 SYSTEMPATH\Database\BaseBuilder.php(1616): CodeIgniter\Database\BaseConnection->query('SELECT `unified_pincodes*`
FROM `unified_pincodes`', [], false)
 2 APPPATH\Models\City.php(47): CodeIgniter\Database\BaseBuilder->get()
 3 APPPATH\Controllers\Admin\Settings.php(207): App\Models\City->getallcity()
 4 SYSTEMPATH\CodeIgniter.php(943): App\Controllers\Admin\Settings->listAllCities('18e0a1f8a3131c543614f9c42ecafb61')
 5 SYSTEMPATH\CodeIgniter.php(503): CodeIgniter\CodeIgniter->runController(Object(App\Controllers\Admin\Settings))
 6 SYSTEMPATH\CodeIgniter.php(361): CodeIgniter\CodeIgniter->handleRequest(null, Object(Config\Cache), false)
 7 FCPATH\index.php(79): CodeIgniter\CodeIgniter->run()
 8 SYSTEMPATH\Commands\Server\rewrite.php(47): require_once('C:\\xampp\\htdocs\\mojd\\public\\index.php')
CRITICAL - 2024-09-17 12:32:15 --> [Caused by] CodeIgniter\Database\Exceptions\DatabaseException: Unknown column 'unified_pincodes*' in 'field list'
in SYSTEMPATH\Database\MySQLi\Connection.php on line 311.
 1 SYSTEMPATH\Database\BaseConnection.php(693): CodeIgniter\Database\MySQLi\Connection->execute('SELECT `unified_pincodes*`
FROM `unified_pincodes`')
 2 SYSTEMPATH\Database\BaseConnection.php(607): CodeIgniter\Database\BaseConnection->simpleQuery('SELECT `unified_pincodes*`
FROM `unified_pincodes`')
 3 SYSTEMPATH\Database\BaseBuilder.php(1616): CodeIgniter\Database\BaseConnection->query('SELECT `unified_pincodes*`
FROM `unified_pincodes`', [], false)
 4 APPPATH\Models\City.php(47): CodeIgniter\Database\BaseBuilder->get()
 5 APPPATH\Controllers\Admin\Settings.php(207): App\Models\City->getallcity()
 6 SYSTEMPATH\CodeIgniter.php(943): App\Controllers\Admin\Settings->listAllCities('18e0a1f8a3131c543614f9c42ecafb61')
 7 SYSTEMPATH\CodeIgniter.php(503): CodeIgniter\CodeIgniter->runController(Object(App\Controllers\Admin\Settings))
 8 SYSTEMPATH\CodeIgniter.php(361): CodeIgniter\CodeIgniter->handleRequest(null, Object(Config\Cache), false)
 9 FCPATH\index.php(79): CodeIgniter\CodeIgniter->run()
10 SYSTEMPATH\Commands\Server\rewrite.php(47): require_once('C:\\xampp\\htdocs\\mojd\\public\\index.php')
CRITICAL - 2024-09-17 12:32:15 --> [Caused by] mysqli_sql_exception: Unknown column 'unified_pincodes*' in 'field list'
in SYSTEMPATH\Database\MySQLi\Connection.php on line 306.
 1 SYSTEMPATH\Database\MySQLi\Connection.php(306): mysqli->query('SELECT `unified_pincodes*`
FROM `unified_pincodes`', 0)
 2 SYSTEMPATH\Database\BaseConnection.php(693): CodeIgniter\Database\MySQLi\Connection->execute('SELECT `unified_pincodes*`
FROM `unified_pincodes`')
 3 SYSTEMPATH\Database\BaseConnection.php(607): CodeIgniter\Database\BaseConnection->simpleQuery('SELECT `unified_pincodes*`
FROM `unified_pincodes`')
 4 SYSTEMPATH\Database\BaseBuilder.php(1616): CodeIgniter\Database\BaseConnection->query('SELECT `unified_pincodes*`
FROM `unified_pincodes`', [], false)
 5 APPPATH\Models\City.php(47): CodeIgniter\Database\BaseBuilder->get()
 6 APPPATH\Controllers\Admin\Settings.php(207): App\Models\City->getallcity()
 7 SYSTEMPATH\CodeIgniter.php(943): App\Controllers\Admin\Settings->listAllCities('18e0a1f8a3131c543614f9c42ecafb61')
 8 SYSTEMPATH\CodeIgniter.php(503): CodeIgniter\CodeIgniter->runController(Object(App\Controllers\Admin\Settings))
 9 SYSTEMPATH\CodeIgniter.php(361): CodeIgniter\CodeIgniter->handleRequest(null, Object(Config\Cache), false)
10 FCPATH\index.php(79): CodeIgniter\CodeIgniter->run()
11 SYSTEMPATH\Commands\Server\rewrite.php(47): require_once('C:\\xampp\\htdocs\\mojd\\public\\index.php')
INFO - 2024-09-17 12:32:23 --> Session: Class initialized using 'CodeIgniter\Session\Handlers\FileHandler' driver.
CRITICAL - 2024-09-17 12:32:23 --> ErrorException: Undefined property: stdClass::$pin_code
in APPPATH\Views\admin\settings\list_all_cities.php on line 94.
 1 APPPATH\Views\admin\settings\list_all_cities.php(94): CodeIgniter\Debug\Exceptions->errorHandler(2, 'Undefined property: stdClass::$pin_code', 'C:\\xampp\\htdocs\\mojd\\app\\Views\\admin\\settings\\list_all_cities.php', 94)
 2 SYSTEMPATH\View\View.php(228): include('C:\\xampp\\htdocs\\mojd\\app\\Views\\admin\\settings\\list_all_cities.php')
 3 SYSTEMPATH\View\View.php(231): CodeIgniter\View\View->CodeIgniter\View\{closure}()
 4 SYSTEMPATH\Common.php(1178): CodeIgniter\View\View->render('admin/settings/list_all_cities', [], true)
 5 APPPATH\Controllers\Admin\Settings.php(222): view('admin/settings/list_all_cities', [...])
 6 SYSTEMPATH\CodeIgniter.php(943): App\Controllers\Admin\Settings->listAllCities('18e0a1f8a3131c543614f9c42ecafb61')
 7 SYSTEMPATH\CodeIgniter.php(503): CodeIgniter\CodeIgniter->runController(Object(App\Controllers\Admin\Settings))
 8 SYSTEMPATH\CodeIgniter.php(361): CodeIgniter\CodeIgniter->handleRequest(null, Object(Config\Cache), false)
 9 FCPATH\index.php(79): CodeIgniter\CodeIgniter->run()
10 SYSTEMPATH\Commands\Server\rewrite.php(47): require_once('C:\\xampp\\htdocs\\mojd\\public\\index.php')
INFO - 2024-09-17 12:32:54 --> Session: Class initialized using 'CodeIgniter\Session\Handlers\FileHandler' driver.
INFO - 2024-09-17 12:33:21 --> Session: Class initialized using 'CodeIgniter\Session\Handlers\FileHandler' driver.
ERROR - 2024-09-17 12:33:21 --> mysqli_sql_exception: Unknown column 'all_cities.id' in 'where clause' in C:\xampp\htdocs\mojd\vendor\codeigniter4\framework\system\Database\MySQLi\Connection.php:306
Stack trace:
#0 C:\xampp\htdocs\mojd\vendor\codeigniter4\framework\system\Database\MySQLi\Connection.php(306): mysqli->query('SELECT *\nFROM `...', 0)
#1 C:\xampp\htdocs\mojd\vendor\codeigniter4\framework\system\Database\BaseConnection.php(693): CodeIgniter\Database\MySQLi\Connection->execute('SELECT *\nFROM `...')
#2 C:\xampp\htdocs\mojd\vendor\codeigniter4\framework\system\Database\BaseConnection.php(607): CodeIgniter\Database\BaseConnection->simpleQuery('SELECT *\nFROM `...')
#3 C:\xampp\htdocs\mojd\vendor\codeigniter4\framework\system\Database\BaseBuilder.php(1616): CodeIgniter\Database\BaseConnection->query('SELECT *\nFROM `...', Array, false)
#4 C:\xampp\htdocs\mojd\vendor\codeigniter4\framework\system\Model.php(200): CodeIgniter\Database\BaseBuilder->get()
#5 C:\xampp\htdocs\mojd\vendor\codeigniter4\framework\system\BaseModel.php(580): CodeIgniter\Model->doFind(true, '12549')
#6 C:\xampp\htdocs\mojd\app\Controllers\Admin\Settings.php(242): CodeIgniter\BaseModel->find('12549')
#7 C:\xampp\htdocs\mojd\vendor\codeigniter4\framework\system\CodeIgniter.php(943): App\Controllers\Admin\Settings->editCity('12549')
#8 C:\xampp\htdocs\mojd\vendor\codeigniter4\framework\system\CodeIgniter.php(503): CodeIgniter\CodeIgniter->runController(Object(App\Controllers\Admin\Settings))
#9 C:\xampp\htdocs\mojd\vendor\codeigniter4\framework\system\CodeIgniter.php(361): CodeIgniter\CodeIgniter->handleRequest(NULL, Object(Config\Cache), false)
#10 C:\xampp\htdocs\mojd\public\index.php(79): CodeIgniter\CodeIgniter->run()
#11 C:\xampp\htdocs\mojd\vendor\codeigniter4\framework\system\Commands\Server\rewrite.php(47): require_once('C:\\xampp\\htdocs...')
#12 {main}
CRITICAL - 2024-09-17 12:33:21 --> CodeIgniter\Database\Exceptions\DatabaseException: Unknown column 'all_cities.id' in 'where clause'
in SYSTEMPATH\Database\BaseConnection.php on line 647.
 1 SYSTEMPATH\Database\BaseBuilder.php(1616): CodeIgniter\Database\BaseConnection->query('SELECT *
FROM `all_cities`
WHERE `all_cities`.`id` = :all_cities.id:', [...], false)
 2 SYSTEMPATH\Model.php(200): CodeIgniter\Database\BaseBuilder->get()
 3 SYSTEMPATH\BaseModel.php(580): CodeIgniter\Model->doFind(true, '12549')
 4 APPPATH\Controllers\Admin\Settings.php(242): CodeIgniter\BaseModel->find('12549')
 5 SYSTEMPATH\CodeIgniter.php(943): App\Controllers\Admin\Settings->editCity('12549')
 6 SYSTEMPATH\CodeIgniter.php(503): CodeIgniter\CodeIgniter->runController(Object(App\Controllers\Admin\Settings))
 7 SYSTEMPATH\CodeIgniter.php(361): CodeIgniter\CodeIgniter->handleRequest(null, Object(Config\Cache), false)
 8 FCPATH\index.php(79): CodeIgniter\CodeIgniter->run()
 9 SYSTEMPATH\Commands\Server\rewrite.php(47): require_once('C:\\xampp\\htdocs\\mojd\\public\\index.php')
CRITICAL - 2024-09-17 12:33:21 --> [Caused by] CodeIgniter\Database\Exceptions\DatabaseException: Unknown column 'all_cities.id' in 'where clause'
in SYSTEMPATH\Database\MySQLi\Connection.php on line 311.
 1 SYSTEMPATH\Database\BaseConnection.php(693): CodeIgniter\Database\MySQLi\Connection->execute('SELECT *
FROM `all_cities`
WHERE `all_cities`.`id` = \'12549\'')
 2 SYSTEMPATH\Database\BaseConnection.php(607): CodeIgniter\Database\BaseConnection->simpleQuery('SELECT *
FROM `all_cities`
WHERE `all_cities`.`id` = \'12549\'')
 3 SYSTEMPATH\Database\BaseBuilder.php(1616): CodeIgniter\Database\BaseConnection->query('SELECT *
FROM `all_cities`
WHERE `all_cities`.`id` = :all_cities.id:', [...], false)
 4 SYSTEMPATH\Model.php(200): CodeIgniter\Database\BaseBuilder->get()
 5 SYSTEMPATH\BaseModel.php(580): CodeIgniter\Model->doFind(true, '12549')
 6 APPPATH\Controllers\Admin\Settings.php(242): CodeIgniter\BaseModel->find('12549')
 7 SYSTEMPATH\CodeIgniter.php(943): App\Controllers\Admin\Settings->editCity('12549')
 8 SYSTEMPATH\CodeIgniter.php(503): CodeIgniter\CodeIgniter->runController(Object(App\Controllers\Admin\Settings))
 9 SYSTEMPATH\CodeIgniter.php(361): CodeIgniter\CodeIgniter->handleRequest(null, Object(Config\Cache), false)
10 FCPATH\index.php(79): CodeIgniter\CodeIgniter->run()
11 SYSTEMPATH\Commands\Server\rewrite.php(47): require_once('C:\\xampp\\htdocs\\mojd\\public\\index.php')
CRITICAL - 2024-09-17 12:33:21 --> [Caused by] mysqli_sql_exception: Unknown column 'all_cities.id' in 'where clause'
in SYSTEMPATH\Database\MySQLi\Connection.php on line 306.
 1 SYSTEMPATH\Database\MySQLi\Connection.php(306): mysqli->query('SELECT *
FROM `all_cities`
WHERE `all_cities`.`id` = \'12549\'', 0)
 2 SYSTEMPATH\Database\BaseConnection.php(693): CodeIgniter\Database\MySQLi\Connection->execute('SELECT *
FROM `all_cities`
WHERE `all_cities`.`id` = \'12549\'')
 3 SYSTEMPATH\Database\BaseConnection.php(607): CodeIgniter\Database\BaseConnection->simpleQuery('SELECT *
FROM `all_cities`
WHERE `all_cities`.`id` = \'12549\'')
 4 SYSTEMPATH\Database\BaseBuilder.php(1616): CodeIgniter\Database\BaseConnection->query('SELECT *
FROM `all_cities`
WHERE `all_cities`.`id` = :all_cities.id:', [...], false)
 5 SYSTEMPATH\Model.php(200): CodeIgniter\Database\BaseBuilder->get()
 6 SYSTEMPATH\BaseModel.php(580): CodeIgniter\Model->doFind(true, '12549')
 7 APPPATH\Controllers\Admin\Settings.php(242): CodeIgniter\BaseModel->find('12549')
 8 SYSTEMPATH\CodeIgniter.php(943): App\Controllers\Admin\Settings->editCity('12549')
 9 SYSTEMPATH\CodeIgniter.php(503): CodeIgniter\CodeIgniter->runController(Object(App\Controllers\Admin\Settings))
10 SYSTEMPATH\CodeIgniter.php(361): CodeIgniter\CodeIgniter->handleRequest(null, Object(Config\Cache), false)
11 FCPATH\index.php(79): CodeIgniter\CodeIgniter->run()
12 SYSTEMPATH\Commands\Server\rewrite.php(47): require_once('C:\\xampp\\htdocs\\mojd\\public\\index.php')
INFO - 2024-09-17 12:33:42 --> Session: Class initialized using 'CodeIgniter\Session\Handlers\FileHandler' driver.
INFO - 2024-09-17 12:33:47 --> Session: Class initialized using 'CodeIgniter\Session\Handlers\FileHandler' driver.
INFO - 2024-09-17 12:33:52 --> Session: Class initialized using 'CodeIgniter\Session\Handlers\FileHandler' driver.
INFO - 2024-09-17 12:33:56 --> Session: Class initialized using 'CodeIgniter\Session\Handlers\FileHandler' driver.
CRITICAL - 2024-09-17 12:33:56 --> CodeIgniter\View\Exceptions\ViewException: Invalid file: "admin/settings/list_all_pincodes.php"
in SYSTEMPATH\Exceptions\FrameworkException.php on line 39.
 1 SYSTEMPATH\View\View.php(216): CodeIgniter\Exceptions\FrameworkException::forInvalidFile('admin/settings/list_all_pincodes.php')
 2 SYSTEMPATH\Common.php(1178): CodeIgniter\View\View->render('admin/settings/list_all_pincodes', [], true)
 3 APPPATH\Controllers\Admin\Settings.php(353): view('admin/settings/list_all_pincodes', [...])
 4 SYSTEMPATH\CodeIgniter.php(943): App\Controllers\Admin\Settings->listAllPincodes('18e0a1f8a3131c543614f9c42ecafb61')
 5 SYSTEMPATH\CodeIgniter.php(503): CodeIgniter\CodeIgniter->runController(Object(App\Controllers\Admin\Settings))
 6 SYSTEMPATH\CodeIgniter.php(361): CodeIgniter\CodeIgniter->handleRequest(null, Object(Config\Cache), false)
 7 FCPATH\index.php(79): CodeIgniter\CodeIgniter->run()
 8 SYSTEMPATH\Commands\Server\rewrite.php(47): require_once('C:\\xampp\\htdocs\\mojd\\public\\index.php')
INFO - 2024-09-17 12:38:40 --> Session: Class initialized using 'CodeIgniter\Session\Handlers\FileHandler' driver.
CRITICAL - 2024-09-17 12:38:40 --> CodeIgniter\View\Exceptions\ViewException: Invalid file: "admin/settings/list_all_pincodes.php"
in SYSTEMPATH\Exceptions\FrameworkException.php on line 39.
 1 SYSTEMPATH\View\View.php(216): CodeIgniter\Exceptions\FrameworkException::forInvalidFile('admin/settings/list_all_pincodes.php')
 2 SYSTEMPATH\Common.php(1178): CodeIgniter\View\View->render('admin/settings/list_all_pincodes', [], true)
 3 APPPATH\Controllers\Admin\Settings.php(353): view('admin/settings/list_all_pincodes', [...])
 4 SYSTEMPATH\CodeIgniter.php(943): App\Controllers\Admin\Settings->listAllPincodes('18e0a1f8a3131c543614f9c42ecafb61')
 5 SYSTEMPATH\CodeIgniter.php(503): CodeIgniter\CodeIgniter->runController(Object(App\Controllers\Admin\Settings))
 6 SYSTEMPATH\CodeIgniter.php(361): CodeIgniter\CodeIgniter->handleRequest(null, Object(Config\Cache), false)
 7 FCPATH\index.php(79): CodeIgniter\CodeIgniter->run()
 8 SYSTEMPATH\Commands\Server\rewrite.php(47): require_once('C:\\xampp\\htdocs\\mojd\\public\\index.php')
INFO - 2024-09-17 12:39:02 --> Session: Class initialized using 'CodeIgniter\Session\Handlers\FileHandler' driver.
CRITICAL - 2024-09-17 12:39:02 --> ErrorException: Undefined array key "state_code"
in APPPATH\Views\admin\settings\list_all_pincodes.php on line 45.
 1 APPPATH\Views\admin\settings\list_all_pincodes.php(45): CodeIgniter\Debug\Exceptions->errorHandler(2, 'Undefined array key "state_code"', 'C:\\xampp\\htdocs\\mojd\\app\\Views\\admin\\settings\\list_all_pincodes.php', 45)
 2 SYSTEMPATH\View\View.php(228): include('C:\\xampp\\htdocs\\mojd\\app\\Views\\admin\\settings\\list_all_pincodes.php')
 3 SYSTEMPATH\View\View.php(231): CodeIgniter\View\View->CodeIgniter\View\{closure}()
 4 SYSTEMPATH\Common.php(1178): CodeIgniter\View\View->render('admin/settings/list_all_pincodes', [], true)
 5 APPPATH\Controllers\Admin\Settings.php(353): view('admin/settings/list_all_pincodes', [...])
 6 SYSTEMPATH\CodeIgniter.php(943): App\Controllers\Admin\Settings->listAllPincodes('18e0a1f8a3131c543614f9c42ecafb61')
 7 SYSTEMPATH\CodeIgniter.php(503): CodeIgniter\CodeIgniter->runController(Object(App\Controllers\Admin\Settings))
 8 SYSTEMPATH\CodeIgniter.php(361): CodeIgniter\CodeIgniter->handleRequest(null, Object(Config\Cache), false)
 9 FCPATH\index.php(79): CodeIgniter\CodeIgniter->run()
10 SYSTEMPATH\Commands\Server\rewrite.php(47): require_once('C:\\xampp\\htdocs\\mojd\\public\\index.php')
INFO - 2024-09-17 12:40:30 --> Session: Class initialized using 'CodeIgniter\Session\Handlers\FileHandler' driver.
CRITICAL - 2024-09-17 12:40:30 --> ErrorException: Attempt to read property "state_name" on array
in APPPATH\Views\admin\settings\list_all_pincodes.php on line 42.
 1 APPPATH\Views\admin\settings\list_all_pincodes.php(42): CodeIgniter\Debug\Exceptions->errorHandler(2, 'Attempt to read property "state_name" on array', 'C:\\xampp\\htdocs\\mojd\\app\\Views\\admin\\settings\\list_all_pincodes.php', 42)
 2 SYSTEMPATH\View\View.php(228): include('C:\\xampp\\htdocs\\mojd\\app\\Views\\admin\\settings\\list_all_pincodes.php')
 3 SYSTEMPATH\View\View.php(231): CodeIgniter\View\View->CodeIgniter\View\{closure}()
 4 SYSTEMPATH\Common.php(1178): CodeIgniter\View\View->render('admin/settings/list_all_pincodes', [], true)
 5 APPPATH\Controllers\Admin\Settings.php(353): view('admin/settings/list_all_pincodes', [...])
 6 SYSTEMPATH\CodeIgniter.php(943): App\Controllers\Admin\Settings->listAllPincodes('18e0a1f8a3131c543614f9c42ecafb61')
 7 SYSTEMPATH\CodeIgniter.php(503): CodeIgniter\CodeIgniter->runController(Object(App\Controllers\Admin\Settings))
 8 SYSTEMPATH\CodeIgniter.php(361): CodeIgniter\CodeIgniter->handleRequest(null, Object(Config\Cache), false)
 9 FCPATH\index.php(79): CodeIgniter\CodeIgniter->run()
10 SYSTEMPATH\Commands\Server\rewrite.php(47): require_once('C:\\xampp\\htdocs\\mojd\\public\\index.php')
INFO - 2024-09-17 12:41:36 --> Session: Class initialized using 'CodeIgniter\Session\Handlers\FileHandler' driver.
CRITICAL - 2024-09-17 12:41:36 --> ErrorException: Undefined property: stdClass::$pin_code
in APPPATH\Views\admin\settings\list_all_pincodes.php on line 45.
 1 APPPATH\Views\admin\settings\list_all_pincodes.php(45): CodeIgniter\Debug\Exceptions->errorHandler(2, 'Undefined property: stdClass::$pin_code', 'C:\\xampp\\htdocs\\mojd\\app\\Views\\admin\\settings\\list_all_pincodes.php', 45)
 2 SYSTEMPATH\View\View.php(228): include('C:\\xampp\\htdocs\\mojd\\app\\Views\\admin\\settings\\list_all_pincodes.php')
 3 SYSTEMPATH\View\View.php(231): CodeIgniter\View\View->CodeIgniter\View\{closure}()
 4 SYSTEMPATH\Common.php(1178): CodeIgniter\View\View->render('admin/settings/list_all_pincodes', [], true)
 5 APPPATH\Controllers\Admin\Settings.php(354): view('admin/settings/list_all_pincodes', [...])
 6 SYSTEMPATH\CodeIgniter.php(943): App\Controllers\Admin\Settings->listAllPincodes('18e0a1f8a3131c543614f9c42ecafb61')
 7 SYSTEMPATH\CodeIgniter.php(503): CodeIgniter\CodeIgniter->runController(Object(App\Controllers\Admin\Settings))
 8 SYSTEMPATH\CodeIgniter.php(361): CodeIgniter\CodeIgniter->handleRequest(null, Object(Config\Cache), false)
 9 FCPATH\index.php(79): CodeIgniter\CodeIgniter->run()
10 SYSTEMPATH\Commands\Server\rewrite.php(47): require_once('C:\\xampp\\htdocs\\mojd\\public\\index.php')
INFO - 2024-09-17 12:42:13 --> Session: Class initialized using 'CodeIgniter\Session\Handlers\FileHandler' driver.
CRITICAL - 2024-09-17 12:42:13 --> Error: Cannot use object of type stdClass as array
in APPPATH\Views\admin\settings\list_all_pincodes.php on line 94.
 1 SYSTEMPATH\View\View.php(228): include()
 2 SYSTEMPATH\View\View.php(231): CodeIgniter\View\View->CodeIgniter\View\{closure}()
 3 SYSTEMPATH\Common.php(1178): CodeIgniter\View\View->render('admin/settings/list_all_pincodes', [], true)
 4 APPPATH\Controllers\Admin\Settings.php(354): view('admin/settings/list_all_pincodes', [...])
 5 SYSTEMPATH\CodeIgniter.php(943): App\Controllers\Admin\Settings->listAllPincodes('18e0a1f8a3131c543614f9c42ecafb61')
 6 SYSTEMPATH\CodeIgniter.php(503): CodeIgniter\CodeIgniter->runController(Object(App\Controllers\Admin\Settings))
 7 SYSTEMPATH\CodeIgniter.php(361): CodeIgniter\CodeIgniter->handleRequest(null, Object(Config\Cache), false)
 8 FCPATH\index.php(79): CodeIgniter\CodeIgniter->run()
 9 SYSTEMPATH\Commands\Server\rewrite.php(47): require_once('C:\\xampp\\htdocs\\mojd\\public\\index.php')
INFO - 2024-09-17 12:42:47 --> Session: Class initialized using 'CodeIgniter\Session\Handlers\FileHandler' driver.
CRITICAL - 2024-09-17 12:42:47 --> Error: Cannot use object of type stdClass as array
in APPPATH\Views\admin\settings\list_all_pincodes.php on line 120.
 1 SYSTEMPATH\View\View.php(228): include()
 2 SYSTEMPATH\View\View.php(231): CodeIgniter\View\View->CodeIgniter\View\{closure}()
 3 SYSTEMPATH\Common.php(1178): CodeIgniter\View\View->render('admin/settings/list_all_pincodes', [], true)
 4 APPPATH\Controllers\Admin\Settings.php(354): view('admin/settings/list_all_pincodes', [...])
 5 SYSTEMPATH\CodeIgniter.php(943): App\Controllers\Admin\Settings->listAllPincodes('18e0a1f8a3131c543614f9c42ecafb61')
 6 SYSTEMPATH\CodeIgniter.php(503): CodeIgniter\CodeIgniter->runController(Object(App\Controllers\Admin\Settings))
 7 SYSTEMPATH\CodeIgniter.php(361): CodeIgniter\CodeIgniter->handleRequest(null, Object(Config\Cache), false)
 8 FCPATH\index.php(79): CodeIgniter\CodeIgniter->run()
 9 SYSTEMPATH\Commands\Server\rewrite.php(47): require_once('C:\\xampp\\htdocs\\mojd\\public\\index.php')
INFO - 2024-09-17 12:43:15 --> Session: Class initialized using 'CodeIgniter\Session\Handlers\FileHandler' driver.
CRITICAL - 2024-09-17 12:43:15 --> ErrorException: Undefined property: stdClass::$state_code
in APPPATH\Views\admin\settings\list_all_pincodes.php on line 120.
 1 APPPATH\Views\admin\settings\list_all_pincodes.php(120): CodeIgniter\Debug\Exceptions->errorHandler(2, 'Undefined property: stdClass::$state_code', 'C:\\xampp\\htdocs\\mojd\\app\\Views\\admin\\settings\\list_all_pincodes.php', 120)
 2 SYSTEMPATH\View\View.php(228): include('C:\\xampp\\htdocs\\mojd\\app\\Views\\admin\\settings\\list_all_pincodes.php')
 3 SYSTEMPATH\View\View.php(231): CodeIgniter\View\View->CodeIgniter\View\{closure}()
 4 SYSTEMPATH\Common.php(1178): CodeIgniter\View\View->render('admin/settings/list_all_pincodes', [], true)
 5 APPPATH\Controllers\Admin\Settings.php(354): view('admin/settings/list_all_pincodes', [...])
 6 SYSTEMPATH\CodeIgniter.php(943): App\Controllers\Admin\Settings->listAllPincodes('18e0a1f8a3131c543614f9c42ecafb61')
 7 SYSTEMPATH\CodeIgniter.php(503): CodeIgniter\CodeIgniter->runController(Object(App\Controllers\Admin\Settings))
 8 SYSTEMPATH\CodeIgniter.php(361): CodeIgniter\CodeIgniter->handleRequest(null, Object(Config\Cache), false)
 9 FCPATH\index.php(79): CodeIgniter\CodeIgniter->run()
10 SYSTEMPATH\Commands\Server\rewrite.php(47): require_once('C:\\xampp\\htdocs\\mojd\\public\\index.php')
INFO - 2024-09-17 12:43:24 --> Session: Class initialized using 'CodeIgniter\Session\Handlers\FileHandler' driver.
INFO - 2024-09-17 12:44:42 --> Session: Class initialized using 'CodeIgniter\Session\Handlers\FileHandler' driver.
INFO - 2024-09-17 12:45:21 --> Session: Class initialized using 'CodeIgniter\Session\Handlers\FileHandler' driver.
