CRITICAL - 2024-05-29 17:41:07 --> CodeIgniter\Filters\Exceptions\FilterException: "auth" filter must have a matching alias defined.
in SYSTEMPATH/Filters/Filters.php on line 355.
 1 SYSTEMPATH/Filters/Filters.php(355): CodeIgniter\Filters\Exceptions\FilterException::forNoAlias('auth')
 2 SYSTEMPATH/CodeIgniter.php(468): CodeIgniter\Filters\Filters->enableFilter('auth', 'before')
 3 SYSTEMPATH/CodeIgniter.php(361): CodeIgniter\CodeIgniter->handleRequest(null, Object(Config\Cache), false)
 4 FCPATH/index.php(79): CodeIgniter\CodeIgniter->run()
 5 SYSTEMPATH/Commands/Server/rewrite.php(47): require_once('/Applications/XAMPP/xamppfiles/htdocs/MOJ/moj_admin/public/index.php')
CRITICAL - 2024-05-29 17:42:00 --> CodeIgniter\Filters\Exceptions\FilterException: "auth" filter must have a matching alias defined.
in SYSTEMPATH/Filters/Filters.php on line 355.
 1 SYSTEMPATH/Filters/Filters.php(355): CodeIgniter\Filters\Exceptions\FilterException::forNoAlias('auth')
 2 SYSTEMPATH/CodeIgniter.php(468): CodeIgniter\Filters\Filters->enableFilter('auth', 'before')
 3 SYSTEMPATH/CodeIgniter.php(361): CodeIgniter\CodeIgniter->handleRequest(null, Object(Config\Cache), false)
 4 FCPATH/index.php(79): CodeIgniter\CodeIgniter->run()
 5 SYSTEMPATH/Commands/Server/rewrite.php(47): require_once('/Applications/XAMPP/xamppfiles/htdocs/MOJ/moj_admin/public/index.php')
CRITICAL - 2024-05-29 17:42:20 --> CodeIgniter\Filters\Exceptions\FilterException: "auth" filter must have a matching alias defined.
in SYSTEMPATH/Filters/Filters.php on line 355.
 1 SYSTEMPATH/Filters/Filters.php(355): CodeIgniter\Filters\Exceptions\FilterException::forNoAlias('auth')
 2 SYSTEMPATH/CodeIgniter.php(468): CodeIgniter\Filters\Filters->enableFilter('auth', 'before')
 3 SYSTEMPATH/CodeIgniter.php(361): CodeIgniter\CodeIgniter->handleRequest(null, Object(Config\Cache), false)
 4 FCPATH/index.php(79): CodeIgniter\CodeIgniter->run()
 5 SYSTEMPATH/Commands/Server/rewrite.php(47): require_once('/Applications/XAMPP/xamppfiles/htdocs/MOJ/moj_admin/public/index.php')
CRITICAL - 2024-05-29 17:43:15 --> CodeIgniter\Filters\Exceptions\FilterException: "auth" filter must have a matching alias defined.
in SYSTEMPATH/Filters/Filters.php on line 355.
 1 SYSTEMPATH/Filters/Filters.php(355): CodeIgniter\Filters\Exceptions\FilterException::forNoAlias('auth')
 2 SYSTEMPATH/CodeIgniter.php(468): CodeIgniter\Filters\Filters->enableFilter('auth', 'before')
 3 SYSTEMPATH/CodeIgniter.php(361): CodeIgniter\CodeIgniter->handleRequest(null, Object(Config\Cache), false)
 4 FCPATH/index.php(79): CodeIgniter\CodeIgniter->run()
 5 SYSTEMPATH/Commands/Server/rewrite.php(47): require_once('/Applications/XAMPP/xamppfiles/htdocs/MOJ/moj_admin/public/index.php')
CRITICAL - 2024-05-29 17:43:16 --> CodeIgniter\Filters\Exceptions\FilterException: "auth" filter must have a matching alias defined.
in SYSTEMPATH/Filters/Filters.php on line 355.
 1 SYSTEMPATH/Filters/Filters.php(355): CodeIgniter\Filters\Exceptions\FilterException::forNoAlias('auth')
 2 SYSTEMPATH/CodeIgniter.php(468): CodeIgniter\Filters\Filters->enableFilter('auth', 'before')
 3 SYSTEMPATH/CodeIgniter.php(361): CodeIgniter\CodeIgniter->handleRequest(null, Object(Config\Cache), false)
 4 FCPATH/index.php(79): CodeIgniter\CodeIgniter->run()
 5 SYSTEMPATH/Commands/Server/rewrite.php(47): require_once('/Applications/XAMPP/xamppfiles/htdocs/MOJ/moj_admin/public/index.php')
CRITICAL - 2024-05-29 17:43:37 --> CodeIgniter\Filters\Exceptions\FilterException: "auth" filter must have a matching alias defined.
in SYSTEMPATH/Filters/Filters.php on line 355.
 1 SYSTEMPATH/Filters/Filters.php(355): CodeIgniter\Filters\Exceptions\FilterException::forNoAlias('auth')
 2 SYSTEMPATH/CodeIgniter.php(468): CodeIgniter\Filters\Filters->enableFilter('auth', 'before')
 3 SYSTEMPATH/CodeIgniter.php(361): CodeIgniter\CodeIgniter->handleRequest(null, Object(Config\Cache), false)
 4 FCPATH/index.php(79): CodeIgniter\CodeIgniter->run()
 5 SYSTEMPATH/Commands/Server/rewrite.php(47): require_once('/Applications/XAMPP/xamppfiles/htdocs/MOJ/moj_admin/public/index.php')
INFO - 2024-05-29 17:44:00 --> Session: Class initialized using 'CodeIgniter\Session\Handlers\FileHandler' driver.
INFO - 2024-05-29 17:44:08 --> Session: Class initialized using 'CodeIgniter\Session\Handlers\FileHandler' driver.
CRITICAL - 2024-05-29 17:44:08 --> CodeIgniter\Filters\Exceptions\FilterException: "auth" filter must have a matching alias defined.
in SYSTEMPATH/Filters/Filters.php on line 355.
 1 SYSTEMPATH/Filters/Filters.php(355): CodeIgniter\Filters\Exceptions\FilterException::forNoAlias('auth')
 2 SYSTEMPATH/CodeIgniter.php(468): CodeIgniter\Filters\Filters->enableFilter('auth', 'before')
 3 SYSTEMPATH/CodeIgniter.php(361): CodeIgniter\CodeIgniter->handleRequest(null, Object(Config\Cache), false)
 4 FCPATH/index.php(79): CodeIgniter\CodeIgniter->run()
 5 SYSTEMPATH/Commands/Server/rewrite.php(47): require_once('/Applications/XAMPP/xamppfiles/htdocs/MOJ/moj_admin/public/index.php')
INFO - 2024-05-29 17:49:01 --> Session: Class initialized using 'CodeIgniter\Session\Handlers\FileHandler' driver.
INFO - 2024-05-29 17:49:11 --> Session: Class initialized using 'CodeIgniter\Session\Handlers\FileHandler' driver.
INFO - 2024-05-29 17:52:01 --> Session: Class initialized using 'CodeIgniter\Session\Handlers\FileHandler' driver.
INFO - 2024-05-29 17:52:42 --> Session: Class initialized using 'CodeIgniter\Session\Handlers\FileHandler' driver.
INFO - 2024-05-29 17:53:13 --> Session: Class initialized using 'CodeIgniter\Session\Handlers\FileHandler' driver.
INFO - 2024-05-29 17:59:16 --> Session: Class initialized using 'CodeIgniter\Session\Handlers\FileHandler' driver.
INFO - 2024-05-29 17:59:56 --> Session: Class initialized using 'CodeIgniter\Session\Handlers\FileHandler' driver.
INFO - 2024-05-29 18:01:18 --> Session: Class initialized using 'CodeIgniter\Session\Handlers\FileHandler' driver.
INFO - 2024-05-29 18:02:14 --> Session: Class initialized using 'CodeIgniter\Session\Handlers\FileHandler' driver.
INFO - 2024-05-29 18:02:38 --> Session: Class initialized using 'CodeIgniter\Session\Handlers\FileHandler' driver.
INFO - 2024-05-29 18:02:47 --> Session: Class initialized using 'CodeIgniter\Session\Handlers\FileHandler' driver.
