INFO - 2024-07-30 11:27:25 --> Session: Class initialized using 'CodeIgniter\Session\Handlers\FileHandler' driver.
INFO - 2024-07-30 11:27:26 --> Session: Class initialized using 'CodeIgniter\Session\Handlers\FileHandler' driver.
ERROR - 2024-07-30 11:27:33 --> Error connecting to the database: mysqli_sql_exception: Connection refused in /Applications/XAMPP/xamppfiles/htdocs/MOJ/moj_admin/vendor/codeigniter4/framework/system/Database/MySQLi/Connection.php:185
Stack trace:
#0 /Applications/XAMPP/xamppfiles/htdocs/MOJ/moj_admin/vendor/codeigniter4/framework/system/Database/MySQLi/Connection.php(185): mysqli->real_connect('127.0.0.1', 'root', '', 'moj_ci4', 3306, '', 0)
#1 /Applications/XAMPP/xamppfiles/htdocs/MOJ/moj_admin/vendor/codeigniter4/framework/system/Database/BaseConnection.php(392): CodeIgniter\Database\MySQLi\Connection->connect(false)
#2 /Applications/XAMPP/xamppfiles/htdocs/MOJ/moj_admin/vendor/codeigniter4/framework/system/Database/BaseConnection.php(575): CodeIgniter\Database\BaseConnection->initialize()
#3 /Applications/XAMPP/xamppfiles/htdocs/MOJ/moj_admin/vendor/codeigniter4/framework/system/Database/BaseBuilder.php(1616): CodeIgniter\Database\BaseConnection->query('SELECT *\nFROM `...', Array, false)
#4 /Applications/XAMPP/xamppfiles/htdocs/MOJ/moj_admin/vendor/codeigniter4/framework/system/Model.php(271): CodeIgniter\Database\BaseBuilder->get()
#5 /Applications/XAMPP/xamppfiles/htdocs/MOJ/moj_admin/vendor/codeigniter4/framework/system/BaseModel.php(679): CodeIgniter\Model->doFirst()
#6 /Applications/XAMPP/xamppfiles/htdocs/MOJ/moj_admin/app/Controllers/Admin/Auth.php(27): CodeIgniter\BaseModel->first()
#7 /Applications/XAMPP/xamppfiles/htdocs/MOJ/moj_admin/vendor/codeigniter4/framework/system/CodeIgniter.php(943): App\Controllers\Admin\Auth->attemptLogin()
#8 /Applications/XAMPP/xamppfiles/htdocs/MOJ/moj_admin/vendor/codeigniter4/framework/system/CodeIgniter.php(503): CodeIgniter\CodeIgniter->runController(Object(App\Controllers\Admin\Auth))
#9 /Applications/XAMPP/xamppfiles/htdocs/MOJ/moj_admin/vendor/codeigniter4/framework/system/CodeIgniter.php(361): CodeIgniter\CodeIgniter->handleRequest(NULL, Object(Config\Cache), false)
#10 /Applications/XAMPP/xamppfiles/htdocs/MOJ/moj_admin/public/index.php(79): CodeIgniter\CodeIgniter->run()
#11 /Applications/XAMPP/xamppfiles/htdocs/MOJ/moj_admin/vendor/codeigniter4/framework/system/Commands/Server/rewrite.php(47): require_once('/Applications/X...')
#12 {main}

Next CodeIgniter\Database\Exceptions\DatabaseException: Connection refused in /Applications/XAMPP/xamppfiles/htdocs/MOJ/moj_admin/vendor/codeigniter4/framework/system/Database/MySQLi/Connection.php:229
Stack trace:
#0 /Applications/XAMPP/xamppfiles/htdocs/MOJ/moj_admin/vendor/codeigniter4/framework/system/Database/BaseConnection.php(392): CodeIgniter\Database\MySQLi\Connection->connect(false)
#1 /Applications/XAMPP/xamppfiles/htdocs/MOJ/moj_admin/vendor/codeigniter4/framework/system/Database/BaseConnection.php(575): CodeIgniter\Database\BaseConnection->initialize()
#2 /Applications/XAMPP/xamppfiles/htdocs/MOJ/moj_admin/vendor/codeigniter4/framework/system/Database/BaseBuilder.php(1616): CodeIgniter\Database\BaseConnection->query('SELECT *\nFROM `...', Array, false)
#3 /Applications/XAMPP/xamppfiles/htdocs/MOJ/moj_admin/vendor/codeigniter4/framework/system/Model.php(271): CodeIgniter\Database\BaseBuilder->get()
#4 /Applications/XAMPP/xamppfiles/htdocs/MOJ/moj_admin/vendor/codeigniter4/framework/system/BaseModel.php(679): CodeIgniter\Model->doFirst()
#5 /Applications/XAMPP/xamppfiles/htdocs/MOJ/moj_admin/app/Controllers/Admin/Auth.php(27): CodeIgniter\BaseModel->first()
#6 /Applications/XAMPP/xamppfiles/htdocs/MOJ/moj_admin/vendor/codeigniter4/framework/system/CodeIgniter.php(943): App\Controllers\Admin\Auth->attemptLogin()
#7 /Applications/XAMPP/xamppfiles/htdocs/MOJ/moj_admin/vendor/codeigniter4/framework/system/CodeIgniter.php(503): CodeIgniter\CodeIgniter->runController(Object(App\Controllers\Admin\Auth))
#8 /Applications/XAMPP/xamppfiles/htdocs/MOJ/moj_admin/vendor/codeigniter4/framework/system/CodeIgniter.php(361): CodeIgniter\CodeIgniter->handleRequest(NULL, Object(Config\Cache), false)
#9 /Applications/XAMPP/xamppfiles/htdocs/MOJ/moj_admin/public/index.php(79): CodeIgniter\CodeIgniter->run()
#10 /Applications/XAMPP/xamppfiles/htdocs/MOJ/moj_admin/vendor/codeigniter4/framework/system/Commands/Server/rewrite.php(47): require_once('/Applications/X...')
#11 {main}
CRITICAL - 2024-07-30 11:27:33 --> CodeIgniter\Database\Exceptions\DatabaseException: Unable to connect to the database.
Main connection [MySQLi]: Connection refused
in SYSTEMPATH/Database/BaseConnection.php on line 428.
 1 SYSTEMPATH/Database/BaseConnection.php(575): CodeIgniter\Database\BaseConnection->initialize()
 2 SYSTEMPATH/Database/BaseBuilder.php(1616): CodeIgniter\Database\BaseConnection->query('SELECT *
FROM `admins`
WHERE `email` = :email:
 LIMIT 1', [...], false)
 3 SYSTEMPATH/Model.php(271): CodeIgniter\Database\BaseBuilder->get()
 4 SYSTEMPATH/BaseModel.php(679): CodeIgniter\Model->doFirst()
 5 APPPATH/Controllers/Admin/Auth.php(27): CodeIgniter\BaseModel->first()
 6 SYSTEMPATH/CodeIgniter.php(943): App\Controllers\Admin\Auth->attemptLogin()
 7 SYSTEMPATH/CodeIgniter.php(503): CodeIgniter\CodeIgniter->runController(Object(App\Controllers\Admin\Auth))
 8 SYSTEMPATH/CodeIgniter.php(361): CodeIgniter\CodeIgniter->handleRequest(null, Object(Config\Cache), false)
 9 FCPATH/index.php(79): CodeIgniter\CodeIgniter->run()
10 SYSTEMPATH/Commands/Server/rewrite.php(47): require_once('/Applications/XAMPP/xamppfiles/htdocs/MOJ/moj_admin/public/index.php')
INFO - 2024-07-30 11:28:04 --> Session: Class initialized using 'CodeIgniter\Session\Handlers\FileHandler' driver.
INFO - 2024-07-30 11:28:04 --> Session: Class initialized using 'CodeIgniter\Session\Handlers\FileHandler' driver.
INFO - 2024-07-30 11:28:21 --> Session: Class initialized using 'CodeIgniter\Session\Handlers\FileHandler' driver.
INFO - 2024-07-30 11:28:31 --> Session: Class initialized using 'CodeIgniter\Session\Handlers\FileHandler' driver.
INFO - 2024-07-30 11:28:44 --> Session: Class initialized using 'CodeIgniter\Session\Handlers\FileHandler' driver.
INFO - 2024-07-30 11:28:51 --> Session: Class initialized using 'CodeIgniter\Session\Handlers\FileHandler' driver.
INFO - 2024-07-30 11:28:57 --> Session: Class initialized using 'CodeIgniter\Session\Handlers\FileHandler' driver.
INFO - 2024-07-30 11:29:09 --> Session: Class initialized using 'CodeIgniter\Session\Handlers\FileHandler' driver.
INFO - 2024-07-30 11:29:18 --> Session: Class initialized using 'CodeIgniter\Session\Handlers\FileHandler' driver.
INFO - 2024-07-30 11:29:23 --> Session: Class initialized using 'CodeIgniter\Session\Handlers\FileHandler' driver.
CRITICAL - 2024-07-30 11:29:23 --> ErrorException: Undefined index: state_name
in APPPATH/Views/admin/settings/list_all_cities.php on line 94.
 1 APPPATH/Views/admin/settings/list_all_cities.php(94): CodeIgniter\Debug\Exceptions->errorHandler(8, 'Undefined index: state_name', '/Applications/XAMPP/xamppfiles/htdocs/MOJ/moj_admin/app/Views/admin/settings/list_all_cities.php', 94, [...])
 2 SYSTEMPATH/View/View.php(228): include('/Applications/XAMPP/xamppfiles/htdocs/MOJ/moj_admin/app/Views/admin/settings/list_all_cities.php')
 3 SYSTEMPATH/View/View.php(231): CodeIgniter\View\View->CodeIgniter\View\{closure}()
 4 SYSTEMPATH/Common.php(1178): CodeIgniter\View\View->render('admin/settings/list_all_cities', [], true)
 5 APPPATH/Controllers/Admin/Settings.php(219): view('admin/settings/list_all_cities', [...])
 6 SYSTEMPATH/CodeIgniter.php(943): App\Controllers\Admin\Settings->listAllCities('aa6504cd5b05024e2699775dc8b8e350')
 7 SYSTEMPATH/CodeIgniter.php(503): CodeIgniter\CodeIgniter->runController(Object(App\Controllers\Admin\Settings))
 8 SYSTEMPATH/CodeIgniter.php(361): CodeIgniter\CodeIgniter->handleRequest(null, Object(Config\Cache), false)
 9 FCPATH/index.php(79): CodeIgniter\CodeIgniter->run()
10 SYSTEMPATH/Commands/Server/rewrite.php(47): require_once('/Applications/XAMPP/xamppfiles/htdocs/MOJ/moj_admin/public/index.php')
INFO - 2024-07-30 11:29:25 --> Session: Class initialized using 'CodeIgniter\Session\Handlers\FileHandler' driver.
INFO - 2024-07-30 11:29:29 --> Session: Class initialized using 'CodeIgniter\Session\Handlers\FileHandler' driver.
INFO - 2024-07-30 11:29:37 --> Session: Class initialized using 'CodeIgniter\Session\Handlers\FileHandler' driver.
