CRITICAL - 2024-10-29 03:14:11 --> Error: Class "Locale" not found
in SYSTEMPATH\CodeIgniter.php on line 218.
 1 ROOTPATH\spark(88): CodeIgniter\CodeIgniter->initialize()
CRITICAL - 2024-10-29 03:14:11 --> ErrorException: Uncaught Error: Class "Locale" not found in C:\xampp\htdocs\mojd\vendor\codeigniter4\framework\system\I18n\TimeTrait.php:74
Stack trace:
#0 C:\xampp\htdocs\mojd\vendor\codeigniter4\framework\system\I18n\TimeTrait.php(115): CodeIgniter\I18n\Time->__construct(NULL, NULL, NULL)
#1 C:\xampp\htdocs\mojd\vendor\codeigniter4\framework\system\HTTP\ResponseTrait.php(468): CodeIgniter\I18n\Time::now()
#2 C:\xampp\htdocs\mojd\vendor\codeigniter4\framework\system\HTTP\ResponseTrait.php(446): CodeIgniter\HTTP\Response->sendHeaders()
#3 C:\xampp\htdocs\mojd\vendor\codeigniter4\framework\system\Debug\ExceptionHandler.php(81): CodeIgniter\HTTP\Response->send()
#4 C:\xampp\htdocs\mojd\vendor\codeigniter4\framework\system\Debug\Exceptions.php(157): CodeIgniter\Debug\ExceptionHandler->handle(Object(Error), Object(CodeIgniter\HTTP\IncomingRequest), Object(CodeIgniter\HTTP\Response), 500, 1)
#5 [internal function]: CodeIgniter\Debug\Exceptions->exceptionHandler(Object(Error))
#6 {main}
  thrown
【Previous Exception】
Error
Class "Locale" not found
#0 C:\xampp\htdocs\mojd\spark(88): CodeIgniter\CodeIgniter->initialize()
#1 {main}
in SYSTEMPATH\I18n\TimeTrait.php on line 74.
 1 [internal function]: CodeIgniter\Debug\Exceptions->shutdownHandler()
INFO - 2024-10-29 02:15:25 --> Session: Class initialized using 'CodeIgniter\Session\Handlers\FileHandler' driver.
INFO - 2024-10-29 02:15:42 --> Session: Class initialized using 'CodeIgniter\Session\Handlers\FileHandler' driver.
ERROR - 2024-10-29 02:15:45 --> mysqli_sql_exception: Table 'test.admin' doesn't exist in C:\xampp\htdocs\mojd\vendor\codeigniter4\framework\system\Database\MySQLi\Connection.php:306
Stack trace:
#0 C:\xampp\htdocs\mojd\vendor\codeigniter4\framework\system\Database\MySQLi\Connection.php(306): mysqli->query('SELECT *\nFROM `...', 0)
#1 C:\xampp\htdocs\mojd\vendor\codeigniter4\framework\system\Database\BaseConnection.php(693): CodeIgniter\Database\MySQLi\Connection->execute('SELECT *\nFROM `...')
#2 C:\xampp\htdocs\mojd\vendor\codeigniter4\framework\system\Database\BaseConnection.php(607): CodeIgniter\Database\BaseConnection->simpleQuery('SELECT *\nFROM `...')
#3 C:\xampp\htdocs\mojd\vendor\codeigniter4\framework\system\Database\BaseBuilder.php(1616): CodeIgniter\Database\BaseConnection->query('SELECT *\nFROM `...', Array, false)
#4 C:\xampp\htdocs\mojd\vendor\codeigniter4\framework\system\Model.php(271): CodeIgniter\Database\BaseBuilder->get()
#5 C:\xampp\htdocs\mojd\vendor\codeigniter4\framework\system\BaseModel.php(679): CodeIgniter\Model->doFirst()
#6 C:\xampp\htdocs\mojd\app\Controllers\Admin\Auth.php(27): CodeIgniter\BaseModel->first()
#7 C:\xampp\htdocs\mojd\vendor\codeigniter4\framework\system\CodeIgniter.php(943): App\Controllers\Admin\Auth->attemptLogin()
#8 C:\xampp\htdocs\mojd\vendor\codeigniter4\framework\system\CodeIgniter.php(503): CodeIgniter\CodeIgniter->runController(Object(App\Controllers\Admin\Auth))
#9 C:\xampp\htdocs\mojd\vendor\codeigniter4\framework\system\CodeIgniter.php(361): CodeIgniter\CodeIgniter->handleRequest(NULL, Object(Config\Cache), false)
#10 C:\xampp\htdocs\mojd\public\index.php(79): CodeIgniter\CodeIgniter->run()
#11 C:\xampp\htdocs\mojd\vendor\codeigniter4\framework\system\Commands\Server\rewrite.php(47): require_once('C:\\xampp\\htdocs...')
#12 {main}
CRITICAL - 2024-10-29 02:15:45 --> CodeIgniter\Database\Exceptions\DatabaseException: Table 'test.admin' doesn't exist
in SYSTEMPATH\Database\BaseConnection.php on line 647.
 1 SYSTEMPATH\Database\BaseBuilder.php(1616): CodeIgniter\Database\BaseConnection->query('SELECT *
FROM `admin`
WHERE `email` = :email:
 LIMIT 1', [...], false)
 2 SYSTEMPATH\Model.php(271): CodeIgniter\Database\BaseBuilder->get()
 3 SYSTEMPATH\BaseModel.php(679): CodeIgniter\Model->doFirst()
 4 APPPATH\Controllers\Admin\Auth.php(27): CodeIgniter\BaseModel->first()
 5 SYSTEMPATH\CodeIgniter.php(943): App\Controllers\Admin\Auth->attemptLogin()
 6 SYSTEMPATH\CodeIgniter.php(503): CodeIgniter\CodeIgniter->runController(Object(App\Controllers\Admin\Auth))
 7 SYSTEMPATH\CodeIgniter.php(361): CodeIgniter\CodeIgniter->handleRequest(null, Object(Config\Cache), false)
 8 FCPATH\index.php(79): CodeIgniter\CodeIgniter->run()
 9 SYSTEMPATH\Commands\Server\rewrite.php(47): require_once('C:\\xampp\\htdocs\\mojd\\public\\index.php')
CRITICAL - 2024-10-29 02:15:45 --> [Caused by] CodeIgniter\Database\Exceptions\DatabaseException: Table 'test.admin' doesn't exist
in SYSTEMPATH\Database\MySQLi\Connection.php on line 311.
 1 SYSTEMPATH\Database\BaseConnection.php(693): CodeIgniter\Database\MySQLi\Connection->execute('SELECT *
FROM `admin`
WHERE `email` = \'admin@gmail.com\'
 LIMIT 1')
 2 SYSTEMPATH\Database\BaseConnection.php(607): CodeIgniter\Database\BaseConnection->simpleQuery('SELECT *
FROM `admin`
WHERE `email` = \'admin@gmail.com\'
 LIMIT 1')
 3 SYSTEMPATH\Database\BaseBuilder.php(1616): CodeIgniter\Database\BaseConnection->query('SELECT *
FROM `admin`
WHERE `email` = :email:
 LIMIT 1', [...], false)
 4 SYSTEMPATH\Model.php(271): CodeIgniter\Database\BaseBuilder->get()
 5 SYSTEMPATH\BaseModel.php(679): CodeIgniter\Model->doFirst()
 6 APPPATH\Controllers\Admin\Auth.php(27): CodeIgniter\BaseModel->first()
 7 SYSTEMPATH\CodeIgniter.php(943): App\Controllers\Admin\Auth->attemptLogin()
 8 SYSTEMPATH\CodeIgniter.php(503): CodeIgniter\CodeIgniter->runController(Object(App\Controllers\Admin\Auth))
 9 SYSTEMPATH\CodeIgniter.php(361): CodeIgniter\CodeIgniter->handleRequest(null, Object(Config\Cache), false)
10 FCPATH\index.php(79): CodeIgniter\CodeIgniter->run()
11 SYSTEMPATH\Commands\Server\rewrite.php(47): require_once('C:\\xampp\\htdocs\\mojd\\public\\index.php')
CRITICAL - 2024-10-29 02:15:45 --> [Caused by] mysqli_sql_exception: Table 'test.admin' doesn't exist
in SYSTEMPATH\Database\MySQLi\Connection.php on line 306.
 1 SYSTEMPATH\Database\MySQLi\Connection.php(306): mysqli->query('SELECT *
FROM `admin`
WHERE `email` = \'admin@gmail.com\'
 LIMIT 1', 0)
 2 SYSTEMPATH\Database\BaseConnection.php(693): CodeIgniter\Database\MySQLi\Connection->execute('SELECT *
FROM `admin`
WHERE `email` = \'admin@gmail.com\'
 LIMIT 1')
 3 SYSTEMPATH\Database\BaseConnection.php(607): CodeIgniter\Database\BaseConnection->simpleQuery('SELECT *
FROM `admin`
WHERE `email` = \'admin@gmail.com\'
 LIMIT 1')
 4 SYSTEMPATH\Database\BaseBuilder.php(1616): CodeIgniter\Database\BaseConnection->query('SELECT *
FROM `admin`
WHERE `email` = :email:
 LIMIT 1', [...], false)
 5 SYSTEMPATH\Model.php(271): CodeIgniter\Database\BaseBuilder->get()
 6 SYSTEMPATH\BaseModel.php(679): CodeIgniter\Model->doFirst()
 7 APPPATH\Controllers\Admin\Auth.php(27): CodeIgniter\BaseModel->first()
 8 SYSTEMPATH\CodeIgniter.php(943): App\Controllers\Admin\Auth->attemptLogin()
 9 SYSTEMPATH\CodeIgniter.php(503): CodeIgniter\CodeIgniter->runController(Object(App\Controllers\Admin\Auth))
10 SYSTEMPATH\CodeIgniter.php(361): CodeIgniter\CodeIgniter->handleRequest(null, Object(Config\Cache), false)
11 FCPATH\index.php(79): CodeIgniter\CodeIgniter->run()
12 SYSTEMPATH\Commands\Server\rewrite.php(47): require_once('C:\\xampp\\htdocs\\mojd\\public\\index.php')
INFO - 2024-10-29 02:25:34 --> Session: Class initialized using 'CodeIgniter\Session\Handlers\FileHandler' driver.
INFO - 2024-10-29 02:25:34 --> Session: Class initialized using 'CodeIgniter\Session\Handlers\FileHandler' driver.
INFO - 2024-10-29 02:25:51 --> Session: Class initialized using 'CodeIgniter\Session\Handlers\FileHandler' driver.
INFO - 2024-10-29 02:26:49 --> Session: Class initialized using 'CodeIgniter\Session\Handlers\FileHandler' driver.
INFO - 2024-10-29 02:31:27 --> Session: Class initialized using 'CodeIgniter\Session\Handlers\FileHandler' driver.
INFO - 2024-10-29 02:31:33 --> Session: Class initialized using 'CodeIgniter\Session\Handlers\FileHandler' driver.
INFO - 2024-10-29 02:33:20 --> Session: Class initialized using 'CodeIgniter\Session\Handlers\FileHandler' driver.
INFO - 2024-10-29 02:33:25 --> Session: Class initialized using 'CodeIgniter\Session\Handlers\FileHandler' driver.
INFO - 2024-10-29 02:39:05 --> Session: Class initialized using 'CodeIgniter\Session\Handlers\FileHandler' driver.
INFO - 2024-10-29 02:40:18 --> Session: Class initialized using 'CodeIgniter\Session\Handlers\FileHandler' driver.
INFO - 2024-10-29 04:14:39 --> Session: Class initialized using 'CodeIgniter\Session\Handlers\FileHandler' driver.
INFO - 2024-10-29 04:15:11 --> Session: Class initialized using 'CodeIgniter\Session\Handlers\FileHandler' driver.
INFO - 2024-10-29 04:15:53 --> Session: Class initialized using 'CodeIgniter\Session\Handlers\FileHandler' driver.
INFO - 2024-10-29 04:16:01 --> Session: Class initialized using 'CodeIgniter\Session\Handlers\FileHandler' driver.
INFO - 2024-10-29 04:19:34 --> Session: Class initialized using 'CodeIgniter\Session\Handlers\FileHandler' driver.
INFO - 2024-10-29 04:19:56 --> Session: Class initialized using 'CodeIgniter\Session\Handlers\FileHandler' driver.
INFO - 2024-10-29 04:20:24 --> Session: Class initialized using 'CodeIgniter\Session\Handlers\FileHandler' driver.
INFO - 2024-10-29 04:24:13 --> Session: Class initialized using 'CodeIgniter\Session\Handlers\FileHandler' driver.
INFO - 2024-10-29 04:25:30 --> Session: Class initialized using 'CodeIgniter\Session\Handlers\FileHandler' driver.
INFO - 2024-10-29 04:25:45 --> Session: Class initialized using 'CodeIgniter\Session\Handlers\FileHandler' driver.
INFO - 2024-10-29 04:26:12 --> Session: Class initialized using 'CodeIgniter\Session\Handlers\FileHandler' driver.
INFO - 2024-10-29 04:26:36 --> Session: Class initialized using 'CodeIgniter\Session\Handlers\FileHandler' driver.
INFO - 2024-10-29 04:26:47 --> Session: Class initialized using 'CodeIgniter\Session\Handlers\FileHandler' driver.
INFO - 2024-10-29 04:28:12 --> Session: Class initialized using 'CodeIgniter\Session\Handlers\FileHandler' driver.
INFO - 2024-10-29 04:28:53 --> Session: Class initialized using 'CodeIgniter\Session\Handlers\FileHandler' driver.
CRITICAL - 2024-10-29 04:28:53 --> CodeIgniter\View\Exceptions\ViewException: Invalid file: "admin/candidates/user_info_applied.php"
in SYSTEMPATH\Exceptions\FrameworkException.php on line 39.
 1 SYSTEMPATH\View\View.php(216): CodeIgniter\Exceptions\FrameworkException::forInvalidFile('admin/candidates/user_info_applied.php')
 2 SYSTEMPATH\View\View.php(469): CodeIgniter\View\View->render('admin/candidates/user_info_applied', null, true)
 3 APPPATH\Views\admin\candidates\user_info_slider.php(20): CodeIgniter\View\View->include('admin/candidates/user_info_applied')
 4 SYSTEMPATH\View\View.php(228): include('C:\\xampp\\htdocs\\odinadmin\\app\\Views\\admin\\candidates\\user_info_slider.php')
 5 SYSTEMPATH\View\View.php(231): CodeIgniter\View\View->CodeIgniter\View\{closure}()
 6 SYSTEMPATH\View\View.php(469): CodeIgniter\View\View->render('admin/candidates/user_info_slider', null, true)
 7 APPPATH\Views\admin\candidates\list_candidates.php(202): CodeIgniter\View\View->include('admin/candidates/user_info_slider')
 8 SYSTEMPATH\View\View.php(228): include('C:\\xampp\\htdocs\\odinadmin\\app\\Views\\admin\\candidates\\list_candidates.php')
 9 SYSTEMPATH\View\View.php(231): CodeIgniter\View\View->CodeIgniter\View\{closure}()
10 SYSTEMPATH\Common.php(1178): CodeIgniter\View\View->render('admin/candidates/list_candidates', [], true)
11 APPPATH\Controllers\Admin\Candidates\Candidates.php(123): view('admin/candidates/list_candidates', [...])
12 SYSTEMPATH\CodeIgniter.php(943): App\Controllers\Admin\Candidates\Candidates->listAllCandidates('73cf93b5dca6d2b1ddc94d0ddf47c713')
13 SYSTEMPATH\CodeIgniter.php(503): CodeIgniter\CodeIgniter->runController(Object(App\Controllers\Admin\Candidates\Candidates))
14 SYSTEMPATH\CodeIgniter.php(361): CodeIgniter\CodeIgniter->handleRequest(null, Object(Config\Cache), false)
15 FCPATH\index.php(79): CodeIgniter\CodeIgniter->run()
16 SYSTEMPATH\Commands\Server\rewrite.php(47): require_once('C:\\xampp\\htdocs\\odinadmin\\public\\index.php')
INFO - 2024-10-29 04:29:23 --> Session: Class initialized using 'CodeIgniter\Session\Handlers\FileHandler' driver.
CRITICAL - 2024-10-29 04:29:23 --> CodeIgniter\View\Exceptions\ViewException: Invalid file: "admin/candidates/user_info_applied.php"
in SYSTEMPATH\Exceptions\FrameworkException.php on line 39.
 1 SYSTEMPATH\View\View.php(216): CodeIgniter\Exceptions\FrameworkException::forInvalidFile('admin/candidates/user_info_applied.php')
 2 SYSTEMPATH\View\View.php(469): CodeIgniter\View\View->render('admin/candidates/user_info_applied', null, true)
 3 APPPATH\Views\admin\candidates\user_info_slider.php(20): CodeIgniter\View\View->include('admin/candidates/user_info_applied')
 4 SYSTEMPATH\View\View.php(228): include('C:\\xampp\\htdocs\\odinadmin\\app\\Views\\admin\\candidates\\user_info_slider.php')
 5 SYSTEMPATH\View\View.php(231): CodeIgniter\View\View->CodeIgniter\View\{closure}()
 6 SYSTEMPATH\View\View.php(469): CodeIgniter\View\View->render('admin/candidates/user_info_slider', null, true)
 7 APPPATH\Views\admin\candidates\list_candidates.php(202): CodeIgniter\View\View->include('admin/candidates/user_info_slider')
 8 SYSTEMPATH\View\View.php(228): include('C:\\xampp\\htdocs\\odinadmin\\app\\Views\\admin\\candidates\\list_candidates.php')
 9 SYSTEMPATH\View\View.php(231): CodeIgniter\View\View->CodeIgniter\View\{closure}()
10 SYSTEMPATH\Common.php(1178): CodeIgniter\View\View->render('admin/candidates/list_candidates', [], true)
11 APPPATH\Controllers\Admin\Candidates\Candidates.php(123): view('admin/candidates/list_candidates', [...])
12 SYSTEMPATH\CodeIgniter.php(943): App\Controllers\Admin\Candidates\Candidates->listAllCandidates('73cf93b5dca6d2b1ddc94d0ddf47c713')
13 SYSTEMPATH\CodeIgniter.php(503): CodeIgniter\CodeIgniter->runController(Object(App\Controllers\Admin\Candidates\Candidates))
14 SYSTEMPATH\CodeIgniter.php(361): CodeIgniter\CodeIgniter->handleRequest(null, Object(Config\Cache), false)
15 FCPATH\index.php(79): CodeIgniter\CodeIgniter->run()
16 SYSTEMPATH\Commands\Server\rewrite.php(47): require_once('C:\\xampp\\htdocs\\odinadmin\\public\\index.php')
INFO - 2024-10-29 04:29:24 --> Session: Class initialized using 'CodeIgniter\Session\Handlers\FileHandler' driver.
INFO - 2024-10-29 04:29:27 --> Session: Class initialized using 'CodeIgniter\Session\Handlers\FileHandler' driver.
CRITICAL - 2024-10-29 04:29:27 --> CodeIgniter\View\Exceptions\ViewException: Invalid file: "admin/candidates/user_info_applied.php"
in SYSTEMPATH\Exceptions\FrameworkException.php on line 39.
 1 SYSTEMPATH\View\View.php(216): CodeIgniter\Exceptions\FrameworkException::forInvalidFile('admin/candidates/user_info_applied.php')
 2 SYSTEMPATH\View\View.php(469): CodeIgniter\View\View->render('admin/candidates/user_info_applied', null, true)
 3 APPPATH\Views\admin\candidates\user_info_slider.php(20): CodeIgniter\View\View->include('admin/candidates/user_info_applied')
 4 SYSTEMPATH\View\View.php(228): include('C:\\xampp\\htdocs\\odinadmin\\app\\Views\\admin\\candidates\\user_info_slider.php')
 5 SYSTEMPATH\View\View.php(231): CodeIgniter\View\View->CodeIgniter\View\{closure}()
 6 SYSTEMPATH\View\View.php(469): CodeIgniter\View\View->render('admin/candidates/user_info_slider', null, true)
 7 APPPATH\Views\admin\candidates\list_candidates.php(202): CodeIgniter\View\View->include('admin/candidates/user_info_slider')
 8 SYSTEMPATH\View\View.php(228): include('C:\\xampp\\htdocs\\odinadmin\\app\\Views\\admin\\candidates\\list_candidates.php')
 9 SYSTEMPATH\View\View.php(231): CodeIgniter\View\View->CodeIgniter\View\{closure}()
10 SYSTEMPATH\Common.php(1178): CodeIgniter\View\View->render('admin/candidates/list_candidates', [], true)
11 APPPATH\Controllers\Admin\Candidates\Candidates.php(123): view('admin/candidates/list_candidates', [...])
12 SYSTEMPATH\CodeIgniter.php(943): App\Controllers\Admin\Candidates\Candidates->listAllCandidates('73cf93b5dca6d2b1ddc94d0ddf47c713')
13 SYSTEMPATH\CodeIgniter.php(503): CodeIgniter\CodeIgniter->runController(Object(App\Controllers\Admin\Candidates\Candidates))
14 SYSTEMPATH\CodeIgniter.php(361): CodeIgniter\CodeIgniter->handleRequest(null, Object(Config\Cache), false)
15 FCPATH\index.php(79): CodeIgniter\CodeIgniter->run()
16 SYSTEMPATH\Commands\Server\rewrite.php(47): require_once('C:\\xampp\\htdocs\\odinadmin\\public\\index.php')
INFO - 2024-10-29 04:30:01 --> Session: Class initialized using 'CodeIgniter\Session\Handlers\FileHandler' driver.
INFO - 2024-10-29 04:30:07 --> Session: Class initialized using 'CodeIgniter\Session\Handlers\FileHandler' driver.
INFO - 2024-10-29 04:30:30 --> Session: Class initialized using 'CodeIgniter\Session\Handlers\FileHandler' driver.
INFO - 2024-10-29 04:30:33 --> Session: Class initialized using 'CodeIgniter\Session\Handlers\FileHandler' driver.
INFO - 2024-10-29 04:30:39 --> Session: Class initialized using 'CodeIgniter\Session\Handlers\FileHandler' driver.
INFO - 2024-10-29 04:30:39 --> Session: Class initialized using 'CodeIgniter\Session\Handlers\FileHandler' driver.
INFO - 2024-10-29 04:30:40 --> Session: Class initialized using 'CodeIgniter\Session\Handlers\FileHandler' driver.
INFO - 2024-10-29 04:30:40 --> Session: Class initialized using 'CodeIgniter\Session\Handlers\FileHandler' driver.
INFO - 2024-10-29 04:30:40 --> Session: Class initialized using 'CodeIgniter\Session\Handlers\FileHandler' driver.
INFO - 2024-10-29 04:31:06 --> Session: Class initialized using 'CodeIgniter\Session\Handlers\FileHandler' driver.
INFO - 2024-10-29 04:33:06 --> Session: Class initialized using 'CodeIgniter\Session\Handlers\FileHandler' driver.
INFO - 2024-10-29 04:33:18 --> Session: Class initialized using 'CodeIgniter\Session\Handlers\FileHandler' driver.
INFO - 2024-10-29 04:55:48 --> Session: Class initialized using 'CodeIgniter\Session\Handlers\FileHandler' driver.
CRITICAL - 2024-10-29 04:55:48 --> ParseError: syntax error, unexpected token "else", expecting "function" or "const"
in APPPATH\Controllers\Admin\Candidates\Candidates.php on line 204.
 1 SYSTEMPATH\Autoloader\Autoloader.php(290): CodeIgniter\Autoloader\Autoloader->includeFile('C:\\xampp\\htdocs\\odinadmin\\app\\Controllers\\Admin\\Candidates\\Candidates.php')
 2 SYSTEMPATH\Autoloader\Autoloader.php(266): CodeIgniter\Autoloader\Autoloader->loadInNamespace('App\\Controllers\\Admin\\Candidates\\Candidates')
 3 [internal function]: CodeIgniter\Autoloader\Autoloader->loadClass('App\\Controllers\\Admin\\Candidates\\Candidates')
 4 SYSTEMPATH\CodeIgniter.php(901): class_exists('\\App\\Controllers\\Admin\\Candidates\\Candidates', true)
 5 SYSTEMPATH\CodeIgniter.php(490): CodeIgniter\CodeIgniter->startController()
 6 SYSTEMPATH\CodeIgniter.php(361): CodeIgniter\CodeIgniter->handleRequest(null, Object(Config\Cache), false)
 7 FCPATH\index.php(79): CodeIgniter\CodeIgniter->run()
 8 SYSTEMPATH\Commands\Server\rewrite.php(47): require_once('C:\\xampp\\htdocs\\odinadmin\\public\\index.php')
INFO - 2024-10-29 04:56:23 --> Session: Class initialized using 'CodeIgniter\Session\Handlers\FileHandler' driver.
CRITICAL - 2024-10-29 04:56:23 --> ParseError: syntax error, unexpected token "else", expecting "function" or "const"
in APPPATH\Controllers\Admin\Candidates\Candidates.php on line 204.
 1 SYSTEMPATH\Autoloader\Autoloader.php(290): CodeIgniter\Autoloader\Autoloader->includeFile('C:\\xampp\\htdocs\\odinadmin\\app\\Controllers\\Admin\\Candidates\\Candidates.php')
 2 SYSTEMPATH\Autoloader\Autoloader.php(266): CodeIgniter\Autoloader\Autoloader->loadInNamespace('App\\Controllers\\Admin\\Candidates\\Candidates')
 3 [internal function]: CodeIgniter\Autoloader\Autoloader->loadClass('App\\Controllers\\Admin\\Candidates\\Candidates')
 4 SYSTEMPATH\CodeIgniter.php(901): class_exists('\\App\\Controllers\\Admin\\Candidates\\Candidates', true)
 5 SYSTEMPATH\CodeIgniter.php(490): CodeIgniter\CodeIgniter->startController()
 6 SYSTEMPATH\CodeIgniter.php(361): CodeIgniter\CodeIgniter->handleRequest(null, Object(Config\Cache), false)
 7 FCPATH\index.php(79): CodeIgniter\CodeIgniter->run()
 8 SYSTEMPATH\Commands\Server\rewrite.php(47): require_once('C:\\xampp\\htdocs\\odinadmin\\public\\index.php')
INFO - 2024-10-29 04:57:05 --> Session: Class initialized using 'CodeIgniter\Session\Handlers\FileHandler' driver.
ERROR - 2024-10-29 04:57:05 --> mysqli_sql_exception: Table 'test.user_profiles' doesn't exist in C:\xampp\htdocs\odinadmin\vendor\codeigniter4\framework\system\Database\MySQLi\Connection.php:306
Stack trace:
#0 C:\xampp\htdocs\odinadmin\vendor\codeigniter4\framework\system\Database\MySQLi\Connection.php(306): mysqli->query('SELECT `users`....', 0)
#1 C:\xampp\htdocs\odinadmin\vendor\codeigniter4\framework\system\Database\BaseConnection.php(693): CodeIgniter\Database\MySQLi\Connection->execute('SELECT `users`....')
#2 C:\xampp\htdocs\odinadmin\vendor\codeigniter4\framework\system\Database\BaseConnection.php(607): CodeIgniter\Database\BaseConnection->simpleQuery('SELECT `users`....')
#3 C:\xampp\htdocs\odinadmin\vendor\codeigniter4\framework\system\Database\BaseBuilder.php(1616): CodeIgniter\Database\BaseConnection->query('SELECT `users`....', Array, false)
#4 C:\xampp\htdocs\odinadmin\app\Models\CandidatesModel.php(318): CodeIgniter\Database\BaseBuilder->get()
#5 C:\xampp\htdocs\odinadmin\app\Controllers\Admin\Candidates\Candidates.php(51): App\Models\CandidatesModel->getAllUserData()
#6 C:\xampp\htdocs\odinadmin\vendor\codeigniter4\framework\system\CodeIgniter.php(943): App\Controllers\Admin\Candidates\Candidates->listAllCandidates('73cf93b5dca6d2b...')
#7 C:\xampp\htdocs\odinadmin\vendor\codeigniter4\framework\system\CodeIgniter.php(503): CodeIgniter\CodeIgniter->runController(Object(App\Controllers\Admin\Candidates\Candidates))
#8 C:\xampp\htdocs\odinadmin\vendor\codeigniter4\framework\system\CodeIgniter.php(361): CodeIgniter\CodeIgniter->handleRequest(NULL, Object(Config\Cache), false)
#9 C:\xampp\htdocs\odinadmin\public\index.php(79): CodeIgniter\CodeIgniter->run()
#10 C:\xampp\htdocs\odinadmin\vendor\codeigniter4\framework\system\Commands\Server\rewrite.php(47): require_once('C:\\xampp\\htdocs...')
#11 {main}
CRITICAL - 2024-10-29 04:57:05 --> CodeIgniter\Database\Exceptions\DatabaseException: Table 'test.user_profiles' doesn't exist
in SYSTEMPATH\Database\BaseConnection.php on line 647.
 1 SYSTEMPATH\Database\BaseBuilder.php(1616): CodeIgniter\Database\BaseConnection->query('SELECT `users`.*, `user_profiles`.*
FROM `users`
JOIN `user_profiles` ON `user_profiles`.`user_id` = `users`.`id`
WHERE `user_profiles`.`role` = :user_profiles.role:', [...], false)
 2 APPPATH\Models\CandidatesModel.php(318): CodeIgniter\Database\BaseBuilder->get()
 3 APPPATH\Controllers\Admin\Candidates\Candidates.php(51): App\Models\CandidatesModel->getAllUserData()
 4 SYSTEMPATH\CodeIgniter.php(943): App\Controllers\Admin\Candidates\Candidates->listAllCandidates('73cf93b5dca6d2b1ddc94d0ddf47c713')
 5 SYSTEMPATH\CodeIgniter.php(503): CodeIgniter\CodeIgniter->runController(Object(App\Controllers\Admin\Candidates\Candidates))
 6 SYSTEMPATH\CodeIgniter.php(361): CodeIgniter\CodeIgniter->handleRequest(null, Object(Config\Cache), false)
 7 FCPATH\index.php(79): CodeIgniter\CodeIgniter->run()
 8 SYSTEMPATH\Commands\Server\rewrite.php(47): require_once('C:\\xampp\\htdocs\\odinadmin\\public\\index.php')
CRITICAL - 2024-10-29 04:57:05 --> [Caused by] CodeIgniter\Database\Exceptions\DatabaseException: Table 'test.user_profiles' doesn't exist
in SYSTEMPATH\Database\MySQLi\Connection.php on line 311.
 1 SYSTEMPATH\Database\BaseConnection.php(693): CodeIgniter\Database\MySQLi\Connection->execute('SELECT `users`.*, `user_profiles`.*
FROM `users`
JOIN `user_profiles` ON `user_profiles`.`user_id` = `users`.`id`
WHERE `user_profiles`.`role` = \'Job Seeker\'')
 2 SYSTEMPATH\Database\BaseConnection.php(607): CodeIgniter\Database\BaseConnection->simpleQuery('SELECT `users`.*, `user_profiles`.*
FROM `users`
JOIN `user_profiles` ON `user_profiles`.`user_id` = `users`.`id`
WHERE `user_profiles`.`role` = \'Job Seeker\'')
 3 SYSTEMPATH\Database\BaseBuilder.php(1616): CodeIgniter\Database\BaseConnection->query('SELECT `users`.*, `user_profiles`.*
FROM `users`
JOIN `user_profiles` ON `user_profiles`.`user_id` = `users`.`id`
WHERE `user_profiles`.`role` = :user_profiles.role:', [...], false)
 4 APPPATH\Models\CandidatesModel.php(318): CodeIgniter\Database\BaseBuilder->get()
 5 APPPATH\Controllers\Admin\Candidates\Candidates.php(51): App\Models\CandidatesModel->getAllUserData()
 6 SYSTEMPATH\CodeIgniter.php(943): App\Controllers\Admin\Candidates\Candidates->listAllCandidates('73cf93b5dca6d2b1ddc94d0ddf47c713')
 7 SYSTEMPATH\CodeIgniter.php(503): CodeIgniter\CodeIgniter->runController(Object(App\Controllers\Admin\Candidates\Candidates))
 8 SYSTEMPATH\CodeIgniter.php(361): CodeIgniter\CodeIgniter->handleRequest(null, Object(Config\Cache), false)
 9 FCPATH\index.php(79): CodeIgniter\CodeIgniter->run()
10 SYSTEMPATH\Commands\Server\rewrite.php(47): require_once('C:\\xampp\\htdocs\\odinadmin\\public\\index.php')
CRITICAL - 2024-10-29 04:57:05 --> [Caused by] mysqli_sql_exception: Table 'test.user_profiles' doesn't exist
in SYSTEMPATH\Database\MySQLi\Connection.php on line 306.
 1 SYSTEMPATH\Database\MySQLi\Connection.php(306): mysqli->query('SELECT `users`.*, `user_profiles`.*
FROM `users`
JOIN `user_profiles` ON `user_profiles`.`user_id` = `users`.`id`
WHERE `user_profiles`.`role` = \'Job Seeker\'', 0)
 2 SYSTEMPATH\Database\BaseConnection.php(693): CodeIgniter\Database\MySQLi\Connection->execute('SELECT `users`.*, `user_profiles`.*
FROM `users`
JOIN `user_profiles` ON `user_profiles`.`user_id` = `users`.`id`
WHERE `user_profiles`.`role` = \'Job Seeker\'')
 3 SYSTEMPATH\Database\BaseConnection.php(607): CodeIgniter\Database\BaseConnection->simpleQuery('SELECT `users`.*, `user_profiles`.*
FROM `users`
JOIN `user_profiles` ON `user_profiles`.`user_id` = `users`.`id`
WHERE `user_profiles`.`role` = \'Job Seeker\'')
 4 SYSTEMPATH\Database\BaseBuilder.php(1616): CodeIgniter\Database\BaseConnection->query('SELECT `users`.*, `user_profiles`.*
FROM `users`
JOIN `user_profiles` ON `user_profiles`.`user_id` = `users`.`id`
WHERE `user_profiles`.`role` = :user_profiles.role:', [...], false)
 5 APPPATH\Models\CandidatesModel.php(318): CodeIgniter\Database\BaseBuilder->get()
 6 APPPATH\Controllers\Admin\Candidates\Candidates.php(51): App\Models\CandidatesModel->getAllUserData()
 7 SYSTEMPATH\CodeIgniter.php(943): App\Controllers\Admin\Candidates\Candidates->listAllCandidates('73cf93b5dca6d2b1ddc94d0ddf47c713')
 8 SYSTEMPATH\CodeIgniter.php(503): CodeIgniter\CodeIgniter->runController(Object(App\Controllers\Admin\Candidates\Candidates))
 9 SYSTEMPATH\CodeIgniter.php(361): CodeIgniter\CodeIgniter->handleRequest(null, Object(Config\Cache), false)
10 FCPATH\index.php(79): CodeIgniter\CodeIgniter->run()
11 SYSTEMPATH\Commands\Server\rewrite.php(47): require_once('C:\\xampp\\htdocs\\odinadmin\\public\\index.php')
INFO - 2024-10-29 04:59:29 --> Session: Class initialized using 'CodeIgniter\Session\Handlers\FileHandler' driver.
